\BOOKMARK [0][-]{chapter.1}{\376\377\000I\000n\000t\000r\000o\000d\000u\000c\000t\000i\000o\000n}{}% 1
\BOOKMARK [1][-]{section.1.1}{\376\377\000G\000i\036\333\000i\000\040\000t\000h\000i\036\307\000u\000\040\001\021\036\301\000\040\000t\000\340\000i\000\040\000v\000\340\000\040\001\020\036\267\000t\000\040\000v\036\245\000n\000\040\001\021\036\301}{chapter.1}% 2
\BOOKMARK [2][-]{subsection.1.1.1}{\376\377\000L\000\375\000\040\000d\000o\000\040\000c\000h\036\315\000n\000\040\001\021\036\301\000\040\000t\000\340\000i\000\040\000\050\000M\000o\000t\000i\000v\000a\000t\000i\000o\000n\000\051}{section.1.1}% 3
\BOOKMARK [2][-]{subsection.1.1.2}{\376\377\000M\036\345\000c\000\040\000t\000i\000\352\000u\000\040\000n\000g\000h\000i\000\352\000n\000\040\000c\036\351\000u\000\040\000\050\000R\000e\000s\000e\000a\000r\000c\000h\000\040\000O\000b\000j\000e\000c\000t\000i\000v\000e\000s\000\051}{section.1.1}% 4
\BOOKMARK [2][-]{subsection.1.1.3}{\376\377\001\020\036\321\000i\000\040\000t\001\260\036\343\000n\000g\000\040\000v\000\340\000\040\000P\000h\036\241\000m\000\040\000v\000i\000\040\000n\000g\000h\000i\000\352\000n\000\040\000c\036\351\000u}{section.1.1}% 5
\BOOKMARK [2][-]{subsection.1.1.4}{\376\377\000\335\000\040\000n\000g\000h\001\051\000a\000\040\000k\000h\000o\000a\000\040\000h\036\315\000c\000\040\000v\000\340\000\040\000t\000h\036\361\000c\000\040\000t\000i\036\305\000n}{section.1.1}% 6
\BOOKMARK [0][-]{chapter.2}{\376\377\000T\000h\000e\000o\000r\000y}{}% 7
\BOOKMARK [1][-]{section.2.1}{\376\377\000M\000\364\000\040\000h\000\354\000n\000h\000\040\001\020\036\321\000i\000\040\000t\001\260\036\343\000n\000g\000\040\000T\000\355\000n\000h\000\040\000t\000o\000\341\000n\000\040\000C\000O\000K\000B}{chapter.2}% 8
\BOOKMARK [2][-]{subsection.2.1.1}{\376\377\000T\000h\000\340\000n\000h\000\040\000p\000h\036\247\000n\000\040\000H\036\307\000\040\000t\000h\036\321\000n\000g\000\040\000t\000r\000i\000\040\000t\000h\036\351\000c\000\040\000C\000O\000K\000B}{section.2.1}% 9
\BOOKMARK [2][-]{subsection.2.1.2}{\376\377\000M\000\364\000\040\000h\000\354\000n\000h\000\040\001\020\036\321\000i\000\040\000t\001\260\036\343\000n\000g\000\040\000T\000\355\000n\000h\000\040\000t\000o\000\341\000n\000\040\000\050\000C\000o\000m\000p\000u\000t\000a\000t\000i\000o\000n\000a\000l\000\040\000O\000b\000j\000e\000c\000t\000\051}{section.2.1}% 10
\BOOKMARK [2][-]{subsection.2.1.3}{\376\377\000P\000h\000\342\000n\000\040\000c\036\245\000p\000\040\000K\000h\000\341\000i\000\040\000n\000i\036\307\000m\000\040\000\050\000C\000o\000n\000c\000e\000p\000t\000\040\000L\000e\000v\000e\000l\000s\000\051}{section.2.1}% 11
\BOOKMARK [1][-]{section.2.2}{\376\377\000C\001\241\000\040\000c\000h\036\277\000\040\000S\000u\000y\000\040\000l\000u\036\255\000n\000\040\000v\000\340\000\040\000G\000i\036\243\000i\000\040\000q\000u\000y\036\277\000t\000\040\000v\036\245\000n\000\040\001\021\036\301}{chapter.2}% 12
\BOOKMARK [2][-]{subsection.2.2.1}{\376\377\000C\000\341\000c\000\040\000Q\000u\000y\000\040\000t\036\257\000c\000\040\000S\000u\000y\000\040\000l\000u\036\255\000n\000\040\000\050\000I\000n\000f\000e\000r\000e\000n\000c\000e\000\040\000R\000u\000l\000e\000s\000\051}{section.2.2}% 13
\BOOKMARK [2][-]{subsection.2.2.2}{\376\377\000T\000h\000u\036\255\000t\000\040\000t\000o\000\341\000n\000\040\000T\000\354\000m\000\040\000b\000a\000o\000\040\001\021\000\363\000n\000g\000\040\000\050\000F\000-\000C\000l\000o\000s\000u\000r\000e\000\040\000A\000l\000g\000o\000r\000i\000t\000h\000m\000\051}{section.2.2}% 14
\BOOKMARK [2][-]{subsection.2.2.3}{\376\377\000C\000h\000i\036\277\000n\000\040\000l\001\260\036\343\000c\000\040\000G\000i\036\243\000i\000\040\000b\000\340\000i\000\040\000t\000o\000\341\000n\000:\000\040\000H\000e\000u\000r\000i\000s\000t\000i\000c\000s}{section.2.2}% 15
\BOOKMARK [0][-]{chapter.3}{\376\377\000D\000e\000s\000i\000g\000n}{}% 16
\BOOKMARK [1][-]{section.3.1}{\376\377\000K\000h\036\243\000o\000\040\000s\000\341\000t\000\040\000H\000i\036\307\000n\000\040\000t\000r\036\241\000n\000g\000\040\000\040\000M\036\345\000c\000\040\000t\000i\000\352\000u\000\040\000\050\000S\000u\000r\000v\000e\000y\000\040\000\040\000O\000b\000j\000e\000c\000t\000i\000v\000e\000s\000\051}{chapter.3}% 17
\BOOKMARK [2][-]{subsection.3.1.1}{\376\377\000K\000h\036\243\000o\000\040\000s\000\341\000t\000\040\000H\000i\036\307\000n\000\040\000t\000r\036\241\000n\000g\000\040\000\050\000C\000u\000r\000r\000e\000n\000t\000\040\000S\000t\000a\000t\000e\000\040\000S\000u\000r\000v\000e\000y\000\051}{section.3.1}% 18
\BOOKMARK [2][-]{subsection.3.1.2}{\376\377\000M\036\345\000c\000\040\000t\000i\000\352\000u\000\040\000N\000g\000h\000i\000\352\000n\000\040\000c\036\351\000u\000\040\000\050\000R\000e\000s\000e\000a\000r\000c\000h\000\040\000O\000b\000j\000e\000c\000t\000i\000v\000e\000s\000\051}{section.3.1}% 19
\BOOKMARK [1][-]{section.3.2}{\376\377\000T\000\341\000c\000\040\000n\000h\000\342\000n\000\040\000\040\000V\000a\000i\000\040\000t\000r\000\362\000\040\000H\036\307\000\040\000t\000h\036\321\000n\000g\000\040\000\050\000A\000c\000t\000o\000r\000s\000\040\000\040\000R\000o\000l\000e\000s\000\051}{chapter.3}% 20
\BOOKMARK [2][-]{subsection.3.2.1}{\376\377\000P\000h\000\342\000n\000\040\000l\000o\036\241\000i\000\040\000N\000g\001\260\036\335\000i\000\040\000d\000\371\000n\000g}{section.3.2}% 21
\BOOKMARK [2][-]{subsection.3.2.2}{\376\377\000M\000\364\000\040\000h\000\354\000n\000h\000\040\000P\000h\000\342\000n\000\040\000q\000u\000y\036\301\000n\000\040\000\050\000R\000B\000A\000C\000\051}{section.3.2}% 22
\BOOKMARK [1][-]{section.3.3}{\376\377\000S\001\241\000\040\001\021\036\323\000\040\000H\000o\036\241\000t\000\040\001\021\036\331\000n\000g\000\040\000T\036\325\000n\000g\000\040\000q\000u\000\341\000t\000\040\000\050\000V\000i\000s\000u\000a\000l\000\040\000O\000v\000e\000r\000v\000i\000e\000w\000\051}{chapter.3}% 23
\BOOKMARK [2][-]{subsection.3.3.1}{\376\377\000S\001\241\000\040\001\021\036\323\000\040\000U\000s\000e\000\040\000C\000a\000s\000e\000\040\000T\036\325\000n\000g\000\040\000q\000u\000\341\000t}{section.3.3}% 24
\BOOKMARK [2][-]{subsection.3.3.2}{\376\377\000S\001\241\000\040\001\021\036\323\000\040\000S\000e\000q\000u\000e\000n\000c\000e\000\040\000H\036\307\000\040\000t\000h\036\321\000n\000g}{section.3.3}% 25
\BOOKMARK [1][-]{section.3.4}{\376\377\001\020\036\267\000c\000\040\000t\036\243\000\040\000Y\000\352\000u\000\040\000c\036\247\000u\000\040\000H\036\307\000\040\000t\000h\036\321\000n\000g\000\040\000M\000a\000s\000t\000e\000r\000\040\000\050\000M\000a\000s\000t\000e\000r\000\040\000R\000e\000q\000u\000i\000r\000e\000m\000e\000n\000t\000s\000\051}{chapter.3}% 26
\BOOKMARK [2][-]{subsection.3.4.1}{\376\377\000Y\000\352\000u\000\040\000c\036\247\000u\000\040\000C\000h\036\351\000c\000\040\000n\001\003\000n\000g\000\040\000\050\000F\000u\000n\000c\000t\000i\000o\000n\000a\000l\000\040\000R\000e\000q\000u\000i\000r\000e\000m\000e\000n\000t\000s\000\051}{section.3.4}% 27
\BOOKMARK [2][-]{subsection.3.4.2}{\376\377\000Y\000\352\000u\000\040\000c\036\247\000u\000\040\000C\000h\036\351\000c\000\040\000n\001\003\000n\000g\000\040\000t\000h\000e\000o\000\040\000T\036\247\000n\000g\000\040\000K\000i\036\277\000n\000\040\000t\000r\000\372\000c\000\040\000\050\0004\000\040\000T\000i\000e\000r\000s\000\051}{section.3.4}% 28
\BOOKMARK [2][-]{subsection.3.4.3}{\376\377\000B\036\243\000n\000\040\001\021\036\323\000\040\000C\000h\036\351\000c\000\040\000n\001\003\000n\000g\000\040\000K\000B\000Q\000L\000\040\000\050\000D\000e\000t\000a\000i\000l\000e\000d\000\040\000R\000e\000g\000i\000s\000t\000r\000y\000\051}{section.3.4}% 29
\BOOKMARK [2][-]{subsection.3.4.4}{\376\377\000Y\000\352\000u\000\040\000c\036\247\000u\000\040\000P\000h\000i\000\040\000c\000h\036\351\000c\000\040\000n\001\003\000n\000g\000\040\000\050\000N\000o\000n\000-\000f\000u\000n\000c\000t\000i\000o\000n\000a\000l\000\051}{section.3.4}% 30
\BOOKMARK [0][-]{chapter.4}{\376\377\000A\000r\000c\000h\000i\000t\000e\000c\000t\000u\000r\000e}{}% 31
\BOOKMARK [1][-]{section.4.1}{\376\377\000T\036\325\000n\000g\000\040\000q\000u\000a\000n\000\040\000K\000i\036\277\000n\000\040\000t\000r\000\372\000c\000\040\000\050\000S\000y\000s\000t\000e\000m\000\040\000O\000v\000e\000r\000v\000i\000e\000w\000\051}{chapter.4}% 32
\BOOKMARK [2][-]{subsection.4.1.1}{\376\377\000M\000\364\000\040\000h\000\354\000n\000h\000\040\000K\000i\036\277\000n\000\040\000t\000r\000\372\000c\000\040\0004\000\040\000T\036\247\000n\000g}{section.4.1}% 33
\BOOKMARK [2][-]{subsection.4.1.2}{\376\377\000L\000u\036\323\000n\000g\000\040\000Y\000\352\000u\000\040\000c\036\247\000u\000\040\000T\036\325\000n\000g\000\040\000q\000u\000\341\000t}{section.4.1}% 34
\BOOKMARK [2][-]{subsection.4.1.3}{\376\377\000B\036\243\000o\000\040\000m\036\255\000t\000\040\000\040\000C\000h\036\251\000n\000\040\001\021\000o\000\341\000n\000\040\000H\036\307\000\040\000t\000h\036\321\000n\000g}{section.4.1}% 35
\BOOKMARK [2][-]{subsection.4.1.4}{\376\377\000C\000\364\000n\000g\000\040\000n\000g\000h\036\307\000\040\000S\036\355\000\040\000d\036\345\000n\000g\000\040\000\050\000T\000e\000c\000h\000n\000o\000l\000o\000g\000y\000\040\000S\000t\000a\000c\000k\000\051}{section.4.1}% 36
\BOOKMARK [1][-]{section.4.2}{\376\377\000T\036\247\000n\000g\000\040\036\350\000n\000g\000\040\000d\036\345\000n\000g\000\040\000\050\000A\000p\000p\000l\000i\000c\000a\000t\000i\000o\000n\000\040\000L\000a\000y\000e\000r\000\051}{chapter.4}% 37
\BOOKMARK [2][-]{subsection.4.2.1}{\376\377\000K\000B\000M\000S\000\040\000S\000t\000u\000d\000i\000o\000\040\000\050\000I\000D\000E\000\040\000C\000h\000u\000y\000\352\000n\000\040\000n\000g\000h\000i\036\307\000p\000\051}{section.4.2}% 38
\BOOKMARK [2][-]{subsection.4.2.2}{\376\377\000K\000B\000M\000S\000\040\000C\000L\000I\000\040\000\050\000C\000o\000m\000m\000a\000n\000d\000\040\000L\000i\000n\000e\000\040\000I\000n\000t\000e\000r\000f\000a\000c\000e\000\051}{section.4.2}% 39
\BOOKMARK [1][-]{section.4.3}{\376\377\000T\036\247\000n\000g\000\040\000M\036\241\000n\000g\000\040\000\050\000N\000e\000t\000w\000o\000r\000k\000\040\000L\000a\000y\000e\000r\000\051}{chapter.4}% 40
\BOOKMARK [2][-]{subsection.4.3.1}{\376\377\000G\000i\000a\000o\000\040\000t\000h\036\351\000c\000\040\000N\000h\036\313\000\040\000p\000h\000\342\000n\000\040\000\050\000C\000u\000s\000t\000o\000m\000\040\000B\000i\000n\000a\000r\000y\000\040\000P\000r\000o\000t\000o\000c\000o\000l\000\051}{section.4.3}% 41
\BOOKMARK [2][-]{subsection.4.3.2}{\376\377\000Q\000u\036\243\000n\000\040\000l\000\375\000\040\000K\036\277\000t\000\040\000n\036\321\000i\000\040\000\050\000C\000o\000n\000n\000e\000c\000t\000i\000o\000n\000\040\000M\000a\000n\000a\000g\000e\000r\000\051}{section.4.3}% 42
\BOOKMARK [1][-]{section.4.4}{\376\377\000T\036\247\000n\000g\000\040\000M\000\341\000y\000\040\000c\000h\036\347\000\040\000\050\000S\000e\000r\000v\000e\000r\000\040\000L\000a\000y\000e\000r\000\051}{chapter.4}% 43
\BOOKMARK [2][-]{subsection.4.4.1}{\376\377\000K\000n\000o\000w\000l\000e\000d\000g\000e\000\040\000M\000a\000n\000a\000g\000e\000r\000\040\000\050\000O\000r\000c\000h\000e\000s\000t\000r\000a\000t\000o\000r\000\051}{section.4.4}% 44
\BOOKMARK [2][-]{subsection.4.4.2}{\376\377\000K\000B\000Q\000L\000\040\000P\000a\000r\000s\000e\000r\000\040\000\040\000C\000o\000m\000p\000i\000l\000e\000r}{section.4.4}% 45
\BOOKMARK [2][-]{subsection.4.4.3}{\376\377\000R\000e\000a\000s\000o\000n\000i\000n\000g\000\040\000E\000n\000g\000i\000n\000e\000\040\000\050\000B\036\331\000\040\000m\000\341\000y\000\040\000S\000u\000y\000\040\000d\000i\036\305\000n\000\051}{section.4.4}% 46
\BOOKMARK [2][-]{subsection.4.4.4}{\376\377\000D\036\313\000c\000h\000\040\000v\036\345\000\040\000B\036\243\000o\000\040\000m\036\255\000t\000\040\000\040\000X\000\341\000c\000\040\000t\000h\036\361\000c\000\040\000\050\000S\000e\000c\000u\000r\000i\000t\000y\000\040\000\040\000A\000u\000t\000h\000\051}{section.4.4}% 47
\BOOKMARK [2][-]{subsection.4.4.5}{\376\377\000H\036\307\000\040\000t\000h\036\321\000n\000g\000\040\000N\000h\036\255\000t\000\040\000k\000\375\000\040\000\040\000C\000h\036\251\000n\000\040\001\021\000o\000\341\000n\000\040\000\050\000N\000a\000t\000i\000v\000e\000\040\000L\000o\000g\000g\000i\000n\000g\000\051}{section.4.4}% 48
\BOOKMARK [1][-]{section.4.5}{\376\377\000T\036\247\000n\000g\000\040\000L\001\260\000u\000\040\000t\000r\036\357\000\040\000\050\000S\000t\000o\000r\000a\000g\000e\000\040\000L\000a\000y\000e\000r\000\051}{chapter.4}% 49
\BOOKMARK [2][-]{subsection.4.5.1}{\376\377\000\301\000n\000h\000\040\000x\036\241\000\040\000T\000h\000\340\000n\000h\000\040\000p\000h\036\247\000n\000\040\000H\036\307\000\040\000t\000h\036\321\000n\000g}{section.4.5}% 50
\BOOKMARK [2][-]{subsection.4.5.2}{\376\377\000Q\000u\036\243\000n\000\040\000l\000\375\000\040\000T\000r\000a\000n\000g\000\040\000\050\000P\000h\000y\000s\000i\000c\000a\000l\000\040\000P\000a\000g\000i\000n\000g\000\051}{section.4.5}% 51
\BOOKMARK [2][-]{subsection.4.5.3}{\376\377\000C\036\245\000u\000\040\000t\000r\000\372\000c\000\040\000C\000h\036\311\000\040\000m\036\345\000c\000\040\000\050\000B\000+\000\040\000T\000r\000e\000e\000\040\000I\000n\000d\000e\000x\000i\000n\000g\000\051}{section.4.5}% 52
\BOOKMARK [2][-]{subsection.4.5.4}{\376\377\001\020\000i\036\301\000u\000\040\000p\000h\036\321\000i\000\040\000T\000r\000u\000y\000\040\000c\036\255\000p\000\040\001\020\036\323\000n\000g\000\040\000t\000h\036\335\000i\000\040\000\050\000L\000a\000t\000c\000h\000i\000n\000g\000\040\000\040\000P\000i\000n\000n\000i\000n\000g\000\051}{section.4.5}% 53
\BOOKMARK [2][-]{subsection.4.5.5}{\376\377\000B\036\243\000o\000\040\000m\036\255\000t\000\040\000D\036\357\000\040\000l\000i\036\307\000u\000\040\000\050\000E\000n\000c\000r\000y\000p\000t\000i\000o\000n\000\051}{section.4.5}% 54
\BOOKMARK [1][-]{section.4.6}{\376\377\001\020\036\321\000i\000\040\000s\000o\000\341\000t\000\040\000Y\000\352\000u\000\040\000c\036\247\000u\000\040\000K\036\371\000\040\000t\000h\000u\036\255\000t\000\040\000\050\000R\000e\000q\000u\000i\000r\000e\000m\000e\000n\000t\000s\000\040\000S\000p\000e\000c\000\051}{chapter.4}% 55
\BOOKMARK [2][-]{subsection.4.6.1}{\376\377\000Y\000\352\000u\000\040\000c\036\247\000u\000\040\000C\000h\036\351\000c\000\040\000n\001\003\000n\000g\000\040\000\050\000F\000u\000n\000c\000t\000i\000o\000n\000a\000l\000\040\000R\000e\000q\000u\000i\000r\000e\000m\000e\000n\000t\000s\000\051}{section.4.6}% 56
\BOOKMARK [2][-]{subsection.4.6.2}{\376\377\000Y\000\352\000u\000\040\000c\036\247\000u\000\040\000P\000h\000i\000\040\000c\000h\036\351\000c\000\040\000n\001\003\000n\000g\000\040\000\050\000N\000o\000n\000-\000f\000u\000n\000c\000t\000i\000o\000n\000a\000l\000\040\000R\000e\000q\000u\000i\000r\000e\000m\000e\000n\000t\000s\000\051}{section.4.6}% 57
\BOOKMARK [0][-]{chapter.5}{\376\377\000M\000o\000d\000e\000l\000s}{}% 58
\BOOKMARK [1][-]{section.5.1}{\376\377\000K\000i\036\277\000n\000\040\000t\000r\000\372\000c\000\040\000M\000\364\000\040\000h\000\354\000n\000h\000\040\000C\000O\000K\000B}{chapter.5}% 59
\BOOKMARK [2][-]{subsection.5.1.1}{\376\377\000T\000h\000\340\000n\000h\000\040\000p\000h\036\247\000n\000\040\000c\036\347\000a\000\040\000m\000\364\000\040\000h\000\354\000n\000h\000\040\000C\000O\000K\000B}{section.5.1}% 60
\BOOKMARK [2][-]{subsection.5.1.2}{\376\377\000K\000i\036\303\000m\000\040\000t\000h\036\355\000\040\000M\000\364\000\040\000h\000\354\000n\000h\000\040\000\050\000M\000o\000d\000e\000l\000\040\000V\000e\000r\000i\000f\000i\000c\000a\000t\000i\000o\000n\000\051}{section.5.1}% 61
\BOOKMARK [1][-]{section.5.2}{\376\377\001\020\036\267\000c\000\040\000t\036\243\000\040\000K\000h\000\341\000i\000\040\000n\000i\036\307\000m\000\040\000\050\000C\000o\000n\000c\000e\000p\000t\000\040\000S\000p\000e\000c\000i\000f\000i\000c\000a\000t\000i\000o\000n\000\051}{chapter.5}% 62
\BOOKMARK [2][-]{subsection.5.2.1}{\376\377\000X\000\341\000c\000\040\000t\000h\036\361\000c\000\040\000L\001\260\036\343\000c\000\040\001\021\036\323\000\040\000\050\000S\000c\000h\000e\000m\000a\000\040\000V\000a\000l\000i\000d\000a\000t\000i\000o\000n\000\051}{section.5.2}% 63
\BOOKMARK [1][-]{section.5.3}{\376\377\000T\000h\036\361\000c\000\040\000t\000h\036\303\000\040\001\020\036\321\000i\000\040\000t\001\260\036\343\000n\000g\000\040\000\050\000O\000b\000j\000e\000c\000t\000\040\000I\000n\000s\000t\000a\000n\000c\000e\000s\000\051}{chapter.5}% 64
\BOOKMARK [2][-]{subsection.5.3.1}{\376\377\000K\000i\036\303\000m\000\040\000t\000h\036\355\000\040\000D\036\357\000\040\000l\000i\036\307\000u\000\040\000\050\000T\000r\000u\000e\000\040\000T\000y\000p\000i\000n\000g\000\051}{section.5.3}% 65
\BOOKMARK [1][-]{section.5.4}{\376\377\000T\000h\000\340\000n\000h\000\040\000p\000h\036\247\000n\000\040\000L\000u\036\255\000t\000\040\000\040\000L\000o\000g\000i\000c\000\040\000\050\000R\000u\000l\000e\000s\000\040\000\040\000L\000o\000g\000i\000c\000\051}{chapter.5}% 66
\BOOKMARK [2][-]{subsection.5.4.1}{\376\377\000K\000i\036\303\000m\000\040\000t\000h\036\355\000\040\000S\000u\000y\000\040\000d\000i\036\305\000n\000\040\000\050\000F\000o\000r\000w\000a\000r\000d\000\040\000C\000h\000a\000i\000n\000i\000n\000g\000\040\000T\000e\000s\000t\000i\000n\000g\000\051}{section.5.4}% 67
\BOOKMARK [1][-]{section.5.5}{\376\377\000B\036\331\000\040\000K\000i\036\303\000m\000\040\000t\000h\036\355\000\040\000T\000\355\000c\000h\000\040\000h\036\343\000p\000\040\000\050\000I\000n\000t\000e\000g\000r\000a\000t\000i\000o\000n\000\040\000T\000e\000s\000t\000i\000n\000g\000\051}{chapter.5}% 68
\BOOKMARK [0][-]{chapter.6}{\376\377\000R\000e\000f\000e\000r\000e\000n\000c\000e}{}% 69
\BOOKMARK [1][-]{section.6.1}{\376\377\000G\000i\036\333\000i\000\040\000t\000h\000i\036\307\000u\000\040\000v\036\301\000\040\000N\000g\000\364\000n\000\040\000n\000g\036\357\000\040\000T\000r\000u\000y\000\040\000v\036\245\000n\000\040\000K\000B\000Q\000L}{chapter.6}% 70
\BOOKMARK [2][-]{subsection.6.1.1}{\376\377\000T\000r\000i\036\277\000t\000\040\000l\000\375\000\040\000T\000h\000i\036\277\000t\000\040\000k\036\277}{section.6.1}% 71
\BOOKMARK [2][-]{subsection.6.1.2}{\376\377\000C\000\341\000c\000\040\000T\000h\000\340\000n\000h\000\040\000p\000h\036\247\000n\000\040\000C\000h\000\355\000n\000h\000\040\000c\036\347\000a\000\040\000K\000B\000Q\000L}{section.6.1}% 72
\BOOKMARK [2][-]{subsection.6.1.3}{\376\377\000H\036\327\000\040\000t\000r\036\343\000\040\000C\000h\036\311\000n\000h\000\040\000s\036\355\000a\000\040\000\050\000A\000L\000T\000E\000R\000\040\000S\000u\000p\000p\000o\000r\000t\000\051}{section.6.1}% 73
\BOOKMARK [2][-]{subsection.6.1.4}{\376\377\000K\000i\036\303\000u\000\040\000D\036\357\000\040\000l\000i\036\307\000u\000\040\000H\036\327\000\040\000t\000r\036\343\000\040\000\050\000D\000a\000t\000a\000\040\000T\000y\000p\000e\000s\000\051}{section.6.1}% 74
\BOOKMARK [2][-]{subsection.6.1.5}{\376\377\000K\000h\000\341\000i\000\040\000n\000i\036\307\000m\000\040\000C\036\321\000t\000\040\000l\000\365\000i}{section.6.1}% 75
\BOOKMARK [1][-]{section.6.2}{\376\377\001\020\036\313\000n\000h\000\040\000n\000g\000h\001\051\000a\000\040\000T\000r\000i\000\040\000t\000h\036\351\000c\000\040\000\050\000K\000D\000L\000\051}{chapter.6}% 76
\BOOKMARK [2][-]{subsection.6.2.1}{\376\377\000Q\000u\036\243\000n\000\040\000l\000\375\000\040\000C\001\241\000\040\000s\036\337\000\040\000T\000r\000i\000\040\000t\000h\036\351\000c\000\040\000\050\000K\000n\000o\000w\000l\000e\000d\000g\000e\000\040\000B\000a\000s\000e\000\051}{section.6.2}% 77
\BOOKMARK [2][-]{subsection.6.2.2}{\376\377\001\020\036\313\000n\000h\000\040\000n\000g\000h\001\051\000a\000\040\000K\000h\000\341\000i\000\040\000n\000i\036\307\000m\000\040\000\050\000C\000o\000n\000c\000e\000p\000t\000\051}{section.6.2}% 78
\BOOKMARK [2][-]{subsection.6.2.3}{\376\377\000Q\000u\036\243\000n\000\040\000l\000\375\000\040\000P\000h\000\342\000n\000\040\000c\036\245\000p\000\040\000\050\000H\000i\000e\000r\000a\000r\000c\000h\000y\000\051}{section.6.2}% 79
\BOOKMARK [2][-]{subsection.6.2.4}{\376\377\001\020\036\313\000n\000h\000\040\000n\000g\000h\001\051\000a\000\040\000Q\000u\000a\000n\000\040\000h\036\307\000\040\000\050\000R\000e\000l\000a\000t\000i\000o\000n\000\051}{section.6.2}% 80
\BOOKMARK [2][-]{subsection.6.2.5}{\376\377\001\020\036\313\000n\000h\000\040\000n\000g\000h\001\051\000a\000\040\000L\000u\036\255\000t\000\040\000\050\000R\000u\000l\000e\000\051}{section.6.2}% 81
\BOOKMARK [2][-]{subsection.6.2.6}{\376\377\000T\000o\000\341\000n\000\040\000t\036\355\000\040\000\040\000H\000\340\000m\000\040\000T\000\371\000y\000\040\000b\000i\036\277\000n\000\040\000\050\000O\000p\000e\000r\000a\000t\000o\000r\000\040\000\040\000F\000u\000n\000c\000t\000i\000o\000n\000\051}{section.6.2}% 82
\BOOKMARK [2][-]{subsection.6.2.7}{\376\377\000C\000\364\000n\000g\000\040\000t\000h\036\351\000c\000\040\000t\036\361\000\040\001\021\036\331\000n\000g\000\040\000\050\000C\000o\000m\000p\000u\000t\000a\000t\000i\000o\000n\000\051}{section.6.2}% 83
\BOOKMARK [2][-]{subsection.6.2.8}{\376\377\000C\000h\036\311\000\040\000m\036\345\000c\000\040\000\050\000I\000n\000d\000e\000x\000\051}{section.6.2}% 84
\BOOKMARK [2][-]{subsection.6.2.9}{\376\377\000S\036\361\000\040\000k\000i\036\307\000n\000\040\000t\036\361\000\040\001\021\036\331\000n\000g\000\040\000\050\000T\000r\000i\000g\000g\000e\000r\000\051}{section.6.2}% 85
\BOOKMARK [1][-]{section.6.3}{\376\377\000T\000h\000a\000o\000\040\000t\000\341\000c\000\040\000t\000r\000i\000\040\000t\000h\036\351\000c\000\040\000\050\000K\000M\000L\000\051}{chapter.6}% 86
\BOOKMARK [2][-]{subsection.6.3.1}{\376\377\000C\000h\000\350\000n\000\040\000S\036\361\000\040\000k\000i\036\307\000n\000\040\000\050\000I\000N\000S\000E\000R\000T\000\051}{section.6.3}% 87
\BOOKMARK [2][-]{subsection.6.3.2}{\376\377\000C\036\255\000p\000\040\000n\000h\036\255\000t\000\040\000S\036\361\000\040\000k\000i\036\307\000n\000\040\000\050\000U\000P\000D\000A\000T\000E\000\051}{section.6.3}% 88
\BOOKMARK [2][-]{subsection.6.3.3}{\376\377\000X\000\363\000a\000\040\000S\036\361\000\040\000k\000i\036\307\000n\000\040\000\050\000D\000E\000L\000E\000T\000E\000\051}{section.6.3}% 89
\BOOKMARK [2][-]{subsection.6.3.4}{\376\377\000C\000h\000u\000y\036\303\000n\000\040\001\021\036\325\000i\000\040\000D\036\357\000\040\000l\000i\036\307\000u\000\040\000\050\000I\000M\000P\000O\000R\000T\000\040\000/\000\040\000E\000X\000P\000O\000R\000T\000\051}{section.6.3}% 90
\BOOKMARK [2][-]{subsection.6.3.5}{\376\377\001\020\036\267\000c\000\040\001\021\000i\036\303\000m\000\040\000c\036\347\000a\000\040\000K\000M\000L\000\040\000t\000r\000o\000n\000g\000\040\000K\000B\000M\000S}{section.6.3}% 91
\BOOKMARK [1][-]{section.6.4}{\376\377\000T\000r\000u\000y\000\040\000v\036\245\000n\000\040\000v\000\340\000\040\000S\000u\000y\000\040\000d\000i\036\305\000n\000\040\000\050\000K\000Q\000L\000\051}{chapter.6}% 92
\BOOKMARK [2][-]{subsection.6.4.1}{\376\377\000T\000r\000u\000y\000\040\000v\036\245\000n\000\040\000D\036\357\000\040\000l\000i\036\307\000u\000\040\000\050\000S\000E\000L\000E\000C\000T\000\051}{section.6.4}% 93
\BOOKMARK [2][-]{subsection.6.4.2}{\376\377\000G\000i\036\243\000i\000\040\000q\000u\000y\036\277\000t\000\040\000T\000r\000i\000\040\000t\000h\036\351\000c\000\040\000\050\000S\000O\000L\000V\000E\000\051}{section.6.4}% 94
\BOOKMARK [2][-]{subsection.6.4.3}{\376\377\000K\000i\036\303\000m\000\040\000t\000r\000a\000\040\000H\036\307\000\040\000t\000h\036\321\000n\000g\000\040\000\050\000S\000H\000O\000W\000\051}{section.6.4}% 95
\BOOKMARK [2][-]{subsection.6.4.4}{\376\377\000P\000h\000\342\000n\000\040\000t\000\355\000c\000h\000\040\000\040\000M\000\364\000\040\000t\036\243\000\040\000\050\000D\000E\000S\000C\000R\000I\000B\000E\000\040\000/\000\040\000E\000X\000P\000L\000A\000I\000N\000\051}{section.6.4}% 96
\BOOKMARK [2][-]{subsection.6.4.5}{\376\377\000T\000r\000u\000y\000\040\000v\036\245\000n\000\040\000M\000e\000t\000a\000d\000a\000t\000a\000\040\000\050\000H\036\307\000\040\000t\000h\036\321\000n\000g\000\051}{section.6.4}% 97
\BOOKMARK [1][-]{section.6.5}{\376\377\000K\000i\036\303\000m\000\040\000s\000o\000\341\000t\000\040\000t\000r\000u\000y\000\040\000c\036\255\000p\000\040\000\050\000K\000C\000L\000\051}{chapter.6}% 98
\BOOKMARK [2][-]{subsection.6.5.1}{\376\377\000Q\000u\036\243\000n\000\040\000l\000\375\000\040\000N\000g\001\260\036\335\000i\000\040\000d\000\371\000n\000g\000\040\000\050\000U\000S\000E\000R\000\040\000M\000a\000n\000a\000g\000e\000m\000e\000n\000t\000\051}{section.6.5}% 99
\BOOKMARK [2][-]{subsection.6.5.2}{\376\377\000Q\000u\036\243\000n\000\040\000t\000r\036\313\000\040\000Q\000u\000y\036\301\000n\000\040\000h\036\241\000n\000\040\000\050\000G\000R\000A\000N\000T\000\040\000/\000\040\000R\000E\000V\000O\000K\000E\000\051}{section.6.5}% 100
\BOOKMARK [2][-]{subsection.6.5.3}{\376\377\000C\000\341\000c\000\040\000t\000h\036\361\000c\000\040\000t\000h\036\303\000\040\000Q\000u\036\243\000n\000\040\000t\000r\036\313\000\040\001\021\036\267\000c\000\040\000b\000i\036\307\000t\000\040\000\050\000S\000y\000s\000t\000e\000m\000\040\000A\000d\000m\000i\000n\000\051}{section.6.5}% 101
\BOOKMARK [1][-]{section.6.6}{\376\377\000T\000C\000L\000:\000\040\000N\000g\000\364\000n\000\040\000n\000g\036\357\000\040\000K\000i\036\303\000m\000\040\000s\000o\000\341\000t\000\040\000G\000i\000a\000o\000\040\000d\036\313\000c\000h\000\040\000\050\000T\000r\000a\000n\000s\000a\000c\000t\000i\000o\000n\000\040\000C\000o\000n\000t\000r\000o\000l\000\040\000L\000a\000n\000g\000u\000a\000g\000e\000\051}{chapter.6}% 102
\BOOKMARK [2][-]{subsection.6.6.1}{\376\377\000M\036\331\000t\000\040\000G\000i\000a\000o\000\040\000d\036\313\000c\000h\000\040\000l\000\340\000\040\000g\000\354\000?\000\040\000\050\000T\000r\000a\000n\000s\000a\000c\000t\000i\000o\000n\000\051}{section.6.6}% 103
\BOOKMARK [2][-]{subsection.6.6.2}{\376\377\000C\000\341\000c\000\040\000l\036\307\000n\000h\000\040\000G\000i\000a\000o\000\040\000d\036\313\000c\000h}{section.6.6}% 104
\BOOKMARK [2][-]{subsection.6.6.3}{\376\377\000C\000\341\000c\000\040\000l\036\307\000n\000h\000\040\000G\000i\000a\000o\000\040\000d\036\313\000c\000h}{section.6.6}% 105
\BOOKMARK [2][-]{subsection.6.6.4}{\376\377\000V\000a\000i\000\040\000t\000r\000\362\000\040\000c\036\347\000a\000\040\000G\000i\000a\000o\000\040\000d\036\313\000c\000h\000\040\000t\000r\000o\000n\000g\000\040\000K\000B\000M\000S}{section.6.6}% 106
\BOOKMARK [1][-]{section.6.7}{\376\377\000B\036\243\000o\000\040\000t\000r\000\354\000\040\000H\036\307\000\040\000t\000h\036\321\000n\000g\000\040\000\050\000M\000a\000i\000n\000t\000e\000n\000a\000n\000c\000e\000\051}{chapter.6}% 107
\BOOKMARK [2][-]{subsection.6.7.1}{\376\377\000L\036\307\000n\000h\000\040\000B\036\243\000o\000\040\000t\000r\000\354\000\040\000\050\000M\000A\000I\000N\000T\000E\000N\000A\000N\000C\000E\000\051}{section.6.7}% 108
\BOOKMARK [2][-]{subsection.6.7.2}{\376\377\000C\000\341\000c\000\040\000h\000\340\000n\000h\000\040\001\021\036\331\000n\000g\000\040\000c\036\345\000\040\000t\000h\036\303}{section.6.7}% 109
\BOOKMARK [2][-]{subsection.6.7.3}{\376\377\000T\036\247\000n\000\040\000s\000u\036\245\000t\000\040\000t\000h\036\361\000c\000\040\000h\000i\036\307\000n\000\040\000b\036\243\000n\000\040\000k\000h\000u\000y\036\277\000n\000\040\000n\000g\000h\036\313}{section.6.7}% 110
\BOOKMARK [1][-]{section.6.8}{\376\377\000B\000i\036\303\000u\000\040\000t\000h\036\351\000c\000\040\000v\000\340\000\040\000H\000\340\000m\000\040\000s\036\321\000\040\000\050\000E\000x\000p\000r\000e\000s\000s\000i\000o\000n\000s\000\051}{chapter.6}% 111
\BOOKMARK [2][-]{subsection.6.8.1}{\376\377\000T\000o\000\341\000n\000\040\000t\036\355\000\040\000C\001\241\000\040\000b\036\243\000n\000\040\000\050\000O\000p\000e\000r\000a\000t\000o\000r\000s\000\051}{section.6.8}% 112
\BOOKMARK [2][-]{subsection.6.8.2}{\376\377\000H\000\340\000m\000\040\000T\000\355\000c\000h\000\040\000h\036\343\000p\000\040\000\050\000B\000u\000i\000l\000t\000-\000i\000n\000\040\000F\000u\000n\000c\000t\000i\000o\000n\000s\000\051}{section.6.8}% 113
\BOOKMARK [2][-]{subsection.6.8.3}{\376\377\000C\000\341\000c\000h\000\040\000s\036\355\000\040\000d\036\345\000n\000g\000\040\000t\000r\000o\000n\000g\000\040\000C\000A\000L\000C\000\050\000\051}{section.6.8}% 114
\BOOKMARK [2][-]{subsection.6.8.4}{\376\377\000T\001\260\001\241\000n\000g\000\040\000t\000\341\000c\000\040\000v\036\333\000i\000\040\000B\000i\036\277\000n\000\040\000\050\000V\000a\000r\000i\000a\000b\000l\000e\000s\000\051}{section.6.8}% 115
\BOOKMARK [2][-]{subsection.6.8.5}{\376\377\000L\001\260\000u\000\040\000\375\000\040\000v\036\301\000\040\000H\000i\036\307\000u\000\040\000n\001\003\000n\000g}{section.6.8}% 116
\BOOKMARK [1][-]{section.6.9}{\376\377\000C\000\341\000c\000\040\000t\000r\001\260\036\335\000n\000g\000\040\000h\036\343\000p\000\040\000C\000h\000u\000y\000\352\000n\000\040\000g\000i\000a\000\040\000\050\000E\000x\000p\000e\000r\000t\000\040\000C\000a\000s\000e\000s\000\051}{chapter.6}% 117
\BOOKMARK [2][-]{subsection.6.9.1}{\376\377\000G\000i\036\243\000i\000\040\000n\000g\001\260\036\343\000c\000\040\000P\000h\001\260\001\241\000n\000g\000\040\000t\000r\000\354\000n\000h\000\040\000\050\000I\000n\000v\000e\000r\000s\000e\000\040\000P\000r\000o\000b\000l\000e\000m\000\040\000S\000o\000l\000v\000i\000n\000g\000\051}{section.6.9}% 118
\BOOKMARK [2][-]{subsection.6.9.2}{\376\377\000S\000u\000y\000\040\000d\000i\036\305\000n\000\040\000C\000h\000\371\000m\000\040\000\050\000C\000h\000a\000i\000n\000e\000d\000\040\000I\000n\000f\000e\000r\000e\000n\000c\000e\000\051}{section.6.9}% 119
\BOOKMARK [2][-]{subsection.6.9.3}{\376\377\000P\000h\000\342\000n\000\040\000c\036\245\000p\000\040\000K\036\277\000\040\000t\000h\036\353\000a\000\040\001\020\000a\000\040\000t\036\247\000n\000g\000\040\000\050\000R\000e\000c\000u\000r\000s\000i\000v\000e\000\040\000P\000r\000o\000p\000e\000r\000t\000y\000\040\000P\000r\000o\000p\000a\000g\000a\000t\000i\000o\000n\000\051}{section.6.9}% 120
\BOOKMARK [2][-]{subsection.6.9.4}{\376\377\000R\000\340\000n\000g\000\040\000b\000u\036\331\000c\000\040\000n\036\331\000i\000\040\000b\036\331\000\040\000p\000h\036\351\000c\000\040\000t\036\241\000p\000\040\000\050\000I\000n\000t\000e\000r\000n\000a\000l\000\040\000C\000o\000n\000s\000t\000r\000a\000i\000n\000t\000s\000\051}{section.6.9}% 121
\BOOKMARK [2][-]{subsection.6.9.5}{\376\377\000G\000i\036\243\000i\000\040\000h\036\307\000\040\000p\000h\001\260\001\241\000n\000g\000\040\000t\000r\000\354\000n\000h\000\040\0002\000\040\036\251\000n\000\040\000\050\000N\000e\000w\000t\000o\000n\000-\000R\000a\000p\000h\000s\000o\000n\000\040\0002\000D\000\051}{section.6.9}% 122
\BOOKMARK [2][-]{subsection.6.9.6}{\376\377\000K\036\277\000t\000\040\000h\036\343\000p\000\040\000T\000r\000i\000g\000g\000e\000r\000\040\000v\000\340\000\040\000R\000u\000l\000e\000\040\000\050\000T\000h\000e\000\040\000C\000h\000a\000i\000n\000\040\000R\000e\000a\000c\000t\000i\000o\000n\000\051}{section.6.9}% 123
\BOOKMARK [1][-]{section.6.10}{\376\377\000X\000\341\000c\000\040\000t\000h\036\361\000c\000\040\000N\000g\000\364\000n\000\040\000n\000g\036\357\000\040\000\050\000L\000a\000n\000g\000u\000a\000g\000e\000\040\000V\000a\000l\000i\000d\000a\000t\000i\000o\000n\000\051}{chapter.6}% 124
\BOOKMARK [2][-]{subsection.6.10.1}{\376\377\000K\000i\036\303\000m\000\040\000t\000h\036\355\000\040\000C\000\372\000\040\000p\000h\000\341\000p\000\040\000\050\000P\000a\000r\000s\000i\000n\000g\000\040\000T\000e\000s\000t\000\051}{section.6.10}% 125
\BOOKMARK [2][-]{subsection.6.10.2}{\376\377\000B\036\261\000n\000g\000\040\000c\000h\036\351\000n\000g\000\040\000T\000h\036\361\000c\000\040\000n\000g\000h\000i\036\307\000m\000\040\000\050\000E\000v\000i\000d\000e\000n\000c\000e\000\051}{section.6.10}% 126
\BOOKMARK [2][-]{subsection.6.10.3}{\376\377\000N\000h\036\255\000t\000\040\000k\000\375\000\040\000L\000e\000x\000e\000r\000\040\000\050\000L\000e\000x\000i\000n\000g\000\040\000P\000r\000o\000o\000f\000\051}{section.6.10}% 127
\BOOKMARK [0][-]{chapter.7}{\376\377\000S\000t\000o\000r\000a\000g\000e}{}% 128
\BOOKMARK [1][-]{section.7.1}{\376\377\000T\036\325\000n\000g\000\040\000q\000u\000a\000n\000\040\000v\036\301\000\040\000C\036\327\000\040\000m\000\341\000y\000\040\000L\001\260\000u\000\040\000t\000r\036\357\000\040\000\050\000S\000t\000o\000r\000a\000g\000e\000\040\000E\000n\000g\000i\000n\000e\000\051}{chapter.7}% 129
\BOOKMARK [2][-]{subsection.7.1.1}{\376\377\000C\036\245\000u\000\040\000t\000r\000\372\000c\000\040\000T\000r\000a\000n\000g\000\040\000\050\000P\000a\000g\000e\000\040\000S\000t\000r\000u\000c\000t\000u\000r\000e\000\051}{section.7.1}% 130
\BOOKMARK [2][-]{subsection.7.1.2}{\376\377\000P\000h\000\342\000n\000\040\000t\000\355\000c\000h\000\040\001\020\036\331\000\040\000p\000h\036\351\000c\000\040\000t\036\241\000p\000\040\000\050\000C\000o\000m\000p\000l\000e\000x\000i\000t\000y\000\040\000A\000n\000a\000l\000y\000s\000i\000s\000\051}{section.7.1}% 131
\BOOKMARK [2][-]{subsection.7.1.3}{\376\377\000Q\000u\036\243\000n\000\040\000l\000\375\000\040\000B\036\331\000\040\001\021\036\307\000m\000\040\000\050\000B\000u\000f\000f\000e\000r\000\040\000P\000o\000o\000l\000\040\000M\000a\000n\000a\000g\000e\000m\000e\000n\000t\000\051}{section.7.1}% 132
\BOOKMARK [2][-]{subsection.7.1.4}{\376\377\000H\036\241\000n\000\040\000m\036\351\000c\000\040\000K\036\371\000\040\000t\000h\000u\036\255\000t\000\040\000\050\000T\000e\000c\000h\000n\000i\000c\000a\000l\000\040\000L\000i\000m\000i\000t\000s\000\051}{section.7.1}% 133
\BOOKMARK [2][-]{subsection.7.1.5}{\376\377\000C\000h\000i\036\277\000n\000\040\000l\001\260\036\343\000c\000\040\000L\000u\036\323\000n\000g\000\040\000I\000/\000O\000\040\000\050\000I\000/\000O\000\040\000S\000t\000r\000a\000t\000e\000g\000y\000\051}{section.7.1}% 134
\BOOKMARK [2][-]{subsection.7.1.6}{\376\377\000D\000a\000n\000h\000\040\000m\036\345\000c\000\040\001\020\036\267\000c\000\040\000t\036\243\000\040\000T\036\247\000n\000g\000\040\000L\001\260\000u\000\040\000t\000r\036\357}{section.7.1}% 135
\BOOKMARK [2][-]{subsection.7.1.7}{\376\377\000N\000h\036\255\000t\000\040\000k\000\375\000\040\000g\000h\000i\000\040\000t\000r\001\260\036\333\000c\000\040\000\050\000W\000r\000i\000t\000e\000-\000A\000h\000e\000a\000d\000\040\000L\000o\000g\000g\000i\000n\000g\000\040\000-\000\040\000W\000A\000L\000\051}{section.7.1}% 136
\BOOKMARK [2][-]{subsection.7.1.8}{\376\377\001\020\036\313\000n\000h\000\040\000d\036\241\000n\000g\000\040\000T\036\307\000p\000\040\000t\000i\000n}{section.7.1}% 137
\BOOKMARK [2][-]{subsection.7.1.9}{\376\377\000K\036\277\000\040\000h\000o\036\241\000c\000h\000\040\000T\000r\000i\036\303\000n\000\040\000k\000h\000a\000i\000\040\000\050\000I\000m\000p\000l\000e\000m\000e\000n\000t\000a\000t\000i\000o\000n\000\040\000S\000t\000r\000a\000t\000e\000g\000y\000\051}{section.7.1}% 138
\BOOKMARK [1][-]{section.7.2}{\376\377\000C\036\245\000u\000\040\000t\000r\000\372\000c\000\040\000C\000\342\000y\000\040\000B\000+\000\040\000T\000r\000e\000e}{chapter.7}% 139
\BOOKMARK [2][-]{subsection.7.2.1}{\376\377\000C\036\245\000u\000\040\000t\000r\000\372\000c\000\040\001\020\000a\000\040\000t\036\247\000n\000g\000\040\000\050\000T\000i\000e\000r\000e\000d\000\040\000S\000t\000r\000u\000c\000t\000u\000r\000e\000\051}{section.7.2}% 140
\BOOKMARK [2][-]{subsection.7.2.2}{\376\377\000Q\000u\000y\000\040\000t\000r\000\354\000n\000h\000\040\000V\036\255\000n\000\040\000h\000\340\000n\000h}{section.7.2}% 141
\BOOKMARK [2][-]{subsection.7.2.3}{\376\377\000C\000\341\000c\000\040\000T\000h\000u\036\255\000t\000\040\000t\000o\000\341\000n\000\040\000C\036\321\000t\000\040\000l\000\365\000i}{section.7.2}% 142
\BOOKMARK [2][-]{subsection.7.2.4}{\376\377\000Q\000u\036\243\000n\000\040\000l\000\375\000\040\000I\000n\000d\000e\000x\000\040\000t\000r\000o\000n\000g\000\040\000K\000B\000M\000S}{section.7.2}% 143
\BOOKMARK [2][-]{subsection.7.2.5}{\376\377\000V\000\355\000\040\000d\036\345\000\040\000m\000i\000n\000h\000\040\000h\036\315\000a}{section.7.2}% 144
\BOOKMARK [1][-]{section.7.3}{\376\377\000C\036\245\000u\000\040\000t\000r\000\372\000c\000\040\000T\000r\000a\000n\000g\000\040\000v\036\255\000t\000\040\000l\000\375\000\040\000\050\000P\000h\000y\000s\000i\000c\000a\000l\000\040\000P\000a\000g\000e\000\040\000L\000a\000y\000o\000u\000t\000\051}{chapter.7}% 145
\BOOKMARK [2][-]{subsection.7.3.1}{\376\377\000G\000i\036\243\000i\000\040\000p\000h\036\253\000u\000\040\000T\000r\000a\000n\000g\000\040\000\050\000P\000a\000g\000e\000\040\000A\000n\000a\000t\000o\000m\000y\000\051}{section.7.3}% 146
\BOOKMARK [2][-]{subsection.7.3.2}{\376\377\000V\000\355\000\040\000d\036\345\000\040\000T\000\355\000n\000h\000\040\000t\000o\000\341\000n\000\040\000\050\000C\000a\000s\000e\000\040\000S\000t\000u\000d\000y\000\051}{section.7.3}% 147
\BOOKMARK [2][-]{subsection.7.3.3}{\376\377\000C\000h\000i\000\040\000t\000i\036\277\000t\000\040\000H\000e\000a\000d\000e\000r\000\040\000\050\0002\0004\000\040\000B\000y\000t\000e\000s\000\040\000S\000t\000r\000u\000c\000t\000u\000r\000e\000\051}{section.7.3}% 148
\BOOKMARK [2][-]{subsection.7.3.4}{\376\377\000C\001\241\000\040\000c\000h\036\277\000\040\000S\000l\000o\000t\000t\000e\000d\000\040\000P\000a\000g\000e\000\040\000\050\000S\000l\000o\000t\000\040\000O\000p\000e\000r\000a\000t\000i\000o\000n\000s\000\051}{section.7.3}% 149
\BOOKMARK [2][-]{subsection.7.3.5}{\376\377\000L\036\343\000i\000\040\000\355\000c\000h\000\040\000k\036\371\000\040\000t\000h\000u\036\255\000t}{section.7.3}% 150
\BOOKMARK [1][-]{section.7.4}{\376\377\001\020\036\331\000\040\000b\036\301\000n\000\040\000\040\000P\000h\036\345\000c\000\040\000h\036\323\000i\000\040\000s\000a\000u\000\040\000s\036\361\000\040\000c\036\321\000\040\000\050\000D\000u\000r\000a\000b\000i\000l\000i\000t\000y\000\040\000\040\000R\000e\000c\000o\000v\000e\000r\000y\000\051}{chapter.7}% 151
\BOOKMARK [2][-]{subsection.7.4.1}{\376\377\000G\000i\000a\000o\000\040\000t\000h\036\351\000c\000\040\000W\000r\000i\000t\000e\000-\000A\000h\000e\000a\000d\000\040\000L\000o\000g\000g\000i\000n\000g\000\040\000\050\000W\000A\000L\000\051}{section.7.4}% 152
\BOOKMARK [2][-]{subsection.7.4.2}{\376\377\000C\001\241\000\040\000c\000h\036\277\000\040\001\020\000i\036\303\000m\000\040\000k\000i\036\303\000m\000\040\000t\000r\000a\000\040\000\050\000C\000h\000e\000c\000k\000p\000o\000i\000n\000t\000i\000n\000g\000\051}{section.7.4}% 153
\BOOKMARK [2][-]{subsection.7.4.3}{\376\377\000Q\000u\000y\000\040\000t\000r\000\354\000n\000h\000\040\000P\000h\036\345\000c\000\040\000h\036\323\000i\000\040\000\050\000R\000e\000s\000t\000a\000r\000t\000\040\000R\000e\000c\000o\000v\000e\000r\000y\000\051}{section.7.4}% 154
\BOOKMARK [2][-]{subsection.7.4.4}{\376\377\000P\000h\000\342\000n\000\040\000t\000\355\000c\000h\000\040\000H\000i\036\307\000u\000\040\000n\001\003\000n\000g}{section.7.4}% 155
\BOOKMARK [1][-]{section.7.5}{\376\377\000Q\000u\036\243\000n\000\040\000l\000\375\000\040\001\020\001\051\000a\000\040\000\040\000M\000\343\000\040\000h\000\363\000a\000\040\000\050\000D\000i\000s\000k\000\040\000M\000a\000n\000a\000g\000e\000m\000e\000n\000t\000\040\000\040\000E\000n\000c\000r\000y\000p\000t\000i\000o\000n\000\051}{chapter.7}% 156
\BOOKMARK [2][-]{subsection.7.5.1}{\376\377\000\301\000n\000h\000\040\000x\036\241\000\040\000T\000r\000a\000n\000g\000\040\000v\036\255\000t\000\040\000l\000\375\000\040\000\050\000P\000h\000y\000s\000i\000c\000a\000l\000\040\000B\000l\000o\000c\000k\000\040\000M\000a\000p\000p\000i\000n\000g\000\051}{section.7.5}% 157
\BOOKMARK [2][-]{subsection.7.5.2}{\376\377\000M\000\343\000\040\000h\000\363\000a\000\040\000L\001\260\000u\000\040\000t\000r\036\357\000\040\000\050\000A\000E\000S\000\040\000E\000n\000c\000r\000y\000p\000t\000i\000o\000n\000\051}{section.7.5}% 158
\BOOKMARK [2][-]{subsection.7.5.3}{\376\377\001\020\036\267\000c\000\040\000t\036\243\000\040\000K\000h\036\321\000i\000\040\000d\036\357\000\040\000l\000i\036\307\000u\000\040\001\021\001\051\000a\000\040\000\050\000D\000i\000s\000k\000\040\000B\000l\000o\000c\000k\000\040\000S\000p\000e\000c\000\051}{section.7.5}% 159
\BOOKMARK [2][-]{subsection.7.5.4}{\376\377\000T\000\355\000n\000h\000\040\000T\000o\000\340\000n\000\040\000v\036\271\000n\000\040\000\040\000H\000i\036\307\000u\000\040\000n\001\003\000n\000g}{section.7.5}% 160
\BOOKMARK [1][-]{section.7.6}{\376\377\001\020\036\313\000n\000h\000\040\000d\036\241\000n\000g\000\040\000T\036\307\000p\000\040\000t\000i\000n\000\040\000\050\000F\000i\000l\000e\000\040\000F\000o\000r\000m\000a\000t\000s\000\051}{chapter.7}% 161
\BOOKMARK [2][-]{subsection.7.6.1}{\376\377\000P\000h\000\342\000n\000\040\000l\000o\036\241\000i\000\040\000t\036\307\000p\000\040\000t\000i\000n\000\040\000c\000h\000\355\000n\000h}{section.7.6}% 162
\BOOKMARK [2][-]{subsection.7.6.2}{\376\377\000T\001\260\001\241\000n\000g\000\040\000t\000\341\000c\000\040\000g\000i\036\357\000a\000\040\000c\000\341\000c\000\040\000t\036\307\000p\000\040\000t\000i\000n}{section.7.6}% 163
\BOOKMARK [2][-]{subsection.7.6.3}{\376\377\000B\036\243\000o\000\040\000m\036\255\000t\000\040\000t\036\307\000p\000\040\000t\000i\000n\000\040\000\050\000E\000n\000c\000r\000y\000p\000t\000i\000o\000n\000\040\000a\000t\000\040\000R\000e\000s\000t\000\051}{section.7.6}% 164
\BOOKMARK [1][-]{section.7.7}{\376\377\000X\000\341\000c\000\040\000t\000h\036\361\000c\000\040\000L\001\260\000u\000\040\000t\000r\036\357\000\040\000\050\000S\000t\000o\000r\000a\000g\000e\000\040\000V\000a\000l\000i\000d\000a\000t\000i\000o\000n\000\051}{chapter.7}% 165
\BOOKMARK [2][-]{subsection.7.7.1}{\376\377\000K\000i\036\303\000m\000\040\000t\000h\036\355\000\040\001\020\001\241\000n\000\040\000v\036\313\000\040\000T\000r\000a\000n\000g\000\040\000\050\000P\000a\000g\000e\000-\000l\000e\000v\000e\000l\000\040\000T\000e\000s\000t\000i\000n\000g\000\051}{section.7.7}% 166
\BOOKMARK [2][-]{subsection.7.7.2}{\376\377\000K\000i\036\303\000m\000\040\000t\000h\036\355\000\040\000C\000h\036\311\000\040\000m\036\345\000c\000\040\000B\000+\000\040\000T\000r\000e\000e}{section.7.7}% 167
\BOOKMARK [2][-]{subsection.7.7.3}{\376\377\000K\000i\036\303\000m\000\040\000t\000h\036\355\000\040\000H\036\323\000i\000\040\000p\000h\036\345\000c\000\040\000\050\000W\000A\000L\000\040\000R\000e\000c\000o\000v\000e\000r\000y\000\051}{section.7.7}% 168
\BOOKMARK [0][-]{chapter.8}{\376\377\000R\000e\000a\000s\000o\000n\000i\000n\000g}{}% 169
\BOOKMARK [1][-]{subsection.8.0.1}{\376\377\000K\000i\036\277\000n\000\040\000t\000r\000\372\000c\000\040\001\020\000i\036\301\000u\000\040\000p\000h\036\321\000i\000\040\000R\000e\000a\000s\000o\000n\000i\000n\000g}{chapter.8}% 170
\BOOKMARK [2][-]{subsection.8.0.2}{\376\377\000N\000g\000u\000y\000\352\000n\000\040\000l\000\375\000\040\001\020\000\363\000n\000g\000\040\000k\000\355\000n\000\040\000T\000r\000i\000\040\000t\000h\036\351\000c\000\040\000\050\000K\000n\000o\000w\000l\000e\000d\000g\000e\000\040\000C\000l\000o\000s\000u\000r\000e\000\051}{subsection.8.0.1}% 171
\BOOKMARK [2][-]{subsection.8.0.3}{\376\377\000B\000i\036\303\000u\000\040\000d\000i\036\305\000n\000\040\000T\000r\000i\000\040\000t\000h\036\351\000c\000\040\000\050\000K\000n\000o\000w\000l\000e\000d\000g\000e\000\040\000R\000e\000p\000r\000e\000s\000e\000n\000t\000a\000t\000i\000o\000n\000\051}{subsection.8.0.1}% 172
\BOOKMARK [2][-]{subsection.8.0.4}{\376\377\000Q\000u\000y\000\040\000t\000r\000\354\000n\000h\000\040\000S\000u\000y\000\040\000d\000i\036\305\000n\000\040\000\050\000R\000e\000a\000s\000o\000n\000i\000n\000g\000\040\000L\000i\000f\000e\000c\000y\000c\000l\000e\000\051}{subsection.8.0.1}% 173
\BOOKMARK [2][-]{subsection.8.0.5}{\376\377\000C\000h\000i\036\277\000n\000\040\000l\001\260\036\343\000c\000\040\000S\000u\000y\000\040\000d\000i\036\305\000n\000:\000\040\000F\000o\000r\000w\000a\000r\000d\000\040\000v\000s\000.\000\040\000B\000a\000c\000k\000w\000a\000r\000d\000\040\000C\000h\000a\000i\000n\000i\000n\000g}{subsection.8.0.1}% 174
\BOOKMARK [2][-]{subsection.8.0.6}{\376\377\000G\000i\036\243\000i\000\040\000t\000r\000\354\000n\000h\000\040\000v\000\340\000\040\000T\000r\000u\000y\000\040\000v\036\277\000t\000\040\000\050\000T\000r\000a\000c\000e\000a\000b\000i\000l\000i\000t\000y\000\051}{subsection.8.0.1}% 175
\BOOKMARK [2][-]{subsection.8.0.7}{\376\377\000K\036\277\000\040\000h\000o\036\241\000c\000h\000\040\000T\000r\000i\036\303\000n\000\040\000k\000h\000a\000i\000\040\000M\000\343\000\040\000n\000g\000u\036\323\000n\000\040\000E\000n\000g\000i\000n\000e\000\040\000\050\000I\000m\000p\000l\000e\000m\000e\000n\000t\000a\000t\000i\000o\000n\000\040\000S\000t\000r\000a\000t\000e\000g\000y\000\051}{subsection.8.0.1}% 176
\BOOKMARK [2][-]{subsection.8.0.8}{\376\377\000C\000\341\000c\000\040\000T\000h\000u\036\255\000t\000\040\000t\000o\000\341\000n\000\040\000S\000u\000y\000\040\000d\000i\036\305\000n\000\040\000C\036\321\000t\000\040\000l\000\365\000i\000\040\000\050\000F\000o\000r\000w\000a\000r\000d\000\040\000C\000h\000a\000i\000n\000i\000n\000g\000\040\000-\000\040\000F\000C\000l\000o\000s\000u\000r\000e\000\051}{subsection.8.0.1}% 177
\BOOKMARK [2][-]{subsection.8.0.9}{\376\377\000G\000i\036\243\000i\000\040\000p\000h\001\260\001\241\000n\000g\000\040\000t\000r\000\354\000n\000h\000\040\0001\000D\000\040\000\050\000B\000r\000e\000n\000t\000'\000s\000\040\000M\000e\000t\000h\000o\000d\000\040\000-\000\040\000R\000C\0005\000\051}{subsection.8.0.1}% 178
\BOOKMARK [2][-]{subsection.8.0.10}{\376\377\000G\000i\036\243\000i\000\040\000h\036\307\000\040\000p\000h\001\260\001\241\000n\000g\000\040\000t\000r\000\354\000n\000h\000\040\0002\000D\000\040\000\050\000N\000e\000w\000t\000o\000n\000-\000R\000a\000p\000h\000s\000o\000n\000\040\000-\000\040\000R\000C\0005\000\051}{subsection.8.0.1}% 179
\BOOKMARK [2][-]{subsection.8.0.11}{\376\377\000P\000h\000\342\000n\000\040\000t\000\355\000c\000h\000\040\001\020\036\331\000\040\000p\000h\036\351\000c\000\040\000t\036\241\000p\000\040\000\050\000C\000o\000m\000p\000l\000e\000x\000i\000t\000y\000\040\000A\000n\000a\000l\000y\000s\000i\000s\000\051}{subsection.8.0.1}% 180
\BOOKMARK [2][-]{subsection.8.0.12}{\376\377\000N\000h\036\255\000t\000\040\000k\000\375\000\040\000S\000u\000y\000\040\000d\000i\036\305\000n\000\040\000\050\000R\000e\000a\000s\000o\000n\000i\000n\000g\000\040\000T\000r\000a\000c\000e\000\040\000E\000x\000a\000m\000p\000l\000e\000\051}{subsection.8.0.1}% 181
\BOOKMARK [1][-]{section.8.1}{\376\377\000X\000\341\000c\000\040\000t\000h\036\361\000c\000\040\000S\000u\000y\000\040\000d\000i\036\305\000n\000\040\000\050\000R\000e\000a\000s\000o\000n\000i\000n\000g\000\040\000V\000a\000l\000i\000d\000a\000t\000i\000o\000n\000\051}{chapter.8}% 182
\BOOKMARK [2][-]{subsection.8.1.1}{\376\377\000K\000i\036\303\000m\000\040\000t\000h\036\355\000\040\000T\000h\000u\036\255\000t\000\040\000t\000o\000\341\000n\000\040\000F\000-\000C\000l\000o\000s\000u\000r\000e}{section.8.1}% 183
\BOOKMARK [2][-]{subsection.8.1.2}{\376\377\000K\000i\036\303\000m\000\040\000t\000h\036\355\000\040\000L\000o\000g\000i\000c\000\040\000T\000o\000\341\000n\000\040\000h\036\315\000c\000\040\000\050\000S\000o\000l\000v\000e\000r\000\040\000T\000e\000s\000t\000i\000n\000g\000\051}{section.8.1}% 184
\BOOKMARK [0][-]{chapter.9}{\376\377\000N\000e\000t\000w\000o\000r\000k}{}% 185
\BOOKMARK [1][-]{section.9.1}{\376\377\000G\000i\000a\000o\000\040\000t\000h\036\351\000c\000\040\000M\036\241\000n\000g\000\040\000\050\000N\000e\000t\000w\000o\000r\000k\000\040\000P\000r\000o\000t\000o\000c\000o\000l\000\051}{chapter.9}% 186
\BOOKMARK [1][-]{section.9.2}{\376\377\000G\000i\000a\000o\000\040\000t\000h\036\351\000c\000\040\000T\000r\000u\000y\036\301\000n\000\040\000d\036\253\000n\000\040\000N\000h\036\313\000\040\000p\000h\000\342\000n\000\040\000\050\000B\000i\000n\000a\000r\000y\000\040\000P\000r\000o\000t\000o\000c\000o\000l\000\051}{chapter.9}% 187
\BOOKMARK [2][-]{subsection.9.2.1}{\376\377\000C\036\245\000u\000\040\000t\000r\000\372\000c\000\040\000G\000\363\000i\000\040\000t\000i\000n\000\040\000\050\000P\000a\000c\000k\000e\000t\000\040\000S\000t\000r\000u\000c\000t\000u\000r\000e\000\051}{section.9.2}% 188
\BOOKMARK [2][-]{subsection.9.2.2}{\376\377\000C\000\341\000c\000\040\000l\000o\036\241\000i\000\040\000T\000h\000\364\000n\000g\000\040\001\021\000i\036\307\000p\000\040\000\050\000M\000e\000s\000s\000a\000g\000e\000\040\000T\000y\000p\000e\000s\000\051}{section.9.2}% 189
\BOOKMARK [2][-]{subsection.9.2.3}{\376\377\000T\000h\000u\036\255\000t\000\040\000t\000o\000\341\000n\000\040\000X\036\355\000\040\000l\000\375\000\040\000L\000u\036\323\000n\000g\000\040\000t\000i\000n\000\040\000\050\000S\000t\000r\000e\000a\000m\000i\000n\000g\000\040\000A\000l\000g\000o\000r\000i\000t\000h\000m\000\051}{section.9.2}% 190
\BOOKMARK [2][-]{subsection.9.2.4}{\376\377\000B\036\243\000o\000\040\000m\036\255\000t\000\040\000v\000\340\000\040\000K\036\277\000t\000\040\000n\036\321\000i}{section.9.2}% 191
\BOOKMARK [2][-]{subsection.9.2.5}{\376\377\000K\000i\036\277\000n\000\040\000t\000r\000\372\000c\000\040\000X\036\355\000\040\000l\000\375\000\040\000C\000h\036\313\000u\000\040\000t\036\243\000i\000\040\000\050\000C\000o\000n\000c\000u\000r\000r\000e\000n\000c\000y\000\040\000T\000h\000r\000e\000a\000d\000i\000n\000g\000\051}{section.9.2}% 192
\BOOKMARK [2][-]{subsection.9.2.6}{\376\377\000V\000\362\000n\000g\000\040\001\021\036\335\000i\000\040\000c\036\347\000a\000\040\000m\036\331\000t\000\040\000T\000r\000u\000y\000\040\000v\036\245\000n\000\040\000\050\000Q\000u\000e\000r\000y\000\040\000L\000i\000f\000e\000c\000y\000c\000l\000e\000\051}{section.9.2}% 193
\BOOKMARK [2][-]{subsection.9.2.7}{\376\377\000L\000u\036\323\000n\000g\000\040\000x\036\355\000\040\000l\000\375\000\040\000P\000a\000c\000k\000e\000t\000\040\000\050\000P\000a\000c\000k\000e\000t\000\040\000P\000r\000o\000c\000e\000s\000s\000i\000n\000g\000\040\000F\000l\000o\000w\000\051}{section.9.2}% 194
\BOOKMARK [2][-]{subsection.9.2.8}{\376\377\000P\000h\000\342\000n\000\040\000t\000\355\000c\000h\000\040\000T\036\353\000\040\000v\036\361\000n\000g\000\040\000\050\000L\000e\000x\000e\000r\000\051}{section.9.2}% 195
\BOOKMARK [2][-]{subsection.9.2.9}{\376\377\000P\000h\000\342\000n\000\040\000t\000\355\000c\000h\000\040\000C\000\372\000\040\000p\000h\000\341\000p\000\040\000\050\000P\000a\000r\000s\000e\000r\000\040\000\040\000A\000S\000T\000\051}{section.9.2}% 196
\BOOKMARK [2][-]{subsection.9.2.10}{\376\377\000T\000h\036\361\000c\000\040\000t\000h\000i\000\040\000v\000\340\000\040\000C\036\245\000p\000\040\000p\000h\000\341\000t\000\040\000\050\000E\000x\000e\000c\000u\000t\000o\000r\000\040\000\040\000R\000o\000u\000t\000e\000r\000\051}{section.9.2}% 197
\BOOKMARK [2][-]{subsection.9.2.11}{\376\377\000L\036\255\000p\000\040\000k\036\277\000\040\000h\000o\036\241\000c\000h\000\040\000T\000h\036\361\000c\000\040\000t\000h\000i\000\040\000\050\000Q\000u\000e\000r\000y\000\040\000E\000x\000e\000c\000u\000t\000i\000o\000n\000\040\000P\000l\000a\000n\000\051}{section.9.2}% 198
\BOOKMARK [2][-]{subsection.9.2.12}{\376\377\000V\000\355\000\040\000d\036\345\000\040\000l\000u\036\323\000n\000g\000\040\000x\036\355\000\040\000l\000\375\000\040\000t\000h\036\361\000c\000\040\000t\036\277}{section.9.2}% 199
\BOOKMARK [2][-]{subsection.9.2.13}{\376\377\000K\036\277\000\040\000h\000o\036\241\000c\000h\000\040\000T\000r\000i\036\303\000n\000\040\000k\000h\000a\000i\000\040\000M\000\343\000\040\000N\000g\000u\036\323\000n\000\040\000B\000a\000c\000k\000e\000n\000d\000\040\000\050\000I\000m\000p\000l\000e\000m\000e\000n\000t\000a\000t\000i\000o\000n\000\040\000S\000t\000r\000a\000t\000e\000g\000y\000\051}{section.9.2}% 200
\BOOKMARK [1][-]{section.9.3}{\376\377\000X\000\341\000c\000\040\000t\000h\036\361\000c\000\040\000G\000i\000a\000o\000\040\000t\000h\036\351\000c\000\040\000\050\000P\000r\000o\000t\000o\000c\000o\000l\000\040\000V\000a\000l\000i\000d\000a\000t\000i\000o\000n\000\051}{chapter.9}% 201
\BOOKMARK [2][-]{subsection.9.3.1}{\376\377\000K\000i\036\303\000m\000\040\000t\000h\036\355\000\040\000G\000\363\000i\000\040\000t\000i\000n\000\040\000N\000h\036\313\000\040\000p\000h\000\342\000n\000\040\000\050\000B\000i\000n\000a\000r\000y\000\040\000P\000a\000c\000k\000e\000t\000\040\000T\000e\000s\000t\000i\000n\000g\000\051}{section.9.3}% 202
\BOOKMARK [2][-]{subsection.9.3.2}{\376\377\000K\000i\036\303\000m\000\040\000t\000h\036\355\000\040\000T\036\243\000i\000\040\000K\036\277\000t\000\040\000n\036\321\000i\000\040\000\050\000C\000o\000n\000c\000u\000r\000r\000e\000n\000c\000y\000\040\000P\000r\000o\000o\000f\000\051}{section.9.3}% 203
\BOOKMARK [0][-]{chapter.10}{\376\377\000S\000e\000r\000v\000e\000r}{}% 204
\BOOKMARK [1][-]{section.10.1}{\376\377\001\020\000i\036\301\000u\000\040\000p\000h\036\321\000i\000\040\000M\036\241\000n\000g\000\040\000\040\000L\000u\036\323\000n\000g\000\040\000H\000o\036\241\000t\000\040\001\021\036\331\000n\000g}{chapter.10}% 205
\BOOKMARK [2][-]{subsection.10.1.1}{\376\377\000M\000\364\000\040\000h\000\354\000n\000h\000\040\000X\036\355\000\040\000l\000\375\000\040\000L\000u\036\323\000n\000g\000\040\000\050\000A\000s\000y\000n\000c\000\040\000T\000h\000r\000e\000a\000d\000i\000n\000g\000\040\000M\000o\000d\000e\000l\000\051}{section.10.1}% 206
\BOOKMARK [2][-]{subsection.10.1.2}{\376\377\000Q\000u\036\243\000n\000\040\000l\000\375\000\040\000P\000h\000i\000\352\000n\000\040\000\050\000S\000e\000s\000s\000i\000o\000n\000\040\000M\000a\000n\000a\000g\000e\000m\000e\000n\000t\000\051}{section.10.1}% 207
\BOOKMARK [2][-]{subsection.10.1.3}{\376\377\000V\000\362\000n\000g\000\040\001\021\036\335\000i\000\040\000c\036\347\000a\000\040\000m\036\331\000t\000\040\000G\000i\000a\000o\000\040\000d\036\313\000c\000h\000\040\000\050\000L\000i\000f\000e\000c\000y\000c\000l\000e\000\051}{section.10.1}% 208
\BOOKMARK [1][-]{section.10.2}{\376\377\000K\000i\036\277\000n\000\040\000t\000r\000\372\000c\000\040\000B\036\331\000\040\000n\000\343\000o\000\040\001\020\000i\036\301\000u\000\040\000p\000h\036\321\000i\000\040\000\050\000K\000n\000o\000w\000l\000e\000d\000g\000e\000\040\000E\000n\000g\000i\000n\000e\000\051}{chapter.10}% 209
\BOOKMARK [2][-]{subsection.10.2.1}{\376\377\000C\001\241\000\040\000c\000h\036\277\000\040\000B\036\331\000\040\000h\036\241\000\040\000l\036\307\000n\000h\000\040\000\050\000T\000h\000e\000\040\000D\000i\000s\000p\000a\000t\000c\000h\000e\000r\000\051}{section.10.2}% 210
\BOOKMARK [2][-]{subsection.10.2.2}{\376\377\000C\000\341\000c\000\040\000C\000\364\000n\000g\000\040\000n\000g\000h\036\307\000\040\000L\000i\000\352\000n\000\040\000k\036\277\000t\000\040\000T\000r\000i\000\040\000t\000h\036\351\000c\000\040\000\050\000K\000n\000o\000w\000l\000e\000d\000g\000e\000\040\000B\000i\000n\000d\000i\000n\000g\000\051}{section.10.2}% 211
\BOOKMARK [2][-]{subsection.10.2.3}{\376\377\000Q\000u\036\243\000n\000\040\000l\000\375\000\040\000G\000i\000a\000o\000\040\000d\036\313\000c\000h\000\040\000\050\000T\000r\000a\000n\000s\000a\000c\000t\000i\000o\000n\000\040\000C\000o\000n\000t\000r\000o\000l\000\051}{section.10.2}% 212
\BOOKMARK [1][-]{section.10.3}{\376\377\000H\036\241\000\040\000t\036\247\000n\000g\000\040\000V\0003\000\040\000\050\000I\000n\000f\000r\000a\000s\000t\000r\000u\000c\000t\000u\000r\000e\000\051}{chapter.10}% 213
\BOOKMARK [2][-]{subsection.10.3.1}{\376\377\000C\001\241\000\040\000c\000h\036\277\000\040\000T\036\361\000\040\000n\036\241\000p\000\040\000H\036\307\000\040\000t\000h\036\321\000n\000g\000\040\000\050\000S\000y\000s\000t\000e\000m\000\040\000B\000o\000o\000t\000s\000t\000r\000a\000p\000p\000e\000r\000\051}{section.10.3}% 214
\BOOKMARK [2][-]{subsection.10.3.2}{\376\377\000C\000\341\000c\000\040\000D\000a\000n\000h\000\040\000m\036\345\000c\000\040\000C\000h\000u\000y\000\352\000n\000\040\000b\000i\036\307\000t\000\040\000\050\000C\000a\000t\000a\000l\000o\000g\000s\000\051}{section.10.3}% 215
\BOOKMARK [2][-]{subsection.10.3.3}{\376\377\000H\036\307\000\040\000t\000h\036\321\000n\000g\000\040\000C\036\255\000p\000\040\000n\000h\036\255\000t\000\040\000\040\000D\000i\000\040\000t\000r\000\372\000\040\000\050\000U\000p\000d\000a\000t\000e\000r\000\040\000\040\000M\000i\000g\000r\000a\000t\000o\000r\000\051}{section.10.3}% 216
\BOOKMARK [1][-]{section.10.4}{\376\377\000Q\000u\036\243\000n\000\040\000t\000r\036\313\000\040\000\040\001\020\000o\000\040\000l\001\260\036\335\000n\000g\000\040\000t\036\353\000\040\000x\000a\000\040\000\050\000T\000e\000l\000e\000m\000e\000t\000r\000y\000\051}{chapter.10}% 217
\BOOKMARK [2][-]{subsection.10.4.1}{\376\377\000G\000i\000\341\000m\000\040\000s\000\341\000t\000\040\000H\036\307\000\040\000t\000h\036\321\000n\000g\000\040\000\050\000S\000t\000a\000t\000s\000\040\000\040\000S\000e\000s\000s\000i\000o\000n\000s\000\051}{section.10.4}% 218
\BOOKMARK [2][-]{subsection.10.4.2}{\376\377\000H\036\307\000\040\000t\000h\036\321\000n\000g\000\040\000N\000h\036\255\000t\000\040\000k\000\375\000\040\000L\000u\036\323\000n\000g\000\040\000\050\000L\000i\000v\000e\000\040\000L\000o\000g\000\040\000S\000t\000r\000e\000a\000m\000i\000n\000g\000\051}{section.10.4}% 219
\BOOKMARK [2][-]{subsection.10.4.3}{\376\377\000L\036\307\000n\000h\000\040\000Q\000u\036\243\000n\000\040\000t\000r\036\313\000\040\000T\036\321\000i\000\040\000c\000a\000o\000\040\000\050\000M\000a\000n\000a\000g\000e\000m\000e\000n\000t\000\040\000C\000o\000m\000m\000a\000n\000d\000\051}{section.10.4}% 220
\BOOKMARK [1][-]{section.10.5}{\376\377\000X\000\341\000c\000\040\000t\000h\036\361\000c\000\040\000M\000\341\000y\000\040\000c\000h\036\347\000\040\000\050\000S\000e\000r\000v\000e\000r\000\040\000V\000a\000l\000i\000d\000a\000t\000i\000o\000n\000\051}{chapter.10}% 221
\BOOKMARK [2][-]{subsection.10.5.1}{\376\377\000K\000i\036\303\000m\000\040\000t\000h\036\355\000\040\000K\000h\036\337\000i\000\040\001\021\036\331\000n\000g\000\040\000\050\000S\000t\000a\000r\000t\000u\000p\000\040\000P\000r\000o\000o\000f\000\051}{section.10.5}% 222
\BOOKMARK [2][-]{subsection.10.5.2}{\376\377\000K\000i\036\303\000m\000\040\000t\000h\036\355\000\040\000T\000\355\000c\000h\000\040\000h\036\343\000p\000\040\001\020\000a\000\040\000l\000u\036\323\000n\000g\000\040\000\050\000M\000u\000l\000t\000i\000-\000t\000h\000r\000e\000a\000d\000i\000n\000g\000\040\000P\000r\000o\000o\000f\000\051}{section.10.5}% 223
\BOOKMARK [2][-]{subsection.10.5.3}{\376\377\000X\000\341\000c\000\040\000t\000h\036\361\000c\000\040\000B\036\243\000o\000\040\000m\036\255\000t\000\040\000\050\000S\000e\000c\000u\000r\000i\000t\000y\000\040\000\040\000R\000B\000A\000C\000\051}{section.10.5}% 224
\BOOKMARK [0][-]{chapter.11}{\376\377\000P\000a\000r\000s\000e\000r}{}% 225
\BOOKMARK [1][-]{section.11.1}{\376\377\000L\000e\000x\000i\000n\000g\000:\000\040\000P\000h\000\342\000n\000\040\000t\000\355\000c\000h\000\040\000T\036\353\000\040\000v\036\361\000n\000g\000\040\000c\000h\000u\000y\000\352\000n\000\040\000s\000\342\000u\000\040\000\050\000L\000e\000x\000e\000r\000\051}{chapter.11}% 226
\BOOKMARK [2][-]{subsection.11.1.1}{\376\377\000C\001\241\000\040\000c\000h\036\277\000\040\000Q\000u\000\351\000t\000\040\000\050\000S\000c\000a\000n\000n\000i\000n\000g\000\040\000M\000e\000c\000h\000a\000n\000i\000s\000m\000\051}{section.11.1}% 227
\BOOKMARK [2][-]{subsection.11.1.2}{\376\377\000X\036\355\000\040\000l\000\375\000\040\000c\000\341\000c\000\040\000H\036\261\000n\000g\000\040\000s\036\321\000\040\000\050\000L\000i\000t\000e\000r\000a\000l\000s\000\051}{section.11.1}% 228
\BOOKMARK [2][-]{subsection.11.1.3}{\376\377\000Q\000u\036\243\000n\000\040\000l\000\375\000\040\000T\036\353\000\040\000k\000h\000\363\000a\000\040\000\050\000K\000e\000y\000w\000o\000r\000d\000\040\000D\000i\000c\000t\000i\000o\000n\000a\000r\000y\000\051}{section.11.1}% 229
\BOOKMARK [1][-]{section.11.2}{\376\377\000T\036\247\000n\000g\000\040\000P\000a\000r\000s\000e\000r\000:\000\040\000C\001\241\000\040\000c\000h\036\277\000\040\001\020\036\307\000\040\000q\000u\000y\000\040\001\020\000i\000\040\000x\000u\036\321\000n\000g\000\040\000\050\000R\000e\000c\000u\000r\000s\000i\000v\000e\000\040\000D\000e\000s\000c\000e\000n\000t\000\051}{chapter.11}% 230
\BOOKMARK [2][-]{subsection.11.2.1}{\376\377\000C\001\241\000\040\000c\000h\036\277\000\040\001\020\000i\036\301\000u\000\040\000h\001\260\036\333\000n\000g\000\040\000\050\000S\000e\000n\000t\000e\000n\000c\000e\000\040\000D\000i\000s\000p\000a\000t\000c\000h\000i\000n\000g\000\051}{section.11.2}% 231
\BOOKMARK [2][-]{subsection.11.2.2}{\376\377\000K\036\371\000\040\000t\000h\000u\036\255\000t\000\040\000D\036\361\000\040\001\021\000o\000\341\000n\000\040\000\040\000T\000i\000\352\000u\000\040\000t\000h\036\345\000\040\000\050\000L\000o\000o\000k\000-\000a\000h\000e\000a\000d\000\051}{section.11.2}% 232
\BOOKMARK [2][-]{subsection.11.2.3}{\376\377\000P\000h\000\342\000n\000\040\000t\000\355\000c\000h\000\040\000K\000h\036\321\000i\000\040\000L\036\307\000n\000h\000\040\000p\000h\036\351\000c\000\040\000t\036\241\000p\000\040\000\050\000C\000o\000m\000p\000l\000e\000x\000\040\000P\000a\000r\000s\000i\000n\000g\000\051}{section.11.2}% 233
\BOOKMARK [1][-]{section.11.3}{\376\377\000H\036\307\000\040\000t\000h\036\321\000n\000g\000\040\000C\000\342\000y\000\040\000c\000\372\000\040\000p\000h\000\341\000p\000\040\000T\000r\036\353\000u\000\040\000t\001\260\036\343\000n\000g\000\040\000\050\000A\000S\000T\000\040\000N\000o\000d\000e\000s\000\051}{chapter.11}% 234
\BOOKMARK [2][-]{subsection.11.3.1}{\376\377\000H\036\307\000\040\000p\000h\036\243\000\040\000K\000D\000L\000\040\000\050\000K\000n\000o\000w\000l\000e\000d\000g\000e\000\040\000D\000e\000f\000i\000n\000i\000t\000i\000o\000n\000\040\000L\000a\000n\000g\000u\000a\000g\000e\000\051}{section.11.3}% 235
\BOOKMARK [2][-]{subsection.11.3.2}{\376\377\000H\036\307\000\040\000p\000h\036\243\000\040\000K\000Q\000L\000\040\000\040\000K\000M\000L\000\040\000\050\000Q\000u\000e\000r\000y\000\040\000\040\000M\000a\000i\000n\000t\000e\000n\000a\000n\000c\000e\000\051}{section.11.3}% 236
\BOOKMARK [2][-]{subsection.11.3.3}{\376\377\000H\036\307\000\040\000p\000h\036\243\000\040\000K\000C\000L\000\040\000\040\000T\000C\000L\000\040\000\050\000C\000o\000n\000t\000r\000o\000l\000\040\000\040\000T\000r\000a\000n\000s\000a\000c\000t\000i\000o\000n\000\051}{section.11.3}% 237
\BOOKMARK [2][-]{subsection.11.3.4}{\376\377\001\020\036\267\000c\000\040\001\021\000i\036\303\000m\000\040\000c\000h\000u\000n\000g\000\040\000c\036\347\000a\000\040\000m\036\315\000i\000\040\000N\000o\000d\000e}{section.11.3}% 238
\BOOKMARK [1][-]{section.11.4}{\376\377\000B\036\331\000\040\000m\000\341\000y\000\040\001\020\000\341\000n\000h\000\040\000g\000i\000\341\000\040\000B\000i\036\303\000u\000\040\000t\000h\036\351\000c\000\040\000\050\000E\000x\000p\000r\000e\000s\000s\000i\000o\000n\000\040\000E\000n\000g\000i\000n\000e\000\051}{chapter.11}% 239
\BOOKMARK [2][-]{subsection.11.4.1}{\376\377\000P\000h\000\342\000n\000\040\000t\000\355\000c\000h\000\040\000B\000i\036\303\000u\000\040\000t\000h\036\351\000c\000\040\000N\000h\036\313\000\040\000p\000h\000\342\000n\000\040\000\050\000B\000i\000n\000a\000r\000y\000\040\000E\000x\000p\000r\000e\000s\000s\000i\000o\000n\000s\000\051}{section.11.4}% 240
\BOOKMARK [2][-]{subsection.11.4.2}{\376\377\000C\000\341\000c\000\040\001\020\001\241\000n\000\040\000v\036\313\000\040\000B\000i\036\303\000u\000\040\000t\000h\036\351\000c\000\040\000C\036\321\000t\000\040\000l\000\365\000i\000\040\000\050\000C\000o\000r\000e\000\040\000E\000x\000p\000r\000e\000s\000s\000i\000o\000n\000\040\000U\000n\000i\000t\000s\000\051}{section.11.4}% 241
\BOOKMARK [2][-]{subsection.11.4.3}{\376\377\000X\036\355\000\040\000l\000\375\000\040\000B\000i\036\303\000u\000\040\000t\000h\036\351\000c\000\040\001\020\001\241\000n\000\040\000p\000h\000\342\000n\000\040\000\050\000U\000n\000a\000r\000y\000\040\000E\000x\000p\000r\000e\000s\000s\000i\000o\000n\000s\000\051}{section.11.4}% 242
\BOOKMARK [1][-]{section.11.5}{\376\377\000X\000\341\000c\000\040\000t\000h\036\361\000c\000\040\000B\036\331\000\040\000b\000i\000\352\000n\000\040\000d\036\313\000c\000h\000\040\000\050\000P\000a\000r\000s\000e\000r\000\040\000V\000a\000l\000i\000d\000a\000t\000i\000o\000n\000\051}{chapter.11}% 243
\BOOKMARK [2][-]{subsection.11.5.1}{\376\377\000T\000h\036\321\000n\000g\000\040\000k\000\352\000\040\001\020\036\331\000\040\000b\000a\000o\000\040\000p\000h\036\347\000\040\000T\000e\000s\000t\000i\000n\000g}{section.11.5}% 244
\BOOKMARK [2][-]{subsection.11.5.2}{\376\377\001\020\036\267\000c\000\040\000t\036\243\000\040\000L\036\327\000i\000\040\000C\000\372\000\040\000p\000h\000\341\000p\000\040\000\050\000S\000y\000n\000t\000a\000x\000\040\000E\000r\000r\000o\000r\000\040\000P\000r\000o\000o\000f\000\051}{section.11.5}% 245
\BOOKMARK [0][-]{chapter.12}{\376\377\000C\000l\000i}{}% 246
\BOOKMARK [1][-]{section.12.1}{\376\377\000T\036\325\000n\000g\000\040\000q\000u\000a\000n\000\040\000G\000i\000a\000o\000\040\000d\000i\036\307\000n\000\040\000D\000\362\000n\000g\000\040\000l\036\307\000n\000h\000\040\000\050\000C\000L\000I\000\051}{chapter.12}% 247
\BOOKMARK [2][-]{subsection.12.1.1}{\376\377\000C\000\341\000c\000\040\000T\000\355\000n\000h\000\040\000n\001\003\000n\000g\000\040\000C\000h\000\355\000n\000h}{section.12.1}% 248
\BOOKMARK [2][-]{subsection.12.1.2}{\376\377\000C\000\341\000c\000\040\000L\036\307\000n\000h\000\040\000H\036\307\000\040\000t\000h\036\321\000n\000g\000\040\001\020\036\267\000c\000\040\000b\000i\036\307\000t}{section.12.1}% 249
\BOOKMARK [2][-]{subsection.12.1.3}{\376\377\000T\000r\036\243\000i\000\040\000n\000g\000h\000i\036\307\000m\000\040\000n\000g\001\260\036\335\000i\000\040\000d\000\371\000n\000g\000\040\000\050\000U\000X\000\051}{section.12.1}% 250
\BOOKMARK [1][-]{section.12.2}{\376\377\000L\000u\036\323\000n\000g\000\040\000X\036\355\000\040\000l\000\375\000\040\000D\036\357\000\040\000l\000i\036\307\000u\000\040\000C\000L\000I}{chapter.12}% 251
\BOOKMARK [2][-]{subsection.12.2.1}{\376\377\000L\000u\036\323\000n\000g\000\040\000G\036\355\000i\000\040\000l\036\307\000n\000h\000\040\000\050\000C\000o\000m\000m\000a\000n\000d\000\040\000E\000x\000e\000c\000u\000t\000i\000o\000n\000\040\000F\000l\000o\000w\000\051}{section.12.2}% 252
\BOOKMARK [2][-]{subsection.12.2.2}{\376\377\000B\036\331\000\040\000m\000\341\000y\000\040\000P\000h\000\342\000n\000\040\000t\000\355\000c\000h\000\040\000P\000h\036\243\000n\000\040\000h\036\323\000i\000\040\000\050\000`\000R\000e\000s\000p\000o\000n\000s\000e\000P\000a\000r\000s\000e\000r\000`\000\051}{section.12.2}% 253
\BOOKMARK [2][-]{subsection.12.2.3}{\376\377\000C\000h\036\277\000\040\001\021\036\331\000\040\000C\000h\036\241\000y\000\040\000S\000c\000r\000i\000p\000t\000\040\000\050\000B\000a\000t\000c\000h\000\040\000S\000o\000u\000r\000c\000e\000\051}{section.12.2}% 254
\BOOKMARK [2][-]{subsection.12.2.4}{\376\377\001\020\000a\000\040\000l\000u\036\323\000n\000g\000\040\000\040\000K\036\277\000t\000\040\000n\036\321\000i\000\040\000\050\000M\000u\000l\000t\000i\000-\000t\000h\000r\000e\000a\000d\000i\000n\000g\000\051}{section.12.2}% 255
\BOOKMARK [1][-]{section.12.3}{\376\377\000C\000\341\000c\000\040\000T\000r\001\260\036\335\000n\000g\000\040\000h\036\343\000p\000\040\000S\036\355\000\040\000d\036\345\000n\000g\000\040\000C\000L\000I}{chapter.12}% 256
\BOOKMARK [2][-]{subsection.12.3.1}{\376\377\000K\036\313\000c\000h\000\040\000b\036\243\000n\000\040\0001\000:\000\040\000P\000h\000\342\000n\000\040\000t\000\355\000c\000h\000\040\000C\036\245\000u\000\040\000t\000r\000\372\000c\000\040\000\050\000S\000t\000r\000u\000c\000t\000u\000r\000e\000\040\000A\000n\000a\000l\000y\000s\000i\000s\000\051}{section.12.3}% 257
\BOOKMARK [2][-]{subsection.12.3.2}{\376\377\000K\036\313\000c\000h\000\040\000b\036\243\000n\000\040\0002\000:\000\040\000T\036\361\000\040\001\021\036\331\000n\000g\000\040\000h\000\363\000a\000\040\000N\036\241\000p\000\040\000T\000r\000i\000\040\000t\000h\036\351\000c\000\040\000\050\000B\000a\000t\000c\000h\000\040\000L\000o\000a\000d\000i\000n\000g\000\051}{section.12.3}% 258
\BOOKMARK [2][-]{subsection.12.3.3}{\376\377\000K\036\313\000c\000h\000\040\000b\036\243\000n\000\040\0003\000:\000\040\000K\000i\036\303\000m\000\040\000t\000r\000a\000\040\000K\036\277\000t\000\040\000n\036\321\000i\000\040\000\040\000A\000n\000\040\000n\000i\000n\000h\000\040\000\050\000S\000e\000c\000u\000r\000i\000t\000y\000\040\000C\000h\000e\000c\000k\000\051}{section.12.3}% 259
\BOOKMARK [1][-]{section.12.4}{\376\377\000X\000\341\000c\000\040\000t\000h\036\361\000c\000\040\000C\000L\000I\000\040\000\050\000C\000L\000I\000\040\000V\000a\000l\000i\000d\000a\000t\000i\000o\000n\000\051}{chapter.12}% 260
\BOOKMARK [2][-]{subsection.12.4.1}{\376\377\000K\000i\036\303\000m\000\040\000t\000h\036\355\000\040\000P\000h\000i\000\352\000n\000\040\000l\000\340\000m\000\040\000v\000i\036\307\000c\000\040\000\050\000S\000e\000s\000s\000i\000o\000n\000\040\000L\000o\000g\000s\000\051}{section.12.4}% 261
\BOOKMARK [2][-]{subsection.12.4.2}{\376\377\000K\000i\036\303\000m\000\040\000t\000h\036\355\000\040\001\020\036\313\000n\000h\000\040\000d\036\241\000n\000g\000\040\000K\036\277\000t\000\040\000q\000u\036\243}{section.12.4}% 262
\BOOKMARK [0][-]{chapter.13}{\376\377\000S\000t\000u\000d\000i\000o}{}% 263
\BOOKMARK [1][-]{section.13.1}{\376\377\000T\036\325\000n\000g\000\040\000q\000u\000a\000n\000\040\000\040\000T\000\355\000n\000h\000\040\000n\001\003\000n\000g\000\040\000K\000B\000M\000S\000\040\000S\000t\000u\000d\000i\000o\000\040\000l\000\340\000\040\000m\036\331\000t\000\040\000m\000\364\000i\000\040\000t\000r\001\260\036\335\000n\000g\000\040\000p\000h\000\341\000t\000\040\000t\000r\000i\036\303\000n\000\040\000t\000\355\000c\000h\000\040\000h\036\343\000p\000\040\000\050\000I\000D\000E\000\051\000\040\000h\000i\036\307\000n\000\040\001\021\036\241\000i\000,\000\040\001\021\001\260\036\343\000c\000\040\000x\000\342\000y\000\040\000d\036\361\000n\000g\000\040\000t\000r\000\352\000n\000\040\000n\036\301\000n\000\040\000t\036\243\000n\000g\000\040\000*\000*\000E\000l\000e\000c\000t\000r\000o\000n\000*\000*\000\040\000v\000\340\000\040\000*\000*\000R\000e\000a\000c\000t\000*\000*\000,\000\040\000c\000u\000n\000g\000\040\000c\036\245\000p\000\040\000t\000r\036\243\000i\000\040\000n\000g\000h\000i\036\307\000m\000\040\000t\000r\036\361\000c\000\040\000q\000u\000a\000n\000\040\000h\000\363\000a\000\040\000t\000r\000i\000\040\000t\000h\036\351\000c\000\040\000t\000h\000a\000y\000\040\000v\000\354\000\040\000c\000h\036\311\000\040\000t\000h\000a\000o\000\040\000t\000\341\000c\000\040\000d\000\362\000n\000g\000\040\000l\036\307\000n\000h\000\040\000t\000h\000u\036\247\000n\000\040\000t\000\372\000y\000.}{chapter.13}% 264
\BOOKMARK [2][-]{subsection.13.1.1}{\376\377\000C\000\341\000c\000\040\000P\000h\000\342\000n\000\040\000h\036\307\000\040\000C\036\321\000t\000\040\000l\000\365\000i}{section.13.1}% 265
\BOOKMARK [2][-]{subsection.13.1.2}{\376\377\000T\000i\000\352\000u\000\040\000c\000h\000u\036\251\000n\000\040\000G\000i\000a\000o\000\040\000d\000i\036\307\000n\000\040\000\050\000A\000e\000s\000t\000h\000e\000t\000i\000c\000s\000\051}{section.13.1}% 266
\BOOKMARK [1][-]{section.13.2}{\376\377\000K\000i\036\277\000n\000\040\000t\000r\000\372\000c\000\040\0004\000\040\000T\036\247\000n\000g\000\040\000\040\000L\000u\036\323\000n\000g\000\040\000X\036\355\000\040\000l\000\375\000\040\000C\000h\000i\000\040\000t\000i\036\277\000t}{chapter.13}% 267
\BOOKMARK [2][-]{subsection.13.2.1}{\376\377\000S\001\241\000\040\001\021\036\323\000\040\000L\000u\036\323\000n\000g\000\040\000x\036\355\000\040\000l\000\375\000\040\0004\000\040\000T\036\247\000n\000g\000\040\000\050\0004\000-\000T\000i\000e\000r\000\040\000F\000l\000o\000w\000\051}{section.13.2}% 268
\BOOKMARK [2][-]{subsection.13.2.2}{\376\377\001\020\036\267\000c\000\040\000t\036\243\000\040\000c\000\341\000c\000\040\000T\036\247\000n\000g}{section.13.2}% 269
\BOOKMARK [2][-]{subsection.13.2.3}{\376\377\000L\000u\036\323\000n\000g\000\040\000T\000h\000\364\000n\000g\000\040\000b\000\341\000o\000\040\000T\000h\036\335\000i\000\040\000g\000i\000a\000n\000\040\000t\000h\036\361\000c\000\040\000\050\000N\000o\000t\000i\000f\000i\000c\000a\000t\000i\000o\000n\000\040\000F\000l\000o\000w\000\051}{section.13.2}% 270
\BOOKMARK [2][-]{subsection.13.2.4}{\376\377\000Q\000u\000y\000\040\000t\000r\000\354\000n\000h\000\040\001\020\001\003\000n\000g\000\040\000n\000h\036\255\000p\000\040\000\050\000A\000u\000t\000h\000e\000n\000t\000i\000c\000a\000t\000i\000o\000n\000\040\000F\000l\000o\000w\000\051}{section.13.2}% 271
\BOOKMARK [1][-]{section.13.3}{\376\377\000C\000\341\000c\000\040\000T\000r\001\260\036\335\000n\000g\000\040\000h\036\343\000p\000\040\000S\036\355\000\040\000d\036\345\000n\000g\000\040\000S\000t\000u\000d\000i\000o}{chapter.13}% 272
\BOOKMARK [2][-]{subsection.13.3.1}{\376\377\000K\036\313\000c\000h\000\040\000b\036\243\000n\000\040\0001\000:\000\040\000T\000h\000i\036\277\000t\000\040\000k\036\277\000\040\000B\036\243\000n\000\040\001\021\036\323\000\040\000T\000r\000i\000\040\000t\000h\036\351\000c\000\040\000H\000\354\000n\000h\000\040\000h\036\315\000c\000\040\000\050\000K\000D\000L\000\040\000D\000e\000s\000i\000g\000n\000\051}{section.13.3}% 273
\BOOKMARK [2][-]{subsection.13.3.2}{\376\377\000K\036\313\000c\000h\000\040\000b\036\243\000n\000\040\0002\000:\000\040\000G\000i\036\243\000i\000\040\000t\000o\000\341\000n\000\040\000T\036\361\000\040\001\021\036\331\000n\000g\000\040\000\050\000R\000e\000a\000s\000o\000n\000i\000n\000g\000\040\000\040\000S\000o\000l\000v\000i\000n\000g\000\051}{section.13.3}% 274
\BOOKMARK [2][-]{subsection.13.3.3}{\376\377\000K\036\313\000c\000h\000\040\000b\036\243\000n\000\040\0003\000:\000\040\000Q\000u\036\243\000n\000\040\000t\000r\036\313\000\040\000H\036\307\000\040\000t\000h\036\321\000n\000g\000\040\000\050\000A\000d\000v\000a\000n\000c\000e\000d\000\040\000M\000a\000n\000a\000g\000e\000m\000e\000n\000t\000\051}{section.13.3}% 275
\BOOKMARK [2][-]{subsection.13.3.4}{\376\377\000K\036\313\000c\000h\000\040\000b\036\243\000n\000\040\0004\000:\000\040\000G\000i\000\341\000m\000\040\000s\000\341\000t\000\040\000A\000n\000\040\000n\000i\000n\000h\000\040\000\040\000P\000h\000i\000\352\000n\000\040\000l\000\340\000m\000\040\000v\000i\036\307\000c\000\040\000\050\000S\000e\000c\000u\000r\000i\000t\000y\000\040\000\040\000S\000e\000s\000s\000i\000o\000n\000\040\000M\000a\000n\000a\000g\000e\000m\000e\000n\000t\000\051}{section.13.3}% 276
\BOOKMARK [2][-]{subsection.13.3.5}{\376\377\000K\036\313\000c\000h\000\040\000b\036\243\000n\000\040\0005\000:\000\040\000P\000h\000\342\000n\000\040\000t\000\355\000c\000h\000\040\000N\000h\036\255\000t\000\040\000k\000\375\000\040\000C\000h\000u\000y\000\352\000n\000\040\000s\000\342\000u\000\040\000\050\000D\000e\000e\000p\000\040\000L\000o\000g\000\040\000A\000n\000a\000l\000y\000s\000i\000s\000\051}{section.13.3}% 277
\BOOKMARK [2][-]{subsection.13.3.6}{\376\377\000T\036\325\000n\000g\000\040\000k\036\277\000t\000\040\000G\000i\000\341\000\040\000t\000r\036\313}{section.13.3}% 278
\BOOKMARK [1][-]{section.13.4}{\376\377\000X\000\341\000c\000\040\000t\000h\036\361\000c\000\040\000S\000t\000u\000d\000i\000o\000\040\000\050\000S\000t\000u\000d\000i\000o\000\040\000V\000a\000l\000i\000d\000a\000t\000i\000o\000n\000\051}{chapter.13}% 279
\BOOKMARK [2][-]{subsection.13.4.1}{\376\377\000K\000i\036\303\000m\000\040\000t\000h\036\355\000\040\000I\000n\000t\000e\000l\000l\000i\000S\000e\000n\000s\000e\000\040\000\040\001\020\036\323\000\040\000h\036\315\000a}{section.13.4}% 280
\BOOKMARK [2][-]{subsection.13.4.2}{\376\377\000K\000i\036\303\000m\000\040\000t\000h\036\355\000\040\000G\000i\000\341\000m\000\040\000s\000\341\000t\000\040\000\040\000Q\000u\036\243\000n\000\040\000l\000\375\000\040\000\050\000M\000a\000n\000a\000g\000e\000m\000e\000n\000t\000\040\000P\000r\000o\000o\000f\000\051}{section.13.4}% 281
\BOOKMARK [0][-]{chapter.14}{\376\377\000T\000e\000s\000t\000i\000n\000g}{}% 282
\BOOKMARK [1][-]{section.14.1}{\376\377\000H\001\260\036\333\000n\000g\000\040\000d\036\253\000n\000\040\000C\000\340\000i\000\040\001\021\036\267\000t\000\040\000\040\000T\000r\000i\036\303\000n\000\040\000k\000h\000a\000i}{chapter.14}% 283
\BOOKMARK [2][-]{subsection.14.1.1}{\376\377\000Y\000\352\000u\000\040\000c\036\247\000u\000\040\000T\000i\000\352\000n\000\040\000q\000u\000y\036\277\000t\000\040\000\050\000P\000r\000e\000r\000e\000q\000u\000i\000s\000i\000t\000e\000s\000\051}{section.14.1}% 284
\BOOKMARK [2][-]{subsection.14.1.2}{\376\377\000C\000\340\000i\000\040\001\021\036\267\000t\000\040\000t\000r\000\352\000n\000\040\000W\000i\000n\000d\000o\000w\000s\000\040\0001\0000\000/\0001\0001}{section.14.1}% 285
\BOOKMARK [1][-]{section.14.2}{\376\377\000C\000\340\000i\000\040\001\021\036\267\000t\000\040\000H\000o\000m\000e\000b\000r\000e\000w\000\040\000n\036\277\000u\000\040\000c\000h\001\260\000a\000\040\000c\000\363}{chapter.14}% 286
\BOOKMARK [1][-]{section.14.3}{\376\377\000C\000\340\000i\000\040\001\021\036\267\000t\000\040\000d\000e\000p\000e\000n\000d\000e\000n\000c\000i\000e\000s}{chapter.14}% 287
\BOOKMARK [1][-]{section.14.4}{\376\377\000L\001\260\000u\000\040\000\375\000:\000\040\000C\036\247\000n\000\040\000c\000\363\000\040\000m\000\364\000i\000\040\000t\000r\001\260\036\335\000n\000g\000\040\000X\0001\0001\000\040\000h\000o\036\267\000c\000\040\000W\000a\000y\000l\000a\000n\000d\000\040\001\021\036\303\000\040\000c\000h\036\241\000y\000\040\000g\000i\000a\000o\000\040\000d\000i\036\307\000n\000\040\000S\000t\000u\000d\000i\000o}{chapter.14}% 288
\BOOKMARK [2][-]{subsection.14.4.1}{\376\377\000X\000\341\000c\000\040\000t\000h\036\361\000c\000\040\000C\000\340\000i\000\040\001\021\036\267\000t\000\040\000\050\000H\000e\000a\000l\000t\000h\000\040\000C\000h\000e\000c\000k\000\051}{section.14.4}% 289
\BOOKMARK [1][-]{section.14.5}{\376\377\000K\036\313\000c\000h\000\040\000b\036\243\000n\000\040\000K\000i\036\303\000m\000\040\000t\000h\036\355\000\040\000H\036\307\000\040\000t\000h\036\321\000n\000g}{chapter.14}% 290
\BOOKMARK [2][-]{subsection.14.5.1}{\376\377\000M\000\364\000i\000\040\000t\000r\001\260\036\335\000n\000g\000\040\000C\036\245\000u\000\040\000h\000\354\000n\000h}{section.14.5}% 291
\BOOKMARK [2][-]{subsection.14.5.2}{\376\377\000K\036\277\000t\000\040\000q\000u\036\243\000\040\0001\0002\000\040\000K\036\313\000c\000h\000\040\000b\036\243\000n\000\040\000t\000i\000\352\000u\000\040\000c\000h\000u\036\251\000n}{section.14.5}% 292
\BOOKMARK [2][-]{subsection.14.5.3}{\376\377\000T\036\325\000n\000g\000\040\000h\036\343\000p\000\040\000K\036\277\000t\000\040\000q\000u\036\243\000\040\000K\000i\036\303\000m\000\040\000t\000h\036\355\000\040\000T\000o\000\340\000n\000\040\000h\036\307\000\040\000t\000h\036\321\000n\000g}{section.14.5}% 293
\BOOKMARK [1][-]{section.14.6}{\376\377\001\020\000\341\000n\000h\000\040\000g\000i\000\341\000\040\000H\000i\036\307\000u\000\040\000n\001\003\000n\000g\000\040\000\050\000P\000e\000r\000f\000o\000r\000m\000a\000n\000c\000e\000\040\000B\000e\000n\000c\000h\000m\000a\000r\000k\000s\000\051}{chapter.14}% 294
\BOOKMARK [2][-]{subsection.14.6.1}{\376\377\000H\000i\036\307\000u\000\040\000n\001\003\000n\000g\000\040\000t\000h\000e\000o\000\040\000T\036\247\000n\000g\000\040\000K\000i\036\277\000n\000\040\000t\000r\000\372\000c}{section.14.6}% 295
\BOOKMARK [2][-]{subsection.14.6.2}{\376\377\000H\000i\036\307\000u\000\040\000n\001\003\000n\000g\000\040\000T\000r\000u\000y\000\040\000v\036\245\000n\000\040\000K\000h\036\321\000i\000\040\000l\001\260\036\343\000n\000g\000\040\000\050\000S\000c\000a\000l\000e\000\040\000T\000e\000s\000t\000i\000n\000g\000\051}{section.14.6}% 296
\BOOKMARK [2][-]{subsection.14.6.3}{\376\377\000N\000h\036\255\000t\000\040\000k\000\375\000\040\000X\000\341\000c\000\040\000t\000h\036\361\000c\000\040\000H\000i\036\307\000u\000\040\000n\001\003\000n\000g}{section.14.6}% 297
\BOOKMARK [1][-]{section.14.7}{\376\377\000C\000\341\000c\000\040\000B\036\331\000\040\000D\036\357\000\040\000l\000i\036\307\000u\000\040\000K\000i\036\303\000m\000\040\000t\000h\036\355\000\040\000\050\000T\000e\000s\000t\000\040\000D\000a\000t\000a\000\040\000S\000e\000t\000s\000\051}{chapter.14}% 298
\BOOKMARK [2][-]{subsection.14.7.1}{\376\377\000D\000a\000n\000h\000\040\000s\000\341\000c\000h\000\040\000D\000a\000t\000a\000s\000e\000t\000s\000\040\000C\000h\000u\036\251\000n}{section.14.7}% 299
\BOOKMARK [2][-]{subsection.14.7.2}{\376\377\000C\000h\000i\000\040\000t\000i\036\277\000t\000\040\000B\036\331\000\040\000d\036\357\000\040\000l\000i\036\307\000u\000\040\000t\000r\036\315\000n\000g\000\040\000t\000\342\000m\000:\000\040\000"\000C\000h\000a\000r\000l\000i\000e\000"\000\050\000S\000u\000y\000\040\000d\000i\036\305\000n\000\040\001\020\036\307\000\040\000q\000u\000y\000\051}{section.14.7}% 300
\BOOKMARK [2][-]{subsection.14.7.3}{\376\377\000N\000h\036\255\000t\000\040\000k\000\375\000\040\000L\000o\000g\000i\000c\000\040\000s\000u\000y\000\040\000d\000i\036\305\000n\000\040\000\050\000L\000o\000g\000\040\000T\000r\000a\000c\000e\000\051}{section.14.7}% 301
\BOOKMARK [0][-]{chapter.15}{\376\377\000R\000e\000f\000e\000r\000e\000n\000c\000e\000s}{}% 302
\BOOKMARK [1][-]{section.15.1}{\376\377\000D\000a\000n\000h\000\040\000m\036\345\000c\000\040\000T\000\340\000i\000\040\000l\000i\036\307\000u\000\040\000t\000h\000a\000m\000\040\000k\000h\036\243\000o\000\040\000\050\000R\000e\000f\000e\000r\000e\000n\000c\000e\000s\000\051}{chapter.15}% 303
\BOOKMARK [2][-]{subsection.15.1.1}{\376\377\000T\000\340\000i\000\040\000l\000i\036\307\000u\000\040\000T\000i\036\277\000n\000g\000\040\000V\000i\036\307\000t}{section.15.1}% 304
\BOOKMARK [2][-]{subsection.15.1.2}{\376\377\000T\000\340\000i\000\040\000l\000i\036\307\000u\000\040\000T\000i\036\277\000n\000g\000\040\000A\000n\000h}{section.15.1}% 305
