\BOOKMARK [0][-]{chapter*.1}{\376\377\000L\036\334\000I\000\040\000C\036\242\000M\000\040\001\240\000N}{}% 1
\BOOKMARK [0][-]{chapter*.2}{\376\377\000T\000R\000A\000N\000G\000\040\000C\000A\000M\000\040\000K\036\276\000T}{}% 2
\BOOKMARK [0][-]{chapter*.3}{\376\377\000M\036\344\000C\000\040\000L\036\344\000C}{}% 3
\BOOKMARK [0][-]{chapter*.4}{\376\377\000D\000A\000N\000H\000\040\000M\036\344\000C\000\040\000H\000\314\000N\000H\000\040\036\242\000N\000H}{}% 4
\BOOKMARK [0][-]{chapter*.5}{\376\377\000D\000A\000N\000H\000\040\000M\036\344\000C\000\040\000B\036\242\000N\000G}{}% 5
\BOOKMARK [0][-]{chapter*.6}{\376\377\000T\000H\000U\036\254\000T\000\040\000N\000G\036\356\000\040\000V\000\300\000\040\000T\036\352\000\040\000V\000I\036\276\000T\000\040\000T\036\256\000T}{}% 6
\BOOKMARK [0][-]{chapter.1}{\376\377\000G\000I\036\332\000I\000\040\000T\000H\000I\036\306\000U\000\040\000V\000\300\000\040\001\020\036\266\000T\000\040\000V\036\244\000N\000\040\001\020\036\300}{}% 7
\BOOKMARK [1][-]{section.1.1}{\376\377\000G\000i\036\333\000i\000\040\000t\000h\000i\036\307\000u\000\040\001\021\036\301\000\040\000t\000\340\000i\000\040\000v\000\340\000\040\001\020\036\267\000t\000\040\000v\036\245\000n\000\040\001\021\036\301}{chapter.1}% 8
\BOOKMARK [2][-]{subsection.1.1.1}{\376\377\000L\000\375\000\040\000d\000o\000\040\000c\000h\036\315\000n\000\040\001\021\036\301\000\040\000t\000\340\000i}{section.1.1}% 9
\BOOKMARK [2][-]{subsection.1.1.2}{\376\377\000M\036\345\000c\000\040\000t\000i\000\352\000u\000\040\000n\000g\000h\000i\000\352\000n\000\040\000c\036\351\000u}{section.1.1}% 10
\BOOKMARK [2][-]{subsection.1.1.3}{\376\377\001\020\036\321\000i\000\040\000t\001\260\036\343\000n\000g\000\040\000v\000\340\000\040\000P\000h\036\241\000m\000\040\000v\000i\000\040\000n\000g\000h\000i\000\352\000n\000\040\000c\036\351\000u}{section.1.1}% 11
\BOOKMARK [2][-]{subsection.1.1.4}{\376\377\000\335\000\040\000n\000g\000h\001\051\000a\000\040\000k\000h\000o\000a\000\040\000h\036\315\000c\000\040\000v\000\340\000\040\000t\000h\036\361\000c\000\040\000t\000i\036\305\000n}{section.1.1}% 12
\BOOKMARK [2][-]{subsection.1.1.5}{\376\377\000B\036\321\000\040\000c\036\345\000c\000\040\001\021\036\301\000\040\000t\000\340\000i}{section.1.1}% 13
\BOOKMARK [0][-]{chapter.2}{\376\377\000C\001\240\000\040\000S\036\336\000\040\000L\000\335\000\040\000T\000H\000U\000Y\036\276\000T\000\040\000C\000O\000K\000B}{}% 14
\BOOKMARK [1][-]{section.2.1}{\376\377\000M\000\364\000\040\000h\000\354\000n\000h\000\040\001\020\036\321\000i\000\040\000t\001\260\036\343\000n\000g\000\040\000T\000\355\000n\000h\000\040\000t\000o\000\341\000n}{chapter.2}% 15
\BOOKMARK [2][-]{subsection.2.1.1}{\376\377\000T\000h\000\340\000n\000h\000\040\000p\000h\036\247\000n\000\040\000H\036\307\000\040\000t\000h\036\321\000n\000g\000\040\000t\000r\000i\000\040\000t\000h\036\351\000c}{section.2.1}% 16
\BOOKMARK [2][-]{subsection.2.1.2}{\376\377\000M\000\364\000\040\000h\000\354\000n\000h\000\040\001\020\036\321\000i\000\040\000t\001\260\036\343\000n\000g\000\040\000T\000\355\000n\000h\000\040\000t\000o\000\341\000n}{section.2.1}% 17
\BOOKMARK [2][-]{subsection.2.1.3}{\376\377\000P\000h\000\342\000n\000\040\000c\036\245\000p\000\040\000K\000h\000\341\000i\000\040\000n\000i\036\307\000m\000\040\000\050\000C\000o\000n\000c\000e\000p\000t\000\040\000L\000e\000v\000e\000l\000s\000\051}{section.2.1}% 18
\BOOKMARK [1][-]{section.2.2}{\376\377\000C\001\241\000\040\000c\000h\036\277\000\040\000S\000u\000y\000\040\000l\000u\036\255\000n\000\040\000v\000\340\000\040\000G\000i\036\243\000i\000\040\000q\000u\000y\036\277\000t\000\040\000v\036\245\000n\000\040\001\021\036\301}{chapter.2}% 19
\BOOKMARK [2][-]{subsection.2.2.1}{\376\377\000C\000\341\000c\000\040\000Q\000u\000y\000\040\000t\036\257\000c\000\040\000S\000u\000y\000\040\000l\000u\036\255\000n}{section.2.2}% 20
\BOOKMARK [2][-]{subsection.2.2.2}{\376\377\000T\000h\000u\036\255\000t\000\040\000t\000o\000\341\000n\000\040\000T\000\354\000m\000\040\000b\000a\000o\000\040\001\021\000\363\000n\000g\000\040\000\050\000F\000-\000C\000l\000o\000s\000u\000r\000e\000\040\000A\000l\000g\000o\000r\000i\000t\000h\000m\000\051}{section.2.2}% 21
\BOOKMARK [2][-]{subsection.2.2.3}{\376\377\000C\000h\000i\036\277\000n\000\040\000l\001\260\036\343\000c\000\040\000G\000i\036\243\000i\000\040\000b\000\340\000i\000\040\000t\000o\000\341\000n\000:}{section.2.2}% 22
\BOOKMARK [0][-]{chapter.3}{\376\377\000P\000H\000\302\000N\000\040\000T\000\315\000C\000H\000\040\000V\000\300\000\040\000T\000H\000I\036\276\000T\000\040\000K\036\276\000\040\000H\036\306\000\040\000T\000H\036\320\000N\000G}{}% 23
\BOOKMARK [1][-]{section.3.1}{\376\377\000K\000h\036\243\000o\000\040\000s\000\341\000t\000\040\000H\000i\036\307\000n\000\040\000t\000r\036\241\000n\000g\000\040\000\046\000\040\000M\036\345\000c\000\040\000t\000i\000\352\000u}{chapter.3}% 24
\BOOKMARK [2][-]{subsection.3.1.1}{\376\377\000K\000h\036\243\000o\000\040\000s\000\341\000t\000\040\000H\000i\036\307\000n\000\040\000t\000r\036\241\000n\000g}{section.3.1}% 25
\BOOKMARK [2][-]{subsection.3.1.2}{\376\377\000M\036\345\000c\000\040\000t\000i\000\352\000u\000\040\000N\000g\000h\000i\000\352\000n\000\040\000c\036\351\000u}{section.3.1}% 26
\BOOKMARK [1][-]{section.3.2}{\376\377\000T\000\341\000c\000\040\000n\000h\000\342\000n\000\040\000\046\000\040\000V\000a\000i\000\040\000t\000r\000\362\000\040\000H\036\307\000\040\000t\000h\036\321\000n\000g}{chapter.3}% 27
\BOOKMARK [2][-]{subsection.3.2.1}{\376\377\000P\000h\000\342\000n\000\040\000l\000o\036\241\000i\000\040\000N\000g\001\260\036\335\000i\000\040\000d\000\371\000n\000g}{section.3.2}% 28
\BOOKMARK [2][-]{subsection.3.2.2}{\376\377\000M\000\364\000\040\000h\000\354\000n\000h\000\040\000P\000h\000\342\000n\000\040\000q\000u\000y\036\301\000n}{section.3.2}% 29
\BOOKMARK [1][-]{section.3.3}{\376\377\000S\001\241\000\040\001\021\036\323\000\040\000H\000o\036\241\000t\000\040\001\021\036\331\000n\000g\000\040\000T\036\325\000n\000g\000\040\000q\000u\000\341\000t}{chapter.3}% 30
\BOOKMARK [2][-]{subsection.3.3.1}{\376\377\000S\001\241\000\040\001\021\036\323\000\040\000U\000s\000e\000\040\000C\000a\000s\000e\000\040\000T\036\325\000n\000g\000\040\000q\000u\000\341\000t}{section.3.3}% 31
\BOOKMARK [2][-]{subsection.3.3.2}{\376\377\000S\001\241\000\040\001\021\036\323\000\040\000S\000e\000q\000u\000e\000n\000c\000e\000\040\000H\036\307\000\040\000t\000h\036\321\000n\000g}{section.3.3}% 32
\BOOKMARK [1][-]{section.3.4}{\376\377\001\020\036\267\000c\000\040\000t\036\243\000\040\000Y\000\352\000u\000\040\000c\036\247\000u\000\040\000H\036\307\000\040\000t\000h\036\321\000n\000g\000\040\000K\000B\000M\000S}{chapter.3}% 33
\BOOKMARK [2][-]{subsection.3.4.1}{\376\377\000Y\000\352\000u\000\040\000c\036\247\000u\000\040\000C\000h\036\351\000c\000\040\000n\001\003\000n\000g}{section.3.4}% 34
\BOOKMARK [2][-]{subsection.3.4.2}{\376\377\000Y\000\352\000u\000\040\000c\036\247\000u\000\040\000C\000h\036\351\000c\000\040\000n\001\003\000n\000g\000\040\000t\000h\000e\000o\000\040\000T\036\247\000n\000g\000\040\000K\000i\036\277\000n\000\040\000t\000r\000\372\000c}{section.3.4}% 35
\BOOKMARK [2][-]{subsection.3.4.3}{\376\377\000B\036\243\000n\000\040\001\021\036\323\000\040\000C\000h\036\351\000c\000\040\000n\001\003\000n\000g\000\040\000[\000K\000B\000Q\000L\000]}{section.3.4}% 36
\BOOKMARK [2][-]{subsection.3.4.4}{\376\377\000Y\000\352\000u\000\040\000c\036\247\000u\000\040\000P\000h\000i\000\040\000c\000h\036\351\000c\000\040\000n\001\003\000n\000g}{section.3.4}% 37
\BOOKMARK [0][-]{chapter.4}{\376\377\000K\000I\036\276\000N\000\040\000T\000R\000\332\000C\000\040\000H\036\306\000\040\000T\000H\036\320\000N\000G\000\040\000V\000\300\000\040\000C\000\301\000C\000\040\000T\036\246\000N\000G\000\040\000X\036\354\000\040\000L\000\335}{}% 38
\BOOKMARK [1][-]{section.4.1}{\376\377\000T\036\325\000n\000g\000\040\000q\000u\000a\000n\000\040\000K\000i\036\277\000n\000\040\000t\000r\000\372\000c}{chapter.4}% 39
\BOOKMARK [2][-]{subsection.4.1.1}{\376\377\000M\000\364\000\040\000h\000\354\000n\000h\000\040\000K\000i\036\277\000n\000\040\000t\000r\000\372\000c\000\040\0004\000\040\000T\036\247\000n\000g}{section.4.1}% 40
\BOOKMARK [2][-]{subsection.4.1.2}{\376\377\000L\000u\036\323\000n\000g\000\040\000Y\000\352\000u\000\040\000c\036\247\000u\000\040\000T\036\325\000n\000g\000\040\000q\000u\000\341\000t}{section.4.1}% 41
\BOOKMARK [2][-]{subsection.4.1.3}{\376\377\000B\036\243\000o\000\040\000m\036\255\000t\000\040\000\046\000\040\000C\000h\036\251\000n\000\040\001\021\000o\000\341\000n\000\040\000H\036\307\000\040\000t\000h\036\321\000n\000g}{section.4.1}% 42
\BOOKMARK [2][-]{subsection.4.1.4}{\376\377\000C\000\364\000n\000g\000\040\000n\000g\000h\036\307\000\040\000S\036\355\000\040\000d\036\345\000n\000g}{section.4.1}% 43
\BOOKMARK [1][-]{section.4.2}{\376\377\000T\036\247\000n\000g\000\040\036\350\000n\000g\000\040\000d\036\345\000n\000g}{chapter.4}% 44
\BOOKMARK [2][-]{subsection.4.2.1}{\376\377\000K\000B\000M\000S\000\040\000S\000t\000u\000d\000i\000o\000\040\000\050\000I\000D\000E\000\040\000C\000h\000u\000y\000\352\000n\000\040\000n\000g\000h\000i\036\307\000p\000\051}{section.4.2}% 45
\BOOKMARK [2][-]{subsection.4.2.2}{\376\377\000K\000B\000M\000S\000\040\000[\000C\000L\000I\000]}{section.4.2}% 46
\BOOKMARK [1][-]{section.4.3}{\376\377\000T\036\247\000n\000g\000\040\000M\036\241\000n\000g}{chapter.4}% 47
\BOOKMARK [2][-]{subsection.4.3.1}{\376\377\000G\000i\000a\000o\000\040\000t\000h\036\351\000c\000\040\000N\000h\036\313\000\040\000p\000h\000\342\000n\000\040\000\050\000C\000u\000s\000t\000o\000m\000\040\000B\000i\000n\000a\000r\000y\000\040\000P\000r\000o\000t\000o\000c\000o\000l\000\051}{section.4.3}% 48
\BOOKMARK [2][-]{subsection.4.3.2}{\376\377\000Q\000u\036\243\000n\000\040\000l\000\375\000\040\000K\036\277\000t\000\040\000n\036\321\000i}{section.4.3}% 49
\BOOKMARK [1][-]{section.4.4}{\376\377\000T\036\247\000n\000g\000\040\000M\000\341\000y\000\040\000c\000h\036\347}{chapter.4}% 50
\BOOKMARK [2][-]{subsection.4.4.1}{\376\377\000[\000K\000n\000o\000w\000l\000e\000d\000g\000e\000\040\000M\000a\000n\000a\000g\000e\000r\000]}{section.4.4}% 51
\BOOKMARK [2][-]{subsection.4.4.2}{\376\377\000K\000B\000Q\000L\000\040\000P\000a\000r\000s\000e\000r\000\040\000\046\000\040\000C\000o\000m\000p\000i\000l\000e\000r}{section.4.4}% 52
\BOOKMARK [2][-]{subsection.4.4.3}{\376\377\000R\000e\000a\000s\000o\000n\000i\000n\000g\000\040\000E\000n\000g\000i\000n\000e}{section.4.4}% 53
\BOOKMARK [2][-]{subsection.4.4.4}{\376\377\000D\036\313\000c\000h\000\040\000v\036\345\000\040\000B\036\243\000o\000\040\000m\036\255\000t\000\040\000\046\000\040\000X\000\341\000c\000\040\000t\000h\036\361\000c}{section.4.4}% 54
\BOOKMARK [2][-]{subsection.4.4.5}{\376\377\000H\036\307\000\040\000t\000h\036\321\000n\000g\000\040\000N\000h\036\255\000t\000\040\000k\000\375\000\040\000\046\000\040\000C\000h\036\251\000n\000\040\001\021\000o\000\341\000n}{section.4.4}% 55
\BOOKMARK [1][-]{section.4.5}{\376\377\000T\036\247\000n\000g\000\040\000L\001\260\000u\000\040\000t\000r\036\357}{chapter.4}% 56
\BOOKMARK [2][-]{subsection.4.5.1}{\376\377\000\301\000n\000h\000\040\000x\036\241\000\040\000T\000h\000\340\000n\000h\000\040\000p\000h\036\247\000n\000\040\000H\036\307\000\040\000t\000h\036\321\000n\000g}{section.4.5}% 57
\BOOKMARK [2][-]{subsection.4.5.2}{\376\377\000Q\000u\036\243\000n\000\040\000l\000\375\000\040\000T\000r\000a\000n\000g}{section.4.5}% 58
\BOOKMARK [2][-]{subsection.4.5.3}{\376\377\000C\036\245\000u\000\040\000t\000r\000\372\000c\000\040\000C\000h\036\311\000\040\000m\036\345\000c\000\040\000\050\000B\000+\000\040\000T\000r\000e\000e\000\040\000I\000n\000d\000e\000x\000i\000n\000g\000\051}{section.4.5}% 59
\BOOKMARK [2][-]{subsection.4.5.4}{\376\377\001\020\000i\036\301\000u\000\040\000p\000h\036\321\000i\000\040\000T\000r\000u\000y\000\040\000c\036\255\000p\000\040\001\020\036\323\000n\000g\000\040\000t\000h\036\335\000i\000\040\000\050\000L\000a\000t\000c\000h\000i\000n\000g\000\040\000\046\000\040\000P\000i\000n\000n\000i\000n\000g\000\051}{section.4.5}% 60
\BOOKMARK [2][-]{subsection.4.5.5}{\376\377\000B\036\243\000o\000\040\000m\036\255\000t\000\040\000D\036\357\000\040\000l\000i\036\307\000u}{section.4.5}% 61
\BOOKMARK [1][-]{section.4.6}{\376\377\001\020\036\321\000i\000\040\000s\000o\000\341\000t\000\040\000Y\000\352\000u\000\040\000c\036\247\000u\000\040\000K\036\371\000\040\000t\000h\000u\036\255\000t}{chapter.4}% 62
\BOOKMARK [2][-]{subsection.4.6.1}{\376\377\000Y\000\352\000u\000\040\000c\036\247\000u\000\040\000C\000h\036\351\000c\000\040\000n\001\003\000n\000g}{section.4.6}% 63
\BOOKMARK [2][-]{subsection.4.6.2}{\376\377\000Y\000\352\000u\000\040\000c\036\247\000u\000\040\000P\000h\000i\000\040\000c\000h\036\351\000c\000\040\000n\001\003\000n\000g}{section.4.6}% 64
\BOOKMARK [0][-]{chapter.5}{\376\377\001\020\036\312\000N\000H\000\040\000N\000G\000H\001\050\000A\000\040\000M\000\324\000\040\000H\000\314\000N\000H\000\040\000V\000\300\000\040\000K\000H\000\301\000I\000\040\000N\000I\036\306\000M}{}% 65
\BOOKMARK [1][-]{section.5.1}{\376\377\001\020\036\313\000n\000h\000\040\000n\000g\000h\001\051\000a\000\040\000M\000\364\000\040\000h\000\354\000n\000h\000\040\000t\000r\000i\000\040\000t\000h\036\351\000c\000\040\000d\036\241\000n\000g}{chapter.5}% 66
\BOOKMARK [2][-]{subsection.5.1.1}{\376\377\000T\000h\000\340\000n\000h\000\040\000p\000h\036\247\000n\000\040\000C}{section.5.1}% 67
\BOOKMARK [2][-]{subsection.5.1.2}{\376\377\000T\000h\000\340\000n\000h\000\040\000p\000h\036\247\000n\000\040\000H}{section.5.1}% 68
\BOOKMARK [2][-]{subsection.5.1.3}{\376\377\000T\000h\000\340\000n\000h\000\040\000p\000h\036\247\000n\000\040\000R}{section.5.1}% 69
\BOOKMARK [2][-]{subsection.5.1.4}{\376\377\000T\000h\000\340\000n\000h\000\040\000p\000h\036\247\000n\000\040\000R\000u\000l\000e\000s\000\040\000\046\000\040\000L\000o\000g\000i\000c}{section.5.1}% 70
\BOOKMARK [2][-]{subsection.5.1.5}{\376\377\000T\000h\000\340\000n\000h\000\040\000p\000h\036\247\000n\000\040\000O\000p\000s\000\040\000\046\000\040\000F\000u\000n\000c\000s}{section.5.1}% 71
\BOOKMARK [2][-]{subsection.5.1.6}{\376\377\000T\000h\036\361\000c\000\040\000t\000h\036\303\000\040\001\020\036\321\000i\000\040\000t\001\260\036\343\000n\000g}{section.5.1}% 72
\BOOKMARK [2][-]{subsection.5.1.7}{\376\377\000V\000\355\000\040\000d\036\345\000\040\000m\000i\000n\000h\000\040\000h\036\315\000a\000\040\000t\000h\036\361\000c\000\040\000t\036\277\000\040\000c\000h\000o\000\040\000m\000\364\000\040\000h\000\354\000n\000h}{section.5.1}% 73
\BOOKMARK [0][-]{chapter.6}{\376\377\000N\000G\000\324\000N\000\040\000N\000G\036\356\000\040\000T\000R\000U\000Y\000\040\000V\036\244\000N\000\040\000T\000R\000I\000\040\000T\000H\036\350\000C\000\040\000K\000B\000Q\000L}{}% 74
\BOOKMARK [1][-]{section.6.1}{\376\377\000G\000i\036\333\000i\000\040\000t\000h\000i\036\307\000u\000\040\000v\036\301\000\040\000N\000g\000\364\000n\000\040\000n\000g\036\357\000\040\000T\000r\000u\000y\000\040\000v\036\245\000n}{chapter.6}% 75
\BOOKMARK [2][-]{subsection.6.1.1}{\376\377\000T\000r\000i\036\277\000t\000\040\000l\000\375\000\040\000T\000h\000i\036\277\000t\000\040\000k\036\277}{section.6.1}% 76
\BOOKMARK [2][-]{subsection.6.1.2}{\376\377\000C\000\341\000c\000\040\000T\000h\000\340\000n\000h\000\040\000p\000h\036\247\000n\000\040\000C\000h\000\355\000n\000h\000\040\000c\036\347\000a}{section.6.1}% 77
\BOOKMARK [2][-]{subsection.6.1.3}{\376\377\000H\036\327\000\040\000t\000r\036\343\000\040\000C\000h\036\311\000n\000h\000\040\000s\036\355\000a}{section.6.1}% 78
\BOOKMARK [2][-]{subsection.6.1.4}{\376\377\000K\000i\036\303\000u\000\040\000D\036\357\000\040\000l\000i\036\307\000u\000\040\000H\036\327\000\040\000t\000r\036\343}{section.6.1}% 79
\BOOKMARK [2][-]{subsection.6.1.5}{\376\377\000K\000h\000\341\000i\000\040\000n\000i\036\307\000m\000\040\000C\036\321\000t\000\040\000l\000\365\000i}{section.6.1}% 80
\BOOKMARK [1][-]{section.6.2}{\376\377\001\020\036\313\000n\000h\000\040\000n\000g\000h\001\051\000a\000\040\000T\000r\000i\000\040\000t\000h\036\351\000c}{chapter.6}% 81
\BOOKMARK [2][-]{subsection.6.2.1}{\376\377\000Q\000u\036\243\000n\000\040\000l\000\375\000\040\000C\001\241\000\040\000s\036\337\000\040\000T\000r\000i\000\040\000t\000h\036\351\000c}{section.6.2}% 82
\BOOKMARK [2][-]{subsection.6.2.2}{\376\377\001\020\036\313\000n\000h\000\040\000n\000g\000h\001\051\000a\000\040\000K\000h\000\341\000i\000\040\000n\000i\036\307\000m}{section.6.2}% 83
\BOOKMARK [2][-]{subsection.6.2.3}{\376\377\000Q\000u\036\243\000n\000\040\000l\000\375\000\040\000P\000h\000\342\000n\000\040\000c\036\245\000p}{section.6.2}% 84
\BOOKMARK [2][-]{subsection.6.2.4}{\376\377\001\020\036\313\000n\000h\000\040\000n\000g\000h\001\051\000a\000\040\000Q\000u\000a\000n\000\040\000h\036\307}{section.6.2}% 85
\BOOKMARK [2][-]{subsection.6.2.5}{\376\377\001\020\036\313\000n\000h\000\040\000n\000g\000h\001\051\000a\000\040\000L\000u\036\255\000t}{section.6.2}% 86
\BOOKMARK [2][-]{subsection.6.2.6}{\376\377\000T\000o\000\341\000n\000\040\000t\036\355\000\040\000\046\000\040\000H\000\340\000m\000\040\000T\000\371\000y\000\040\000b\000i\036\277\000n}{section.6.2}% 87
\BOOKMARK [2][-]{subsection.6.2.7}{\376\377\000C\000\364\000n\000g\000\040\000t\000h\036\351\000c\000\040\000t\036\361\000\040\001\021\036\331\000n\000g}{section.6.2}% 88
\BOOKMARK [2][-]{subsection.6.2.8}{\376\377\000C\000h\036\311\000\040\000m\036\345\000c}{section.6.2}% 89
\BOOKMARK [2][-]{subsection.6.2.9}{\376\377\000S\036\361\000\040\000k\000i\036\307\000n\000\040\000t\036\361\000\040\001\021\036\331\000n\000g}{section.6.2}% 90
\BOOKMARK [1][-]{section.6.3}{\376\377\000T\000h\000a\000o\000\040\000t\000\341\000c\000\040\000t\000r\000i\000\040\000t\000h\036\351\000c}{chapter.6}% 91
\BOOKMARK [2][-]{subsection.6.3.1}{\376\377\000C\000h\000\350\000n\000\040\000S\036\361\000\040\000k\000i\036\307\000n}{section.6.3}% 92
\BOOKMARK [2][-]{subsection.6.3.2}{\376\377\000C\036\255\000p\000\040\000n\000h\036\255\000t\000\040\000S\036\361\000\040\000k\000i\036\307\000n}{section.6.3}% 93
\BOOKMARK [2][-]{subsection.6.3.3}{\376\377\000X\000\363\000a\000\040\000S\036\361\000\040\000k\000i\036\307\000n}{section.6.3}% 94
\BOOKMARK [2][-]{subsection.6.3.4}{\376\377\000C\000h\000u\000y\036\303\000n\000\040\001\021\036\325\000i\000\040\000D\036\357\000\040\000l\000i\036\307\000u}{section.6.3}% 95
\BOOKMARK [2][-]{subsection.6.3.5}{\376\377\001\020\036\267\000c\000\040\001\021\000i\036\303\000m\000\040\000c\036\347\000a\000\040\000K\000M\000L\000\040\000t\000r\000o\000n\000g\000\040\000h\036\307\000\040\000t\000h\036\321\000n\000g\000\040\000K\000B\000M\000S}{section.6.3}% 96
\BOOKMARK [1][-]{section.6.4}{\376\377\000T\000r\000u\000y\000\040\000v\036\245\000n\000\040\000v\000\340\000\040\000S\000u\000y\000\040\000d\000i\036\305\000n}{chapter.6}% 97
\BOOKMARK [2][-]{subsection.6.4.1}{\376\377\000T\000r\000u\000y\000\040\000v\036\245\000n\000\040\000D\036\357\000\040\000l\000i\036\307\000u}{section.6.4}% 98
\BOOKMARK [2][-]{subsection.6.4.2}{\376\377\000G\000i\036\243\000i\000\040\000q\000u\000y\036\277\000t\000\040\000T\000r\000i\000\040\000t\000h\036\351\000c}{section.6.4}% 99
\BOOKMARK [2][-]{subsection.6.4.3}{\376\377\000K\000i\036\303\000m\000\040\000t\000r\000a\000\040\000H\036\307\000\040\000t\000h\036\321\000n\000g}{section.6.4}% 100
\BOOKMARK [2][-]{subsection.6.4.4}{\376\377\000P\000h\000\342\000n\000\040\000t\000\355\000c\000h\000\040\000\046\000\040\000M\000\364\000\040\000t\036\243}{section.6.4}% 101
\BOOKMARK [2][-]{subsection.6.4.5}{\376\377\000T\000r\000u\000y\000\040\000v\036\245\000n\000\040\000M\000e\000t\000a\000d\000a\000t\000a}{section.6.4}% 102
\BOOKMARK [1][-]{section.6.5}{\376\377\000K\000i\036\303\000m\000\040\000s\000o\000\341\000t\000\040\000t\000r\000u\000y\000\040\000c\036\255\000p}{chapter.6}% 103
\BOOKMARK [2][-]{subsection.6.5.1}{\376\377\000Q\000u\036\243\000n\000\040\000l\000\375\000\040\000N\000g\001\260\036\335\000i\000\040\000d\000\371\000n\000g}{section.6.5}% 104
\BOOKMARK [2][-]{subsection.6.5.2}{\376\377\000Q\000u\036\243\000n\000\040\000t\000r\036\313\000\040\000Q\000u\000y\036\301\000n\000\040\000h\036\241\000n}{section.6.5}% 105
\BOOKMARK [2][-]{subsection.6.5.3}{\376\377\000C\000\341\000c\000\040\000t\000h\036\361\000c\000\040\000t\000h\036\303\000\040\000Q\000u\036\243\000n\000\040\000t\000r\036\313\000\040\001\021\036\267\000c\000\040\000b\000i\036\307\000t}{section.6.5}% 106
\BOOKMARK [1][-]{section.6.6}{\376\377\000T\000C\000L\000:\000\040\000N\000g\000\364\000n\000\040\000n\000g\036\357\000\040\000K\000i\036\303\000m\000\040\000s\000o\000\341\000t\000\040\000G\000i\000a\000o\000\040\000d\036\313\000c\000h}{chapter.6}% 107
\BOOKMARK [2][-]{subsection.6.6.1}{\376\377\000M\036\331\000t\000\040\000G\000i\000a\000o\000\040\000d\036\313\000c\000h\000\040\000l\000\340\000\040\000g\000\354\000?}{section.6.6}% 108
\BOOKMARK [2][-]{subsection.6.6.2}{\376\377\000C\000\341\000c\000\040\000l\036\307\000n\000h\000\040\000G\000i\000a\000o\000\040\000d\036\313\000c\000h}{section.6.6}% 109
\BOOKMARK [2][-]{subsection.6.6.3}{\376\377\000V\000a\000i\000\040\000t\000r\000\362\000\040\000c\036\347\000a\000\040\000G\000i\000a\000o\000\040\000d\036\313\000c\000h\000\040\000t\000r\000o\000n\000g}{section.6.6}% 110
\BOOKMARK [1][-]{section.6.7}{\376\377\000B\036\243\000o\000\040\000t\000r\000\354\000\040\000H\036\307\000\040\000t\000h\036\321\000n\000g}{chapter.6}% 111
\BOOKMARK [2][-]{subsection.6.7.1}{\376\377\000L\036\307\000n\000h\000\040\000B\036\243\000o\000\040\000t\000r\000\354}{section.6.7}% 112
\BOOKMARK [2][-]{subsection.6.7.2}{\376\377\000C\000\341\000c\000\040\000h\000\340\000n\000h\000\040\001\021\036\331\000n\000g\000\040\000c\036\345\000\040\000t\000h\036\303}{section.6.7}% 113
\BOOKMARK [2][-]{subsection.6.7.3}{\376\377\000T\036\247\000n\000\040\000s\000u\036\245\000t\000\040\000t\000h\036\361\000c\000\040\000h\000i\036\307\000n\000\040\000b\036\243\000n\000\040\000k\000h\000u\000y\036\277\000n\000\040\000n\000g\000h\036\313}{section.6.7}% 114
\BOOKMARK [1][-]{section.6.8}{\376\377\000B\000i\036\303\000u\000\040\000t\000h\036\351\000c\000\040\000v\000\340\000\040\000H\000\340\000m\000\040\000s\036\321}{chapter.6}% 115
\BOOKMARK [2][-]{subsection.6.8.1}{\376\377\000T\000o\000\341\000n\000\040\000t\036\355\000\040\000C\001\241\000\040\000b\036\243\000n}{section.6.8}% 116
\BOOKMARK [2][-]{subsection.6.8.2}{\376\377\000H\000\340\000m\000\040\000T\000\355\000c\000h\000\040\000h\036\343\000p}{section.6.8}% 117
\BOOKMARK [2][-]{subsection.6.8.3}{\376\377\000C\000\341\000c\000h\000\040\000s\036\355\000\040\000d\036\345\000n\000g\000\040\000t\000r\000o\000n\000g\000\040\000C\000A\000L\000C\000\050\000\051}{section.6.8}% 118
\BOOKMARK [2][-]{subsection.6.8.4}{\376\377\000T\001\260\001\241\000n\000g\000\040\000t\000\341\000c\000\040\000v\036\333\000i\000\040\000B\000i\036\277\000n}{section.6.8}% 119
\BOOKMARK [2][-]{subsection.6.8.5}{\376\377\000L\001\260\000u\000\040\000\375\000\040\000v\036\301\000\040\000H\000i\036\307\000u\000\040\000n\001\003\000n\000g}{section.6.8}% 120
\BOOKMARK [1][-]{section.6.9}{\376\377\000C\000\341\000c\000\040\000t\000r\001\260\036\335\000n\000g\000\040\000h\036\343\000p\000\040\000C\000h\000u\000y\000\352\000n\000\040\000g\000i\000a}{chapter.6}% 121
\BOOKMARK [2][-]{subsection.6.9.1}{\376\377\000G\000i\036\243\000i\000\040\000n\000g\001\260\036\343\000c\000\040\000P\000h\001\260\001\241\000n\000g\000\040\000t\000r\000\354\000n\000h}{section.6.9}% 122
\BOOKMARK [2][-]{subsection.6.9.2}{\376\377\000S\000u\000y\000\040\000d\000i\036\305\000n\000\040\000C\000h\000\371\000m}{section.6.9}% 123
\BOOKMARK [2][-]{subsection.6.9.3}{\376\377\000P\000h\000\342\000n\000\040\000c\036\245\000p\000\040\000K\036\277\000\040\000t\000h\036\353\000a\000\040\001\020\000a\000\040\000t\036\247\000n\000g}{section.6.9}% 124
\BOOKMARK [2][-]{subsection.6.9.4}{\376\377\000R\000\340\000n\000g\000\040\000b\000u\036\331\000c\000\040\000n\036\331\000i\000\040\000b\036\331\000\040\000p\000h\036\351\000c\000\040\000t\036\241\000p}{section.6.9}% 125
\BOOKMARK [2][-]{subsection.6.9.5}{\376\377\000G\000i\036\243\000i\000\040\000h\036\307\000\040\000p\000h\001\260\001\241\000n\000g\000\040\000t\000r\000\354\000n\000h\000\040\0002\000\040\036\251\000n\000\040\000\050\000N\000e\000w\000t\000o\000n\000-\000R\000a\000p\000h\000s\000o\000n\000\040\0002\000D\000\051}{section.6.9}% 126
\BOOKMARK [2][-]{subsection.6.9.6}{\376\377\000K\036\277\000t\000\040\000h\036\343\000p\000\040\000T\000r\000i\000g\000g\000e\000r\000\040\000v\000\340\000\040\000R\000u\000l\000e\000\040\000\050\000T\000h\000e\000\040\000C\000h\000a\000i\000n\000\040\000R\000e\000a\000c\000t\000i\000o\000n\000\051}{section.6.9}% 127
\BOOKMARK [1][-]{section.6.10}{\376\377\000X\000\341\000c\000\040\000t\000h\036\361\000c\000\040\000N\000g\000\364\000n\000\040\000n\000g\036\357}{chapter.6}% 128
\BOOKMARK [2][-]{subsection.6.10.1}{\376\377\000K\000i\036\303\000m\000\040\000t\000h\036\355\000\040\000C\000\372\000\040\000p\000h\000\341\000p}{section.6.10}% 129
\BOOKMARK [2][-]{subsection.6.10.2}{\376\377\000B\036\261\000n\000g\000\040\000c\000h\036\351\000n\000g\000\040\000T\000h\036\361\000c\000\040\000n\000g\000h\000i\036\307\000m}{section.6.10}% 130
\BOOKMARK [2][-]{subsection.6.10.3}{\376\377\000N\000h\036\255\000t\000\040\000k\000\375\000\040\000[\000L\000e\000x\000e\000r\000]}{section.6.10}% 131
\BOOKMARK [0][-]{chapter.7}{\376\377\000C\001\240\000\040\000C\000H\036\276\000\040\000L\001\257\000U\000\040\000T\000R\036\356\000\040\000V\000\300\000\040\000Q\000U\036\242\000N\000\040\000L\000\335\000\040\000D\036\356\000\040\000L\000I\036\306\000U\000\040\000N\000H\036\312\000\040\000P\000H\000\302\000N}{}% 132
\BOOKMARK [1][-]{section.7.1}{\376\377\000T\036\325\000n\000g\000\040\000q\000u\000a\000n\000\040\000v\036\301\000\040\000K\000i\036\277\000n\000\040\000t\000r\000\372\000c\000\040\000L\001\260\000u\000\040\000t\000r\036\357}{chapter.7}% 133
\BOOKMARK [2][-]{subsection.7.1.1}{\376\377\000H\036\307\000\040\000t\000h\036\321\000n\000g\000\040\000P\000h\000\342\000n\000\040\000t\036\247\000n\000g\000\040\000I\000/\000O}{section.7.1}% 134
\BOOKMARK [2][-]{subsection.7.1.2}{\376\377\000Q\000u\036\243\000n\000\040\000l\000\375\000\040\001\020\000a\000\040\000C\001\241\000\040\000s\036\337\000\040\000t\000r\000i\000\040\000t\000h\036\351\000c}{section.7.1}% 135
\BOOKMARK [2][-]{subsection.7.1.3}{\376\377\000T\000h\000\340\000n\000h\000\040\000p\000h\036\247\000n\000\040\000t\000h\036\361\000c\000\040\000t\000h\000i}{section.7.1}% 136
\BOOKMARK [2][-]{subsection.7.1.4}{\376\377\001\020\036\267\000c\000\040\000t\036\243\000\040\001\020\036\313\000n\000h\000\040\000l\001\260\036\343\000n\000g\000\040\000c\036\347\000a\000\040\000S\000t\000o\000r\000a\000g\000e\000\040\000E\000n\000g\000i\000n\000e}{section.7.1}% 137
\BOOKMARK [2][-]{subsection.7.1.5}{\376\377\000C\000\341\000c\000\040\000t\036\307\000p\000\040\000t\000i\000n\000\040\000l\001\260\000u\000\040\000t\000r\036\357\000\040\000v\036\255\000t\000\040\000l\000\375}{section.7.1}% 138
\BOOKMARK [2][-]{subsection.7.1.6}{\376\377\000P\000h\000\342\000n\000\040\000t\000\355\000c\000h\000\040\001\020\036\313\000n\000h\000\040\000l\001\260\036\343\000n\000g\000\040\000H\000i\036\307\000u\000\040\000n\001\003\000n\000g\000\040\000T\000h\036\361\000c\000\040\000t\000h\000i}{section.7.1}% 139
\BOOKMARK [1][-]{section.7.2}{\376\377\000G\000i\036\243\000i\000\040\000p\000h\036\253\000u\000\040\000T\000r\000a\000n\000g\000\040\000v\036\255\000t\000\040\000l\000\375\000\040\000\050\000P\000a\000g\000e\000\040\000A\000n\000a\000t\000o\000m\000y\000\051}{chapter.7}% 140
\BOOKMARK [2][-]{subsection.7.2.1}{\376\377\000C\036\245\000u\000\040\000t\000r\000\372\000c\000\040\000n\036\331\000i\000\040\000t\036\241\000i\000\040\000c\036\347\000a\000\040\000T\000r\000a\000n\000g}{section.7.2}% 141
\BOOKMARK [2][-]{subsection.7.2.2}{\376\377\001\020\036\267\000c\000\040\000t\036\243\000\040\000H\000e\000a\000d\000e\000r}{section.7.2}% 142
\BOOKMARK [2][-]{subsection.7.2.3}{\376\377\000Q\000u\036\243\000n\000\040\000l\000\375\000\040\000b\036\243\000n\000\040\000g\000h\000i\000\040\000\050\000S\000l\000o\000t\000t\000e\000d\000\040\000P\000a\000g\000e\000\040\000L\000o\000g\000i\000c\000\051}{section.7.2}% 143
\BOOKMARK [2][-]{subsection.7.2.4}{\376\377\000L\036\343\000i\000\040\000\355\000c\000h\000\040\000k\036\371\000\040\000t\000h\000u\036\255\000t\000\040\000c\036\347\000a\000\040\000K\000B\000M\000S\000\040\000V\0003}{section.7.2}% 144
\BOOKMARK [1][-]{section.7.3}{\376\377\000C\000h\036\311\000\040\000m\036\345\000c\000\040\000C\000\342\000y\000\040\000[\000B\000+\000\040\000T\000r\000e\000e\000]}{chapter.7}% 145
\BOOKMARK [2][-]{subsection.7.3.1}{\376\377\000C\036\245\000u\000\040\000t\000r\000\372\000c\000\040\001\020\000a\000\040\000t\036\247\000n\000g}{section.7.3}% 146
\BOOKMARK [2][-]{subsection.7.3.2}{\376\377\000C\000\341\000c\000\040\000T\000h\000u\036\255\000t\000\040\000t\000o\000\341\000n\000\040\000V\036\255\000n\000\040\000h\000\340\000n\000h\000\040\000C\036\321\000t\000\040\000l\000\365\000i}{section.7.3}% 147
\BOOKMARK [2][-]{subsection.7.3.3}{\376\377\000C\000l\000u\000s\000t\000e\000r\000e\000d\000\040\000I\000n\000d\000e\000x\000\040\000t\000r\000o\000n\000g}{section.7.3}% 148
\BOOKMARK [1][-]{section.7.4}{\376\377\000\301\000n\000h\000\040\000x\036\241\000\040\000M\000\364\000\040\000h\000\354\000n\000h\000\040\000s\000a\000n\000g\000\040\000D\036\357\000\040\000l\000i\036\307\000u\000\040\000n\000h\036\313\000\040\000p\000h\000\342\000n\000\040\000\050\000M\000o\000d\000e\000l\000\040\000S\000e\000r\000i\000a\000l\000i\000z\000a\000t\000i\000o\000n\000\051}{chapter.7}% 149
\BOOKMARK [2][-]{subsection.7.4.1}{\376\377\000C\000h\000i\036\277\000n\000\040\000l\001\260\036\343\000c\000\040\000T\000u\036\247\000n\000\040\000t\036\361\000\040\000h\000\363\000a\000\040\000N\000h\036\313\000\040\000p\000h\000\342\000n\000\040\000T\000h\000u\036\247\000n\000\040\000t\000\372\000y}{section.7.4}% 150
\BOOKMARK [2][-]{subsection.7.4.2}{\376\377\001\020\036\267\000c\000\040\000t\036\243\000\040\000C\036\245\000u\000\040\000t\000r\000\372\000c\000\040\000T\000u\000p\000l\000e\000\040\000c\000h\000o\000\040\000c\000\341\000c\000\040\000l\036\333\000p\000\040\000d\036\357\000\040\000l\000i\036\307\000u}{section.7.4}% 151
\BOOKMARK [2][-]{subsection.7.4.3}{\376\377\000C\036\245\000u\000\040\000t\000r\000\372\000c\000\040\000S\000u\000b\000-\000b\000l\000o\000b\000\040\001\021\036\307\000\040\000q\000u\000y}{section.7.4}% 152
\BOOKMARK [2][-]{subsection.7.4.4}{\376\377\000C\001\241\000\040\000c\000h\036\277\000\040\000P\000h\036\345\000c\000\040\000h\036\323\000i\000\040\000K\000i\036\303\000u\000\040\000d\036\357\000\040\000l\000i\036\307\000u\000\040\000\050\000H\000y\000d\000r\000a\000t\000i\000o\000n\000\040\000\046\000\040\000C\000a\000s\000t\000i\000n\000g\000\051}{section.7.4}% 153
\BOOKMARK [1][-]{section.7.5}{\376\377\001\020\036\331\000\040\000b\036\301\000n\000\040\000\046\000\040\000N\000h\036\255\000t\000\040\000k\000\375\000\040\000g\000h\000i\000\040\000t\000r\001\260\036\333\000c}{chapter.7}% 154
\BOOKMARK [2][-]{subsection.7.5.1}{\376\377\000G\000i\000a\000o\000\040\000t\000h\036\351\000c\000\040\000W\000r\000i\000t\000e\000-\000A\000h\000e\000a\000d\000\040\000L\000o\000g\000g\000i\000n\000g}{section.7.5}% 155
\BOOKMARK [2][-]{subsection.7.5.2}{\376\377\000S\036\321\000\040\000t\000u\036\247\000n\000\040\000t\036\361\000\040\000n\000h\036\255\000t\000\040\000k\000\375\000\040\000\050\000L\000S\000N\000\040\000-\000\040\000L\000o\000g\000\040\000S\000e\000q\000u\000e\000n\000c\000e\000\040\000N\000u\000m\000b\000e\000r\000\051}{section.7.5}% 156
\BOOKMARK [2][-]{subsection.7.5.3}{\376\377\000Q\000u\000y\000\040\000t\000r\000\354\000n\000h\000\040\000P\000h\036\345\000c\000\040\000h\036\323\000i\000\040\000s\000a\000u\000\040\000s\036\361\000\040\000c\036\321}{section.7.5}% 157
\BOOKMARK [2][-]{subsection.7.5.4}{\376\377\001\020\036\267\000c\000\040\000t\036\243\000\040\000n\000h\036\313\000\040\000p\000h\000\342\000n\000\040\000c\036\347\000a\000\040\000[\000L\000o\000g\000R\000e\000c\000o\000r\000d\000]}{section.7.5}% 158
\BOOKMARK [2][-]{subsection.7.5.5}{\376\377\000M\000i\000n\000h\000\040\000h\036\315\000a\000\040\000H\000e\000x\000\040\000D\000u\000m\000p\000:\000\040\000M\036\331\000t\000\040\000b\036\243\000n\000\040\000g\000h\000i\000\040\000n\000h\036\255\000t\000\040\000k\000\375\000\040\000\050\000L\000o\000g\000R\000e\000c\000o\000r\000d\000\051}{section.7.5}% 159
\BOOKMARK [1][-]{section.7.6}{\376\377\000Q\000u\036\243\000n\000\040\000l\000\375\000\040\000V\036\255\000t\000\040\000l\000\375\000\040\000\046\000\040\000M\000\343\000\040\000h\000\363\000a}{chapter.7}% 160
\BOOKMARK [2][-]{subsection.7.6.1}{\376\377\000\301\000n\000h\000\040\000x\036\241\000\040\000T\000r\000a\000n\000g\000\040\000v\036\255\000t\000\040\000l\000\375}{section.7.6}% 161
\BOOKMARK [2][-]{subsection.7.6.2}{\376\377\000M\000\343\000\040\000h\000\363\000a\000\040\000d\036\357\000\040\000l\000i\036\307\000u\000\040\000t\001\051\000n\000h\000\040\000\050\000A\000E\000S\000-\0002\0005\0006\000\040\000E\000n\000c\000r\000y\000p\000t\000i\000o\000n\000\051}{section.7.6}% 162
\BOOKMARK [2][-]{subsection.7.6.3}{\376\377\000Q\000u\036\243\000n\000\040\000l\000\375\000\040\000t\036\307\000p\000\040\000t\000i\000n\000\040\000v\000\340\000\040\000C\036\245\000p\000\040\000p\000h\000\341\000t}{section.7.6}% 163
\BOOKMARK [2][-]{subsection.7.6.4}{\376\377\000S\000o\000\040\000s\000\341\000n\000h\000\040\000D\036\357\000\040\000l\000i\036\307\000u\000:\000\040\000T\000r\001\260\036\333\000c\000\040\000v\000\340\000\040\000S\000a\000u\000\040\000k\000h\000i\000\040\000G\000i\036\243\000i\000\040\000m\000\343}{section.7.6}% 164
\BOOKMARK [1][-]{section.7.7}{\376\377\000T\000h\036\361\000c\000\040\000t\036\277\000\040\000h\000\363\000a\000:\000\040\000T\036\353\000\040\000M\000\364\000\040\000h\000\354\000n\000h\000\040\001\021\036\321\000i\000\040\000t\001\260\036\343\000n\000g\000\040\000s\000a\000n\000g\000\040\000C\000h\000u\036\327\000i\000\040\000n\000h\000i\000\040\000p\000h\000\342\000n}{chapter.7}% 165
\BOOKMARK [2][-]{subsection.7.7.1}{\376\377\001\020\036\321\000i\000\040\000t\001\260\036\343\000n\000g\000\040\001\021\036\247\000u\000\040\000v\000\340\000o}{section.7.7}% 166
\BOOKMARK [2][-]{subsection.7.7.2}{\376\377\000T\000u\036\247\000n\000\040\000t\036\361\000\040\000h\000\363\000a\000\040\000t\000h\000\340\000n\000h\000\040\000[\000T\000u\000p\000l\000e\000]}{section.7.7}% 167
\BOOKMARK [2][-]{subsection.7.7.3}{\376\377\000B\036\243\000n\000\040\001\021\036\323\000\040\000v\036\313\000\040\000t\000r\000\355\000\040\000t\000r\000o\000n\000g\000\040\000T\000r\000a\000n\000g\000\040\000\050\000S\000l\000o\000t\000t\000e\000d\000\040\000P\000a\000g\000e\000\040\000M\000a\000p\000p\000i\000n\000g\000\051}{section.7.7}% 168
\BOOKMARK [2][-]{subsection.7.7.4}{\376\377\000B\000i\036\303\000u\000\040\000d\000i\036\305\000n\000\040\000d\001\260\036\333\000i\000\040\000d\036\241\000n\000g\000\040\000m\000\343\000\040\000H\000e\000x}{section.7.7}% 169
\BOOKMARK [2][-]{subsection.7.7.5}{\376\377\000V\000\355\000\040\000d\036\345\000\040\000N\000h\036\313\000\040\000p\000h\000\342\000n\000:\000\040\000T\000u\036\247\000n\000\040\000t\036\361\000\040\000h\000\363\000a\000\040\000S\000i\000\352\000u\000\040\000d\036\357\000\040\000l\000i\036\307\000u}{section.7.7}% 170
\BOOKMARK [2][-]{subsection.7.7.6}{\376\377\000M\000i\000n\000h\000\040\000h\036\315\000a\000\040\000H\000e\000x\000\040\000D\000u\000m\000p\000:\000\040\000M\000e\000t\000a\000d\000a\000t\000a\000\040\000C\000o\000n\000c\000e\000p\000t}{section.7.7}% 171
\BOOKMARK [0][-]{chapter.8}{\376\377\000B\036\330\000\040\000M\000\301\000Y\000\040\000S\000U\000Y\000\040\000D\000I\036\304\000N\000\040\000V\000\300\000\040\000T\000H\000U\036\254\000T\000\040\000T\000O\000\301\000N\000\040\000B\000A\000O\000\040\001\020\000\323\000N\000G}{}% 172
\BOOKMARK [1][-]{section.8.1}{\376\377\000K\000i\036\277\000n\000\040\000t\000r\000\372\000c\000\040\000H\036\307\000\040\000t\000h\036\321\000n\000g\000\040\000S\000u\000y\000\040\000d\000i\036\305\000n\000\040\000\050\000R\000e\000a\000s\000o\000n\000i\000n\000g\000\040\000A\000r\000c\000h\000i\000t\000e\000c\000t\000u\000r\000e\000\051}{chapter.8}% 173
\BOOKMARK [2][-]{subsection.8.1.1}{\376\377\000N\000g\000u\000y\000\352\000n\000\040\000l\000\375\000\040\000T\000h\000i\036\277\000t\000\040\000k\036\277}{section.8.1}% 174
\BOOKMARK [2][-]{subsection.8.1.2}{\376\377\000S\001\241\000\040\001\021\036\323\000\040\001\020\000i\036\301\000u\000\040\000p\000h\036\321\000i\000\040\000S\000u\000y\000\040\000d\000i\036\305\000n}{section.8.1}% 175
\BOOKMARK [2][-]{subsection.8.1.3}{\376\377\000M\036\321\000i\000\040\000l\000i\000\352\000n\000\040\000h\036\307\000\040\000v\036\333\000i\000\040\000B\036\331\000\040\000t\036\321\000i\000\040\001\260\000u\000\040\000h\000\363\000a\000\040\000T\000r\000u\000y\000\040\000v\036\245\000n\000\040\000\050\000S\000y\000s\000t\000e\000m\000\040\000S\000y\000n\000e\000r\000g\000y\000\051}{section.8.1}% 176
\BOOKMARK [2][-]{subsection.8.1.4}{\376\377\000B\000i\036\303\000u\000\040\000d\000i\036\305\000n\000\040\000T\000r\000i\000\040\000t\000h\036\351\000c\000\040\000\050\000K\000n\000o\000w\000l\000e\000d\000g\000e\000\040\000R\000e\000p\000r\000e\000s\000e\000n\000t\000a\000t\000i\000o\000n\000\051}{section.8.1}% 177
\BOOKMARK [1][-]{section.8.2}{\376\377\000T\000h\000u\036\255\000t\000\040\000t\000o\000\341\000n\000\040\000S\000u\000y\000\040\000d\000i\036\305\000n\000\040\000v\000\340\000\040\000B\000a\000o\000\040\001\021\000\363\000n\000g\000\040\000\050\000I\000n\000f\000e\000r\000e\000n\000c\000e\000\040\000A\000l\000g\000o\000r\000i\000t\000h\000m\000s\000\051}{chapter.8}% 178
\BOOKMARK [2][-]{subsection.8.2.1}{\376\377\000T\000h\000u\036\255\000t\000\040\000t\000o\000\341\000n\000\040\000F\000-\000C\000l\000o\000s\000u\000r\000e\000\040\000\050\000K\000n\000o\000w\000l\000e\000d\000g\000e\000\040\000C\000l\000o\000s\000u\000r\000e\000\051}{section.8.2}% 179
\BOOKMARK [2][-]{subsection.8.2.2}{\376\377\001\020\036\267\000c\000\040\000t\036\243\000\040\000C\000\340\000i\000\040\001\021\036\267\000t\000\040\000\050\000I\000n\000f\000e\000r\000e\000n\000c\000e\000E\000n\000g\000i\000n\000e\000.\000c\000s\000\051}{section.8.2}% 180
\BOOKMARK [2][-]{subsection.8.2.3}{\376\377\000C\000\341\000c\000\040\000C\001\241\000\040\000c\000h\036\277\000\040\000T\000h\000\372\000c\000\040\001\021\036\251\000y\000\040\000H\000i\036\307\000u\000\040\000n\001\003\000n\000g\000\040\000\050\000O\000p\000t\000i\000m\000i\000z\000a\000t\000i\000o\000n\000\040\000M\000e\000c\000h\000a\000n\000i\000s\000m\000s\000\051}{section.8.2}% 181
\BOOKMARK [1][-]{section.8.3}{\376\377\000G\000i\036\243\000i\000\040\000t\000h\000u\036\255\000t\000\040\000T\000\355\000n\000h\000\040\000t\000o\000\341\000n\000\040\000v\000\340\000\040\000H\036\307\000\040\000P\000h\001\260\001\241\000n\000g\000\040\000t\000r\000\354\000n\000h\000\040\000\050\000N\000u\000m\000e\000r\000i\000c\000a\000l\000\040\000S\000o\000l\000v\000e\000r\000s\000\051}{chapter.8}% 182
\BOOKMARK [2][-]{subsection.8.3.1}{\376\377\000G\000i\036\243\000i\000\040\000p\000h\001\260\001\241\000n\000g\000\040\000t\000r\000\354\000n\000h\000\040\000M\036\331\000t\000\040\036\251\000n\000\040\000\050\0001\000D\000\040\000R\000o\000o\000t\000\040\000F\000i\000n\000d\000i\000n\000g\000\051}{section.8.3}% 183
\BOOKMARK [2][-]{subsection.8.3.2}{\376\377\000G\000i\036\243\000i\000\040\000H\036\307\000\040\000p\000h\001\260\001\241\000n\000g\000\040\000t\000r\000\354\000n\000h\000\040\000P\000h\000i\000\040\000t\000u\000y\036\277\000n\000\040\000\050\0002\000D\000\040\000E\000q\000u\000a\000t\000i\000o\000n\000\040\000S\000y\000s\000t\000e\000m\000s\000\051}{section.8.3}% 184
\BOOKMARK [2][-]{subsection.8.3.3}{\376\377\000T\000\355\000c\000h\000\040\000h\036\343\000p\000\040\000t\000r\000o\000n\000g\000\040\000C\000h\000u\000\040\000t\000r\000\354\000n\000h\000\040\000S\000u\000y\000\040\000d\000i\036\305\000n\000\040\000\050\000I\000n\000f\000e\000r\000e\000n\000c\000e\000\040\000I\000n\000t\000e\000g\000r\000a\000t\000i\000o\000n\000\051}{section.8.3}% 185
\BOOKMARK [1][-]{section.8.4}{\376\377\000K\000i\036\303\000m\000\040\000c\000h\036\351\000n\000g\000\040\000R\000\340\000n\000g\000\040\000b\000u\036\331\000c\000\040\000v\000\340\000\040\000T\000r\000u\000y\000\040\000v\036\277\000t\000\040\000S\000u\000y\000\040\000d\000i\036\305\000n\000\040\000\050\000V\000a\000l\000i\000d\000a\000t\000i\000o\000n\000\040\000\046\000\040\000T\000r\000a\000c\000e\000s\000\051}{chapter.8}% 186
\BOOKMARK [2][-]{subsection.8.4.1}{\376\377\000K\000i\036\303\000m\000\040\000c\000h\036\351\000n\000g\000\040\000R\000\340\000n\000g\000\040\000b\000u\036\331\000c\000\040\000T\000o\000\340\000n\000\040\000v\036\271\000n\000\040\000\050\000I\000n\000t\000e\000g\000r\000i\000t\000y\000\040\000C\000o\000n\000s\000t\000r\000a\000i\000n\000t\000s\000\051}{section.8.4}% 187
\BOOKMARK [2][-]{subsection.8.4.2}{\376\377\000T\000r\000u\000y\000\040\000v\036\277\000t\000\040\000S\000u\000y\000\040\000d\000i\036\305\000n\000\040\000\050\000D\000e\000r\000i\000v\000a\000t\000i\000o\000n\000\040\000T\000r\000a\000c\000e\000a\000b\000i\000l\000i\000t\000y\000\051}{section.8.4}% 188
\BOOKMARK [2][-]{subsection.8.4.3}{\376\377\000Q\000u\036\243\000n\000\040\000l\000\375\000\040\000N\000g\036\357\000\040\000c\036\243\000n\000h\000\040\000v\000\340\000\040\000P\000h\000\342\000n\000\040\000c\036\245\000p\000\040\000\050\000C\000o\000n\000t\000e\000x\000t\000u\000a\000l\000\040\000H\000i\000e\000r\000a\000r\000c\000h\000y\000\051}{section.8.4}% 189
\BOOKMARK [0][-]{chapter.9}{\376\377\000G\000I\000A\000O\000\040\000T\000H\036\350\000C\000\040\000M\036\240\000N\000G\000\040\000V\000\300\000\040\000T\000R\000U\000Y\036\300\000N\000\040\000T\036\242\000I\000\040\000D\036\356\000\040\000L\000I\036\306\000U}{}% 190
\BOOKMARK [1][-]{section.9.1}{\376\377\000G\000i\000a\000o\000\040\000t\000h\036\351\000c\000\040\000T\000r\000u\000y\036\301\000n\000\040\000t\036\243\000i\000\040\000D\036\357\000\040\000l\000i\036\307\000u\000\040\000n\000h\036\313\000\040\000p\000h\000\342\000n}{chapter.9}% 191
\BOOKMARK [2][-]{subsection.9.1.1}{\376\377\000C\036\245\000u\000\040\000t\000r\000\372\000c\000\040\000G\000\363\000i\000\040\000t\000i\000n}{section.9.1}% 192
\BOOKMARK [2][-]{subsection.9.1.2}{\376\377\000D\000a\000n\000h\000\040\000m\036\345\000c\000\040\000L\000o\036\241\000i\000\040\000t\000h\000\364\000n\000g\000\040\001\021\000i\036\307\000p}{section.9.1}% 193
\BOOKMARK [2][-]{subsection.9.1.3}{\376\377\000Q\000u\000y\000\040\000t\000r\000\354\000n\000h\000\040\000T\000r\000a\000o\000\040\001\021\036\325\000i\000\040\000\050\000H\000a\000n\000d\000s\000h\000a\000k\000e\000\040\000\046\000\040\000Q\000u\000e\000r\000y\000\040\000F\000l\000o\000w\000\051}{section.9.1}% 194
\BOOKMARK [2][-]{subsection.9.1.4}{\376\377\000B\036\243\000o\000\040\000m\036\255\000t\000\040\000t\036\241\000i\000\040\000t\036\247\000n\000g\000\040\000T\000r\000u\000y\036\301\000n\000\040\000t\036\243\000i}{section.9.1}% 195
\BOOKMARK [2][-]{subsection.9.1.5}{\376\377\000V\000\362\000n\000g\000\040\001\021\036\335\000i\000\040\000c\036\347\000a\000\040\000m\036\331\000t\000\040\000T\000r\000u\000y\000\040\000v\036\245\000n}{section.9.1}% 196
\BOOKMARK [2][-]{subsection.9.1.6}{\376\377\000L\000u\036\323\000n\000g\000\040\000x\036\355\000\040\000l\000\375\000\040\000P\000a\000c\000k\000e\000t}{section.9.1}% 197
\BOOKMARK [2][-]{subsection.9.1.7}{\376\377\000P\000h\000\342\000n\000\040\000t\000\355\000c\000h\000\040\000T\036\353\000\040\000v\036\361\000n\000g}{section.9.1}% 198
\BOOKMARK [2][-]{subsection.9.1.8}{\376\377\000P\000h\000\342\000n\000\040\000t\000\355\000c\000h\000\040\000C\000\372\000\040\000p\000h\000\341\000p\000\040\000\050\000P\000a\000r\000s\000e\000r\000\040\000\046\000\040\000A\000S\000T\000\051}{section.9.1}% 199
\BOOKMARK [2][-]{subsection.9.1.9}{\376\377\000T\000h\036\361\000c\000\040\000t\000h\000i\000\040\000v\000\340\000\040\000C\036\245\000p\000\040\000p\000h\000\341\000t}{section.9.1}% 200
\BOOKMARK [2][-]{subsection.9.1.10}{\376\377\000L\036\255\000p\000\040\000k\036\277\000\040\000h\000o\036\241\000c\000h\000\040\000T\000h\036\361\000c\000\040\000t\000h\000i\000\040\000\050\000Q\000u\000e\000r\000y\000\040\000E\000x\000e\000c\000u\000t\000i\000o\000n\000\040\000P\000l\000a\000n\000\051}{section.9.1}% 201
\BOOKMARK [2][-]{subsection.9.1.11}{\376\377\000V\000\355\000\040\000d\036\345\000\040\000l\000u\036\323\000n\000g\000\040\000x\036\355\000\040\000l\000\375\000\040\000t\000h\036\361\000c\000\040\000t\036\277}{section.9.1}% 202
\BOOKMARK [2][-]{subsection.9.1.12}{\376\377\000K\036\277\000\040\000h\000o\036\241\000c\000h\000\040\000T\000r\000i\036\303\000n\000\040\000k\000h\000a\000i\000\040\000M\000\343\000\040\000N\000g\000u\036\323\000n\000\040\000B\000a\000c\000k\000e\000n\000d}{section.9.1}% 203
\BOOKMARK [1][-]{section.9.2}{\376\377\000X\000\341\000c\000\040\000t\000h\036\361\000c\000\040\000G\000i\000a\000o\000\040\000t\000h\036\351\000c}{chapter.9}% 204
\BOOKMARK [2][-]{subsection.9.2.1}{\376\377\000K\000i\036\303\000m\000\040\000t\000h\036\355\000\040\000G\000\363\000i\000\040\000t\000i\000n\000\040\000N\000h\036\313\000\040\000p\000h\000\342\000n}{section.9.2}% 205
\BOOKMARK [2][-]{subsection.9.2.2}{\376\377\000K\000i\036\303\000m\000\040\000t\000h\036\355\000\040\000T\036\243\000i\000\040\000K\036\277\000t\000\040\000n\036\321\000i\000\040\000\050\000C\000o\000n\000c\000u\000r\000r\000e\000n\000c\000y\000\040\000P\000r\000o\000o\000f\000\051}{section.9.2}% 206
\BOOKMARK [0][-]{chapter.10}{\376\377\000H\036\306\000\040\000T\000H\036\320\000N\000G\000\040\000M\000\301\000Y\000\040\000C\000H\036\346\000\040\000V\000\300\000\040\000Q\000U\036\242\000N\000\040\000T\000R\036\312\000\040\000T\000\300\000I\000\040\000N\000G\000U\000Y\000\312\000N}{}% 207
\BOOKMARK [1][-]{section.10.1}{\376\377\000K\000i\036\277\000n\000\040\000t\000r\000\372\000c\000\040\001\020\000i\036\301\000u\000\040\000p\000h\036\321\000i\000\040\000v\000\340\000\040\000Q\000u\036\243\000n\000\040\000t\000r\036\313\000\040\000H\036\307\000\040\000t\000h\036\321\000n\000g\000\040\000\050\000O\000r\000c\000h\000e\000s\000t\000r\000a\000t\000i\000o\000n\000\040\000\046\000\040\000M\000a\000n\000a\000g\000e\000m\000e\000n\000t\000\051}{chapter.10}% 208
\BOOKMARK [2][-]{subsection.10.1.1}{\376\377\000M\000\364\000\040\000h\000\354\000n\000h\000\040\000X\036\355\000\040\000l\000\375\000\040\000L\000u\036\323\000n\000g\000\040\000B\036\245\000t\000\040\001\021\036\323\000n\000g\000\040\000b\036\331\000\040\000\050\000T\000A\000P\000\040\000P\000a\000t\000t\000e\000r\000n\000\051}{section.10.1}% 209
\BOOKMARK [2][-]{subsection.10.1.2}{\376\377\000Q\000u\036\243\000n\000\040\000l\000\375\000\040\000P\000h\000i\000\352\000n\000\040\000v\000\340\000\040\000K\036\277\000t\000\040\000n\036\321\000i\000\040\000\050\000S\000e\000s\000s\000i\000o\000n\000\040\000M\000a\000n\000a\000g\000e\000m\000e\000n\000t\000\051}{section.10.1}% 210
\BOOKMARK [2][-]{subsection.10.1.3}{\376\377\000Q\000u\036\243\000n\000\040\000t\000r\036\313\000\040\000H\036\307\000\040\000t\000h\036\321\000n\000g\000\040\000b\036\261\000n\000g\000\040\000T\000r\000i\000\040\000t\000h\036\351\000c\000\040\000\050\000S\000y\000s\000t\000e\000m\000\040\000K\000B\000\051}{section.10.1}% 211
\BOOKMARK [2][-]{subsection.10.1.4}{\376\377\000P\000h\000\342\000n\000\040\000t\000\355\000c\000h\000\040\000H\036\307\000\040\000t\000h\036\321\000n\000g\000\040\000t\000h\000\364\000n\000g\000\040\000q\000u\000a\000\040\000K\000B\000Q\000L}{section.10.1}% 212
\BOOKMARK [1][-]{section.10.2}{\376\377\000K\000i\036\277\000n\000\040\000t\000r\000\372\000c\000\040\000B\036\331\000\040\000n\000\343\000o\000\040\001\020\000i\036\301\000u\000\040\000p\000h\036\321\000i}{chapter.10}% 213
\BOOKMARK [2][-]{subsection.10.2.1}{\376\377\000C\001\241\000\040\000c\000h\036\277\000\040\000B\036\331\000\040\000h\036\241\000\040\000l\036\307\000n\000h\000\040\000\050\000T\000h\000e\000\040\000D\000i\000s\000p\000a\000t\000c\000h\000e\000r\000\051}{section.10.2}% 214
\BOOKMARK [2][-]{subsection.10.2.2}{\376\377\000C\000\341\000c\000\040\000C\000\364\000n\000g\000\040\000n\000g\000h\036\307\000\040\000L\000i\000\352\000n\000\040\000k\036\277\000t\000\040\000T\000r\000i\000\040\000t\000h\036\351\000c}{section.10.2}% 215
\BOOKMARK [2][-]{subsection.10.2.3}{\376\377\000Q\000u\036\243\000n\000\040\000l\000\375\000\040\000G\000i\000a\000o\000\040\000d\036\313\000c\000h}{section.10.2}% 216
\BOOKMARK [1][-]{section.10.3}{\376\377\000B\036\331\000\040\000t\036\321\000i\000\040\001\260\000u\000\040\000h\000\363\000a\000\040\000T\000r\000u\000y\000\040\000v\036\245\000n\000\040\000d\036\361\000a\000\040\000t\000r\000\352\000n\000\040\000C\000h\000i\000\040\000p\000h\000\355\000\040\000\050\000Q\000u\000e\000r\000y\000\040\000O\000p\000t\000i\000m\000i\000z\000e\000r\000\051}{chapter.10}% 217
\BOOKMARK [2][-]{subsection.10.3.1}{\376\377\000V\000a\000i\000\040\000t\000r\000\362\000\040\000t\000r\000o\000n\000g\000\040\000K\000i\036\277\000n\000\040\000t\000r\000\372\000c\000\040\000S\000e\000r\000v\000e\000r}{section.10.3}% 218
\BOOKMARK [2][-]{subsection.10.3.2}{\376\377\000M\000\364\000\040\000h\000\354\000n\000h\000\040\001\257\036\333\000c\000\040\000l\001\260\036\343\000n\000g\000\040\000C\000h\000i\000\040\000p\000h\000\355\000\040\000\050\000C\000o\000s\000t\000-\000B\000a\000s\000e\000d\000\040\000M\000o\000d\000e\000l\000\051}{section.10.3}% 219
\BOOKMARK [2][-]{subsection.10.3.3}{\376\377\000K\000h\000u\000n\000g\000\040\000t\000h\036\361\000c\000\040\000t\000h\000i\000\040\000V\000o\000l\000c\000a\000n\000o\000\040\000\050\000E\000x\000e\000c\000u\000t\000i\000o\000n\000\040\000P\000i\000p\000e\000l\000i\000n\000e\000\051}{section.10.3}% 220
\BOOKMARK [2][-]{subsection.10.3.4}{\376\377\000H\000i\036\307\000u\000\040\000n\001\003\000n\000g\000\040\001\020\036\313\000n\000h\000\040\000l\001\260\036\343\000n\000g}{section.10.3}% 221
\BOOKMARK [1][-]{section.10.4}{\376\377\000H\036\241\000\040\000t\036\247\000n\000g\000\040\000V\0003}{chapter.10}% 222
\BOOKMARK [2][-]{subsection.10.4.1}{\376\377\000C\001\241\000\040\000c\000h\036\277\000\040\000T\036\361\000\040\000n\036\241\000p\000\040\000H\036\307\000\040\000t\000h\036\321\000n\000g\000\040\000\050\000S\000y\000s\000t\000e\000m\000\040\000B\000o\000o\000t\000s\000t\000r\000a\000p\000p\000e\000r\000\051}{section.10.4}% 223
\BOOKMARK [2][-]{subsection.10.4.2}{\376\377\000C\000\341\000c\000\040\000D\000a\000n\000h\000\040\000m\036\345\000c\000\040\000C\000h\000u\000y\000\352\000n\000\040\000b\000i\036\307\000t}{section.10.4}% 224
\BOOKMARK [2][-]{subsection.10.4.3}{\376\377\000H\036\307\000\040\000t\000h\036\321\000n\000g\000\040\000C\036\255\000p\000\040\000n\000h\036\255\000t\000\040\000\046\000\040\000D\000i\000\040\000t\000r\000\372}{section.10.4}% 225
\BOOKMARK [1][-]{section.10.5}{\376\377\000Q\000u\036\243\000n\000\040\000t\000r\036\313\000\040\000\046\000\040\001\020\000o\000\040\000l\001\260\036\335\000n\000g\000\040\000t\036\353\000\040\000x\000a}{chapter.10}% 226
\BOOKMARK [2][-]{subsection.10.5.1}{\376\377\000G\000i\000\341\000m\000\040\000s\000\341\000t\000\040\000H\036\307\000\040\000t\000h\036\321\000n\000g}{section.10.5}% 227
\BOOKMARK [2][-]{subsection.10.5.2}{\376\377\000H\036\307\000\040\000t\000h\036\321\000n\000g\000\040\000N\000h\036\255\000t\000\040\000k\000\375\000\040\000L\000u\036\323\000n\000g\000\040\000\050\000L\000i\000v\000e\000\040\000L\000o\000g\000\040\000S\000t\000r\000e\000a\000m\000i\000n\000g\000\051}{section.10.5}% 228
\BOOKMARK [2][-]{subsection.10.5.3}{\376\377\000L\036\307\000n\000h\000\040\000Q\000u\036\243\000n\000\040\000t\000r\036\313\000\040\000T\036\321\000i\000\040\000c\000a\000o}{section.10.5}% 229
\BOOKMARK [1][-]{section.10.6}{\376\377\000X\000\341\000c\000\040\000t\000h\036\361\000c\000\040\000M\000\341\000y\000\040\000c\000h\036\347}{chapter.10}% 230
\BOOKMARK [2][-]{subsection.10.6.1}{\376\377\000K\000i\036\303\000m\000\040\000t\000h\036\355\000\040\000K\000h\036\337\000i\000\040\001\021\036\331\000n\000g}{section.10.6}% 231
\BOOKMARK [2][-]{subsection.10.6.2}{\376\377\000K\000i\036\303\000m\000\040\000t\000h\036\355\000\040\000T\000\355\000c\000h\000\040\000h\036\343\000p\000\040\001\020\000a\000\040\000l\000u\036\323\000n\000g}{section.10.6}% 232
\BOOKMARK [2][-]{subsection.10.6.3}{\376\377\000X\000\341\000c\000\040\000t\000h\036\361\000c\000\040\000B\036\243\000o\000\040\000m\036\255\000t\000\040\000\050\000S\000e\000c\000u\000r\000i\000t\000y\000\040\000\046\000\040\000R\000B\000A\000C\000\051}{section.10.6}% 233
\BOOKMARK [0][-]{chapter.11}{\376\377\000B\036\330\000\040\000P\000H\000\302\000N\000\040\000T\000\315\000C\000H\000\040\000C\000\332\000\040\000P\000H\000\301\000P\000\040\000V\000\300\000\040\000T\000R\000\314\000N\000H\000\040\000B\000I\000\312\000N\000\040\000D\036\312\000C\000H}{}% 234
\BOOKMARK [1][-]{section.11.1}{\376\377\000L\000e\000x\000i\000n\000g\000:\000\040\000P\000h\000\342\000n\000\040\000t\000\355\000c\000h\000\040\000T\036\353\000\040\000v\036\361\000n\000g\000\040\000c\000h\000u\000y\000\352\000n\000\040\000s\000\342\000u}{chapter.11}% 235
\BOOKMARK [2][-]{subsection.11.1.1}{\376\377\000C\001\241\000\040\000c\000h\036\277\000\040\000Q\000u\000\351\000t}{section.11.1}% 236
\BOOKMARK [2][-]{subsection.11.1.2}{\376\377\000X\036\355\000\040\000l\000\375\000\040\000c\000\341\000c\000\040\000H\036\261\000n\000g\000\040\000s\036\321}{section.11.1}% 237
\BOOKMARK [2][-]{subsection.11.1.3}{\376\377\000Q\000u\036\243\000n\000\040\000l\000\375\000\040\000T\036\353\000\040\000k\000h\000\363\000a}{section.11.1}% 238
\BOOKMARK [1][-]{section.11.2}{\376\377\000T\036\247\000n\000g\000\040\000P\000a\000r\000s\000e\000r\000:\000\040\000C\001\241\000\040\000c\000h\036\277\000\040\001\020\036\307\000\040\000q\000u\000y\000\040\001\020\000i\000\040\000x\000u\036\321\000n\000g}{chapter.11}% 239
\BOOKMARK [2][-]{subsection.11.2.1}{\376\377\000C\001\241\000\040\000c\000h\036\277\000\040\001\020\000i\036\301\000u\000\040\000h\001\260\036\333\000n\000g}{section.11.2}% 240
\BOOKMARK [2][-]{subsection.11.2.2}{\376\377\000K\036\371\000\040\000t\000h\000u\036\255\000t\000\040\000D\036\361\000\040\001\021\000o\000\341\000n\000\040\000\046\000\040\000T\000i\000\352\000u\000\040\000t\000h\036\345}{section.11.2}% 241
\BOOKMARK [2][-]{subsection.11.2.3}{\376\377\000P\000h\000\342\000n\000\040\000t\000\355\000c\000h\000\040\000K\000h\036\321\000i\000\040\000L\036\307\000n\000h\000\040\000p\000h\036\351\000c\000\040\000t\036\241\000p}{section.11.2}% 242
\BOOKMARK [1][-]{section.11.3}{\376\377\000H\036\307\000\040\000t\000h\036\321\000n\000g\000\040\000C\000\342\000y\000\040\000c\000\372\000\040\000p\000h\000\341\000p\000\040\000T\000r\036\353\000u\000\040\000t\001\260\036\343\000n\000g\000\040\000\050\000A\000S\000T\000\040\000[\000A\0000\0005\000]\000\040\000N\000o\000d\000e\000s\000\051}{chapter.11}% 243
\BOOKMARK [2][-]{subsection.11.3.1}{\376\377\000H\036\307\000\040\000p\000h\036\243\000\040\000[\000K\000D\000L\000\040\000[\000K\0000\0004\000]\000]}{section.11.3}% 244
\BOOKMARK [2][-]{subsection.11.3.2}{\376\377\000H\036\307\000\040\000p\000h\036\243\000\040\000K\000Q\000L\000\040\000[\000K\0000\0006\000]\000\040\000\046\000\040\000[\000K\000M\000L\000\040\000[\000K\0000\0005\000]\000]}{section.11.3}% 245
\BOOKMARK [2][-]{subsection.11.3.3}{\376\377\000H\036\307\000\040\000p\000h\036\243\000\040\000K\000C\000L\000\040\000[\000K\0000\0002\000]\000\040\000\046\000\040\000[\000T\000C\000L\000\040\000[\000T\0000\0002\000]\000]}{section.11.3}% 246
\BOOKMARK [2][-]{subsection.11.3.4}{\376\377\001\020\036\267\000c\000\040\001\021\000i\036\303\000m\000\040\000c\000h\000u\000n\000g\000\040\000c\036\347\000a\000\040\000m\036\315\000i\000\040\000N\000o\000d\000e}{section.11.3}% 247
\BOOKMARK [1][-]{section.11.4}{\376\377\000B\036\331\000\040\000m\000\341\000y\000\040\001\020\000\341\000n\000h\000\040\000g\000i\000\341\000\040\000B\000i\036\303\000u\000\040\000t\000h\036\351\000c}{chapter.11}% 248
\BOOKMARK [2][-]{subsection.11.4.1}{\376\377\000P\000h\000\342\000n\000\040\000t\000\355\000c\000h\000\040\000B\000i\036\303\000u\000\040\000t\000h\036\351\000c\000\040\000N\000h\036\313\000\040\000p\000h\000\342\000n}{section.11.4}% 249
\BOOKMARK [2][-]{subsection.11.4.2}{\376\377\000C\000\341\000c\000\040\001\020\001\241\000n\000\040\000v\036\313\000\040\000B\000i\036\303\000u\000\040\000t\000h\036\351\000c\000\040\000C\036\321\000t\000\040\000l\000\365\000i}{section.11.4}% 250
\BOOKMARK [2][-]{subsection.11.4.3}{\376\377\000X\036\355\000\040\000l\000\375\000\040\000B\000i\036\303\000u\000\040\000t\000h\036\351\000c\000\040\001\020\001\241\000n\000\040\000p\000h\000\342\000n}{section.11.4}% 251
\BOOKMARK [1][-]{section.11.5}{\376\377\000X\000\341\000c\000\040\000t\000h\036\361\000c\000\040\000B\036\331\000\040\000b\000i\000\352\000n\000\040\000d\036\313\000c\000h\000\040\000\050\000P\000a\000r\000s\000e\000r\000\040\000V\000a\000l\000i\000d\000a\000t\000i\000o\000n\000\051}{chapter.11}% 252
\BOOKMARK [2][-]{subsection.11.5.1}{\376\377\000T\000h\036\321\000n\000g\000\040\000k\000\352\000\040\001\020\036\331\000\040\000b\000a\000o\000\040\000p\000h\036\347\000\040\000T\000e\000s\000t\000i\000n\000g}{section.11.5}% 253
\BOOKMARK [2][-]{subsection.11.5.2}{\376\377\001\020\036\267\000c\000\040\000t\036\243\000\040\000L\036\327\000i\000\040\000C\000\372\000\040\000p\000h\000\341\000p}{section.11.5}% 254
\BOOKMARK [0][-]{chapter.12}{\376\377\000G\000I\000A\000O\000\040\000D\000I\036\306\000N\000\040\000D\000\322\000N\000G\000\040\000L\036\306\000N\000H\000\040\000\050\000C\000L\000I\000\051}{}% 255
\BOOKMARK [1][-]{section.12.1}{\376\377\000T\036\325\000n\000g\000\040\000q\000u\000a\000n\000\040\000G\000i\000a\000o\000\040\000d\000i\036\307\000n\000\040\000D\000\362\000n\000g\000\040\000l\036\307\000n\000h}{chapter.12}% 256
\BOOKMARK [2][-]{subsection.12.1.1}{\376\377\000C\000\341\000c\000\040\000T\000\355\000n\000h\000\040\000n\001\003\000n\000g\000\040\000C\000h\000\355\000n\000h}{section.12.1}% 257
\BOOKMARK [2][-]{subsection.12.1.2}{\376\377\000C\000\341\000c\000\040\000L\036\307\000n\000h\000\040\000H\036\307\000\040\000t\000h\036\321\000n\000g\000\040\001\020\036\267\000c\000\040\000b\000i\036\307\000t}{section.12.1}% 258
\BOOKMARK [2][-]{subsection.12.1.3}{\376\377\000T\000r\036\243\000i\000\040\000n\000g\000h\000i\036\307\000m\000\040\000n\000g\001\260\036\335\000i\000\040\000d\000\371\000n\000g}{section.12.1}% 259
\BOOKMARK [1][-]{section.12.2}{\376\377\000L\000u\036\323\000n\000g\000\040\000X\036\355\000\040\000l\000\375\000\040\000D\036\357\000\040\000l\000i\036\307\000u}{chapter.12}% 260
\BOOKMARK [2][-]{subsection.12.2.1}{\376\377\000L\000u\036\323\000n\000g\000\040\000G\036\355\000i\000\040\000l\036\307\000n\000h}{section.12.2}% 261
\BOOKMARK [2][-]{subsection.12.2.2}{\376\377\000B\036\331\000\040\000m\000\341\000y\000\040\000P\000h\000\342\000n\000\040\000t\000\355\000c\000h\000\040\000P\000h\036\243\000n\000\040\000h\036\323\000i}{section.12.2}% 262
\BOOKMARK [2][-]{subsection.12.2.3}{\376\377\000C\000h\036\277\000\040\001\021\036\331\000\040\000C\000h\036\241\000y\000\040\000S\000c\000r\000i\000p\000t\000\040\000\050\000B\000a\000t\000c\000h\000\040\000S\000o\000u\000r\000c\000e\000\051}{section.12.2}% 263
\BOOKMARK [2][-]{subsection.12.2.4}{\376\377\001\020\000a\000\040\000l\000u\036\323\000n\000g\000\040\000\046\000\040\000K\036\277\000t\000\040\000n\036\321\000i}{section.12.2}% 264
\BOOKMARK [1][-]{section.12.3}{\376\377\000C\000\341\000c\000\040\000T\000r\001\260\036\335\000n\000g\000\040\000h\036\343\000p\000\040\000S\036\355\000\040\000d\036\345\000n\000g}{chapter.12}% 265
\BOOKMARK [2][-]{subsection.12.3.1}{\376\377\000K\036\313\000c\000h\000\040\000b\036\243\000n\000\040\0001\000:\000\040\000P\000h\000\342\000n\000\040\000t\000\355\000c\000h\000\040\000C\036\245\000u\000\040\000t\000r\000\372\000c}{section.12.3}% 266
\BOOKMARK [2][-]{subsection.12.3.2}{\376\377\000K\036\313\000c\000h\000\040\000b\036\243\000n\000\040\0002\000:\000\040\000T\036\361\000\040\001\021\036\331\000n\000g\000\040\000h\000\363\000a\000\040\000N\036\241\000p\000\040\000T\000r\000i\000\040\000t\000h\036\351\000c}{section.12.3}% 267
\BOOKMARK [2][-]{subsection.12.3.3}{\376\377\000K\036\313\000c\000h\000\040\000b\036\243\000n\000\040\0003\000:\000\040\000K\000i\036\303\000m\000\040\000t\000r\000a\000\040\000K\036\277\000t\000\040\000n\036\321\000i\000\040\000\046\000\040\000A\000n\000\040\000n\000i\000n\000h}{section.12.3}% 268
\BOOKMARK [1][-]{section.12.4}{\376\377\000X\000\341\000c\000\040\000t\000h\036\361\000c\000\040\000C\000L\000I\000\040\000\050\000C\000L\000I\000\040\000V\000a\000l\000i\000d\000a\000t\000i\000o\000n\000\051}{chapter.12}% 269
\BOOKMARK [2][-]{subsection.12.4.1}{\376\377\000K\000i\036\303\000m\000\040\000t\000h\036\355\000\040\000P\000h\000i\000\352\000n\000\040\000l\000\340\000m\000\040\000v\000i\036\307\000c}{section.12.4}% 270
\BOOKMARK [2][-]{subsection.12.4.2}{\376\377\000K\000i\036\303\000m\000\040\000t\000h\036\355\000\040\001\020\036\313\000n\000h\000\040\000d\036\241\000n\000g\000\040\000K\036\277\000t\000\040\000q\000u\036\243}{section.12.4}% 271
\BOOKMARK [0][-]{chapter.13}{\376\377\000M\000\324\000I\000\040\000T\000R\001\257\036\334\000N\000G\000\040\000P\000H\000\301\000T\000\040\000T\000R\000I\036\302\000N\000\040\000K\000B\000M\000S\000\040\000S\000T\000U\000D\000I\000O}{}% 272
\BOOKMARK [1][-]{section.13.1}{\376\377\000T\036\325\000n\000g\000\040\000q\000u\000a\000n\000\040\000\046\000\040\000T\000\355\000n\000h\000\040\000n\001\003\000n\000g\000\040\000K\000B\000M\000S}{chapter.13}% 273
\BOOKMARK [2][-]{subsection.13.1.1}{\376\377\000C\000\341\000c\000\040\000P\000h\000\342\000n\000\040\000h\036\307\000\040\000C\036\321\000t\000\040\000l\000\365\000i}{section.13.1}% 274
\BOOKMARK [2][-]{subsection.13.1.2}{\376\377\000T\000i\000\352\000u\000\040\000c\000h\000u\036\251\000n\000\040\000G\000i\000a\000o\000\040\000d\000i\036\307\000n}{section.13.1}% 275
\BOOKMARK [1][-]{section.13.2}{\376\377\000K\000i\036\277\000n\000\040\000t\000r\000\372\000c\000\040\0004\000\040\000T\036\247\000n\000g\000\040\000\046\000\040\000L\000u\036\323\000n\000g\000\040\000X\036\355\000\040\000l\000\375\000\040\000C\000h\000i\000\040\000t\000i\036\277\000t}{chapter.13}% 276
\BOOKMARK [2][-]{subsection.13.2.1}{\376\377\000S\001\241\000\040\001\021\036\323\000\040\000L\000u\036\323\000n\000g\000\040\000x\036\355\000\040\000l\000\375\000\040\0004\000\040\000T\036\247\000n\000g}{section.13.2}% 277
\BOOKMARK [2][-]{subsection.13.2.2}{\376\377\001\020\036\267\000c\000\040\000t\036\243\000\040\000c\000\341\000c\000\040\000T\036\247\000n\000g}{section.13.2}% 278
\BOOKMARK [2][-]{subsection.13.2.3}{\376\377\000L\000u\036\323\000n\000g\000\040\000T\000h\000\364\000n\000g\000\040\000b\000\341\000o\000\040\000T\000h\036\335\000i\000\040\000g\000i\000a\000n\000\040\000t\000h\036\361\000c}{section.13.2}% 279
\BOOKMARK [2][-]{subsection.13.2.4}{\376\377\000Q\000u\000y\000\040\000t\000r\000\354\000n\000h\000\040\001\020\001\003\000n\000g\000\040\000n\000h\036\255\000p}{section.13.2}% 280
\BOOKMARK [1][-]{section.13.3}{\376\377\000C\000\341\000c\000\040\000T\000r\001\260\036\335\000n\000g\000\040\000h\036\343\000p\000\040\000S\036\355\000\040\000d\036\345\000n\000g\000\040\000S\000t\000u\000d\000i\000o}{chapter.13}% 281
\BOOKMARK [2][-]{subsection.13.3.1}{\376\377\000K\036\313\000c\000h\000\040\000b\036\243\000n\000\040\0001\000:\000\040\000T\000h\000i\036\277\000t\000\040\000k\036\277\000\040\000B\036\243\000n\000\040\001\021\036\323\000\040\000T\000r\000i\000\040\000t\000h\036\351\000c\000\040\000H\000\354\000n\000h\000\040\000h\036\315\000c\000\040\000\050\000K\000D\000L\000\040\000D\000e\000s\000i\000g\000n\000\051}{section.13.3}% 282
\BOOKMARK [2][-]{subsection.13.3.2}{\376\377\000K\036\313\000c\000h\000\040\000b\036\243\000n\000\040\0002\000:\000\040\000G\000i\036\243\000i\000\040\000t\000o\000\341\000n\000\040\000T\036\361\000\040\001\021\036\331\000n\000g}{section.13.3}% 283
\BOOKMARK [2][-]{subsection.13.3.3}{\376\377\000K\036\313\000c\000h\000\040\000b\036\243\000n\000\040\0003\000:\000\040\000Q\000u\036\243\000n\000\040\000t\000r\036\313\000\040\000H\036\307\000\040\000t\000h\036\321\000n\000g}{section.13.3}% 284
\BOOKMARK [2][-]{subsection.13.3.4}{\376\377\000K\036\313\000c\000h\000\040\000b\036\243\000n\000\040\0004\000:\000\040\000G\000i\000\341\000m\000\040\000s\000\341\000t\000\040\000A\000n\000\040\000n\000i\000n\000h\000\040\000\046\000\040\000P\000h\000i\000\352\000n\000\040\000l\000\340\000m\000\040\000v\000i\036\307\000c}{section.13.3}% 285
\BOOKMARK [2][-]{subsection.13.3.5}{\376\377\000K\036\313\000c\000h\000\040\000b\036\243\000n\000\040\0005\000:\000\040\000P\000h\000\342\000n\000\040\000t\000\355\000c\000h\000\040\000N\000h\036\255\000t\000\040\000k\000\375\000\040\000C\000h\000u\000y\000\352\000n\000\040\000s\000\342\000u}{section.13.3}% 286
\BOOKMARK [2][-]{subsection.13.3.6}{\376\377\000T\036\325\000n\000g\000\040\000k\036\277\000t\000\040\000G\000i\000\341\000\040\000t\000r\036\313}{section.13.3}% 287
\BOOKMARK [1][-]{section.13.4}{\376\377\000X\000\341\000c\000\040\000t\000h\036\361\000c\000\040\000S\000t\000u\000d\000i\000o}{chapter.13}% 288
\BOOKMARK [2][-]{subsection.13.4.1}{\376\377\000K\000i\036\303\000m\000\040\000t\000h\036\355\000\040\000I\000n\000t\000e\000l\000l\000i\000S\000e\000n\000s\000e\000\040\000\046\000\040\001\020\036\323\000\040\000h\036\315\000a}{section.13.4}% 289
\BOOKMARK [2][-]{subsection.13.4.2}{\376\377\000K\000i\036\303\000m\000\040\000t\000h\036\355\000\040\000G\000i\000\341\000m\000\040\000s\000\341\000t\000\040\000\046\000\040\000Q\000u\036\243\000n\000\040\000l\000\375}{section.13.4}% 290
\BOOKMARK [0][-]{chapter.14}{\376\377\000C\000\300\000I\000\040\001\020\036\266\000T\000,\000\040\000K\000I\036\302\000M\000\040\000T\000H\036\354\000\040\000V\000\300\000\040\001\020\000\301\000N\000H\000\040\000G\000I\000\301\000\040\000H\000I\036\306\000U\000\040\000N\001\002\000N\000G}{}% 291
\BOOKMARK [1][-]{section.14.1}{\376\377\000H\001\260\036\333\000n\000g\000\040\000d\036\253\000n\000\040\000C\000\340\000i\000\040\001\021\036\267\000t\000\040\000\046\000\040\000T\000r\000i\036\303\000n\000\040\000k\000h\000a\000i}{chapter.14}% 292
\BOOKMARK [2][-]{subsection.14.1.1}{\376\377\000Y\000\352\000u\000\040\000c\036\247\000u\000\040\000T\000i\000\352\000n\000\040\000q\000u\000y\036\277\000t}{section.14.1}% 293
\BOOKMARK [2][-]{subsection.14.1.2}{\376\377\000C\000\340\000i\000\040\001\021\036\267\000t\000\040\000t\000r\000\352\000n\000\040\000W\000i\000n\000d\000o\000w\000s\000\040\0001\0000\000/\0001\0001}{section.14.1}% 294
\BOOKMARK [1][-]{section.14.2}{\376\377\000C\000\340\000i\000\040\001\021\036\267\000t\000\040\000d\000e\000p\000e\000n\000d\000e\000n\000c\000i\000e\000s}{chapter.14}% 295
\BOOKMARK [2][-]{subsection.14.2.1}{\376\377\000X\000\341\000c\000\040\000t\000h\036\361\000c\000\040\000C\000\340\000i\000\040\001\021\036\267\000t}{section.14.2}% 296
\BOOKMARK [1][-]{section.14.3}{\376\377\000K\036\313\000c\000h\000\040\000b\036\243\000n\000\040\000K\000i\036\303\000m\000\040\000t\000h\036\355\000\040\000H\036\307\000\040\000t\000h\036\321\000n\000g}{chapter.14}% 297
\BOOKMARK [2][-]{subsection.14.3.1}{\376\377\000M\000\364\000i\000\040\000t\000r\001\260\036\335\000n\000g\000\040\000C\036\245\000u\000\040\000h\000\354\000n\000h}{section.14.3}% 298
\BOOKMARK [2][-]{subsection.14.3.2}{\376\377\000K\036\277\000t\000\040\000q\000u\036\243\000\040\0001\0002\000\040\000K\036\313\000c\000h\000\040\000b\036\243\000n\000\040\000t\000i\000\352\000u\000\040\000c\000h\000u\036\251\000n}{section.14.3}% 299
\BOOKMARK [2][-]{subsection.14.3.3}{\376\377\000T\036\325\000n\000g\000\040\000h\036\343\000p\000\040\000K\036\277\000t\000\040\000q\000u\036\243\000\040\000K\000i\036\303\000m\000\040\000t\000h\036\355\000\040\000T\000o\000\340\000n\000\040\000h\036\307\000\040\000t\000h\036\321\000n\000g}{section.14.3}% 300
\BOOKMARK [1][-]{section.14.4}{\376\377\001\020\000\341\000n\000h\000\040\000g\000i\000\341\000\040\000H\000i\036\307\000u\000\040\000n\001\003\000n\000g}{chapter.14}% 301
\BOOKMARK [2][-]{subsection.14.4.1}{\376\377\000H\000i\036\307\000u\000\040\000n\001\003\000n\000g\000\040\000t\000h\000e\000o\000\040\000T\036\247\000n\000g\000\040\000K\000i\036\277\000n\000\040\000t\000r\000\372\000c}{section.14.4}% 302
\BOOKMARK [2][-]{subsection.14.4.2}{\376\377\000H\000i\036\307\000u\000\040\000n\001\003\000n\000g\000\040\000T\000r\000u\000y\000\040\000v\036\245\000n\000\040\000K\000h\036\321\000i\000\040\000l\001\260\036\343\000n\000g}{section.14.4}% 303
\BOOKMARK [2][-]{subsection.14.4.3}{\376\377\000N\000h\036\255\000t\000\040\000k\000\375\000\040\000X\000\341\000c\000\040\000t\000h\036\361\000c\000\040\000H\000i\036\307\000u\000\040\000n\001\003\000n\000g}{section.14.4}% 304
\BOOKMARK [1][-]{section.14.5}{\376\377\000C\000\341\000c\000\040\000B\036\331\000\040\000D\036\357\000\040\000l\000i\036\307\000u\000\040\000K\000i\036\303\000m\000\040\000t\000h\036\355}{chapter.14}% 305
\BOOKMARK [2][-]{subsection.14.5.1}{\376\377\000D\000a\000n\000h\000\040\000s\000\341\000c\000h\000\040\000D\000a\000t\000a\000s\000e\000t\000s\000\040\000C\000h\000u\036\251\000n}{section.14.5}% 306
\BOOKMARK [2][-]{subsection.14.5.2}{\376\377\000C\000h\000i\000\040\000t\000i\036\277\000t\000\040\000B\036\331\000\040\000d\036\357\000\040\000l\000i\036\307\000u\000\040\000t\000r\036\315\000n\000g\000\040\000t\000\342\000m\000:\000\040\000'\000'\000C\000h\000a\000r\000l\000i\000e\000'\000'}{section.14.5}% 307
\BOOKMARK [2][-]{subsection.14.5.3}{\376\377\000N\000h\036\255\000t\000\040\000k\000\375\000\040\000L\000o\000g\000i\000c\000\040\000s\000u\000y\000\040\000d\000i\036\305\000n}{section.14.5}% 308
\BOOKMARK [0][-]{figure.caption.245}{\376\377\000T\000\300\000I\000\040\000L\000I\036\306\000U\000\040\000T\000H\000A\000M\000\040\000K\000H\036\242\000O}{}% 309
